ARM GAS  C:\Users\Svilen\AppData\Local\Temp\ccRCa2h9.s 			page 1


   1              		.cpu cortex-m0
   2              		.fpu softvfp
   3              		.eabi_attribute 20, 1
   4              		.eabi_attribute 21, 1
   5              		.eabi_attribute 23, 3
   6              		.eabi_attribute 24, 1
   7              		.eabi_attribute 25, 1
   8              		.eabi_attribute 26, 1
   9              		.eabi_attribute 30, 1
  10              		.eabi_attribute 34, 0
  11              		.eabi_attribute 18, 4
  12              		.code	16
  13              		.file	"Btns.c"
  14              		.text
  15              	.Ltext0:
  16              		.cfi_sections	.debug_frame
  17              		.section	.text.Btns_SetDriveMode,"ax",%progbits
  18              		.align	2
  19              		.global	Btns_SetDriveMode
  20              		.code	16
  21              		.thumb_func
  22              		.type	Btns_SetDriveMode, %function
  23              	Btns_SetDriveMode:
  24              	.LFB0:
  25              		.file 1 ".\\Generated_Source\\PSoC4\\Btns.c"
   1:.\Generated_Source\PSoC4/Btns.c **** /*******************************************************************************
   2:.\Generated_Source\PSoC4/Btns.c **** * File Name: Btns.c  
   3:.\Generated_Source\PSoC4/Btns.c **** * Version 2.20
   4:.\Generated_Source\PSoC4/Btns.c **** *
   5:.\Generated_Source\PSoC4/Btns.c **** * Description:
   6:.\Generated_Source\PSoC4/Btns.c **** *  This file contains API to enable firmware control of a Pins component.
   7:.\Generated_Source\PSoC4/Btns.c **** *
   8:.\Generated_Source\PSoC4/Btns.c **** ********************************************************************************
   9:.\Generated_Source\PSoC4/Btns.c **** * Copyright 2008-2015, Cypress Semiconductor Corporation.  All rights reserved.
  10:.\Generated_Source\PSoC4/Btns.c **** * You may use this file only in accordance with the license, terms, conditions, 
  11:.\Generated_Source\PSoC4/Btns.c **** * disclaimers, and limitations in the end user license agreement accompanying 
  12:.\Generated_Source\PSoC4/Btns.c **** * the software package with which this file was provided.
  13:.\Generated_Source\PSoC4/Btns.c **** *******************************************************************************/
  14:.\Generated_Source\PSoC4/Btns.c **** 
  15:.\Generated_Source\PSoC4/Btns.c **** #include "cytypes.h"
  16:.\Generated_Source\PSoC4/Btns.c **** #include "Btns.h"
  17:.\Generated_Source\PSoC4/Btns.c **** 
  18:.\Generated_Source\PSoC4/Btns.c **** 
  19:.\Generated_Source\PSoC4/Btns.c **** #if defined(Btns__PC)
  20:.\Generated_Source\PSoC4/Btns.c ****     #define Btns_SetP4PinDriveMode(shift, mode)  \
  21:.\Generated_Source\PSoC4/Btns.c ****     do { \
  22:.\Generated_Source\PSoC4/Btns.c ****         Btns_PC =   (Btns_PC & \
  23:.\Generated_Source\PSoC4/Btns.c ****                                 (uint32)(~(uint32)(Btns_DRIVE_MODE_IND_MASK << \
  24:.\Generated_Source\PSoC4/Btns.c ****                                 (Btns_DRIVE_MODE_BITS * (shift))))) | \
  25:.\Generated_Source\PSoC4/Btns.c ****                                 (uint32)((uint32)(mode) << \
  26:.\Generated_Source\PSoC4/Btns.c ****                                 (Btns_DRIVE_MODE_BITS * (shift))); \
  27:.\Generated_Source\PSoC4/Btns.c ****     } while (0)
  28:.\Generated_Source\PSoC4/Btns.c **** #else
  29:.\Generated_Source\PSoC4/Btns.c ****     #if (CY_PSOC4_4200L)
  30:.\Generated_Source\PSoC4/Btns.c ****         #define Btns_SetP4PinDriveMode(shift, mode)  \
  31:.\Generated_Source\PSoC4/Btns.c ****         do { \
  32:.\Generated_Source\PSoC4/Btns.c ****             Btns_USBIO_CTRL_REG = (Btns_USBIO_CTRL_REG & \
ARM GAS  C:\Users\Svilen\AppData\Local\Temp\ccRCa2h9.s 			page 2


  33:.\Generated_Source\PSoC4/Btns.c ****                                     (uint32)(~(uint32)(Btns_DRIVE_MODE_IND_MASK << \
  34:.\Generated_Source\PSoC4/Btns.c ****                                     (Btns_DRIVE_MODE_BITS * (shift))))) | \
  35:.\Generated_Source\PSoC4/Btns.c ****                                     (uint32)((uint32)(mode) << \
  36:.\Generated_Source\PSoC4/Btns.c ****                                     (Btns_DRIVE_MODE_BITS * (shift))); \
  37:.\Generated_Source\PSoC4/Btns.c ****         } while (0)
  38:.\Generated_Source\PSoC4/Btns.c ****     #endif
  39:.\Generated_Source\PSoC4/Btns.c **** #endif
  40:.\Generated_Source\PSoC4/Btns.c ****   
  41:.\Generated_Source\PSoC4/Btns.c **** 
  42:.\Generated_Source\PSoC4/Btns.c **** #if defined(Btns__PC) || (CY_PSOC4_4200L) 
  43:.\Generated_Source\PSoC4/Btns.c ****     /*******************************************************************************
  44:.\Generated_Source\PSoC4/Btns.c ****     * Function Name: Btns_SetDriveMode
  45:.\Generated_Source\PSoC4/Btns.c ****     ****************************************************************************//**
  46:.\Generated_Source\PSoC4/Btns.c ****     *
  47:.\Generated_Source\PSoC4/Btns.c ****     * \brief Sets the drive mode for each of the Pins component's pins.
  48:.\Generated_Source\PSoC4/Btns.c ****     * 
  49:.\Generated_Source\PSoC4/Btns.c ****     * <b>Note</b> This affects all pins in the Pins component instance. Use the
  50:.\Generated_Source\PSoC4/Btns.c ****     * Per-Pin APIs if you wish to control individual pin's drive modes.
  51:.\Generated_Source\PSoC4/Btns.c ****     *
  52:.\Generated_Source\PSoC4/Btns.c ****     * <b>Note</b> USBIOs have limited drive functionality. Refer to the Drive Mode
  53:.\Generated_Source\PSoC4/Btns.c ****     * parameter for more information.
  54:.\Generated_Source\PSoC4/Btns.c ****     *
  55:.\Generated_Source\PSoC4/Btns.c ****     * \param mode
  56:.\Generated_Source\PSoC4/Btns.c ****     *  Mode for the selected signals. Valid options are documented in 
  57:.\Generated_Source\PSoC4/Btns.c ****     *  \ref driveMode.
  58:.\Generated_Source\PSoC4/Btns.c ****     *
  59:.\Generated_Source\PSoC4/Btns.c ****     * \return
  60:.\Generated_Source\PSoC4/Btns.c ****     *  None
  61:.\Generated_Source\PSoC4/Btns.c ****     *
  62:.\Generated_Source\PSoC4/Btns.c ****     * \sideeffect
  63:.\Generated_Source\PSoC4/Btns.c ****     *  If you use read-modify-write operations that are not atomic, the ISR can
  64:.\Generated_Source\PSoC4/Btns.c ****     *  cause corruption of this function. An ISR that interrupts this function 
  65:.\Generated_Source\PSoC4/Btns.c ****     *  and performs writes to the Pins component Drive Mode registers can cause 
  66:.\Generated_Source\PSoC4/Btns.c ****     *  corrupted port data. To avoid this issue, you should either use the Per-Pin
  67:.\Generated_Source\PSoC4/Btns.c ****     *  APIs (primary method) or disable interrupts around this function.
  68:.\Generated_Source\PSoC4/Btns.c ****     *
  69:.\Generated_Source\PSoC4/Btns.c ****     * \funcusage
  70:.\Generated_Source\PSoC4/Btns.c ****     *  \snippet Btns_SUT.c usage_Btns_SetDriveMode
  71:.\Generated_Source\PSoC4/Btns.c ****     *******************************************************************************/
  72:.\Generated_Source\PSoC4/Btns.c ****     void Btns_SetDriveMode(uint8 mode)
  73:.\Generated_Source\PSoC4/Btns.c ****     {
  26              		.loc 1 73 0
  27              		.cfi_startproc
  28              	.LVL0:
  74:.\Generated_Source\PSoC4/Btns.c **** 		Btns_SetP4PinDriveMode(Btns__0__SHIFT, mode);
  29              		.loc 1 74 0
  30 0000 094B     		ldr	r3, .L2
  31 0002 1A68     		ldr	r2, [r3]
  32 0004 0721     		mov	r1, #7
  33 0006 8A43     		bic	r2, r1
  34 0008 0243     		orr	r2, r0
  35 000a 1A60     		str	r2, [r3]
  75:.\Generated_Source\PSoC4/Btns.c **** 		Btns_SetP4PinDriveMode(Btns__1__SHIFT, mode);
  36              		.loc 1 75 0
  37 000c 1A68     		ldr	r2, [r3]
  38 000e 3131     		add	r1, r1, #49
  39 0010 8A43     		bic	r2, r1
ARM GAS  C:\Users\Svilen\AppData\Local\Temp\ccRCa2h9.s 			page 3


  40 0012 C100     		lsl	r1, r0, #3
  41 0014 0A43     		orr	r2, r1
  42 0016 1A60     		str	r2, [r3]
  76:.\Generated_Source\PSoC4/Btns.c **** 		Btns_SetP4PinDriveMode(Btns__2__SHIFT, mode);
  43              		.loc 1 76 0
  44 0018 1968     		ldr	r1, [r3]
  45 001a 044A     		ldr	r2, .L2+4
  46 001c 0A40     		and	r2, r1
  47 001e 8001     		lsl	r0, r0, #6
  48              	.LVL1:
  49 0020 1043     		orr	r0, r2
  50 0022 1860     		str	r0, [r3]
  77:.\Generated_Source\PSoC4/Btns.c ****     }
  51              		.loc 1 77 0
  52              		@ sp needed
  53 0024 7047     		bx	lr
  54              	.L3:
  55 0026 C046     		.align	2
  56              	.L2:
  57 0028 08010440 		.word	1074004232
  58 002c 3FFEFFFF 		.word	-449
  59              		.cfi_endproc
  60              	.LFE0:
  61              		.size	Btns_SetDriveMode, .-Btns_SetDriveMode
  62              		.section	.text.Btns_Write,"ax",%progbits
  63              		.align	2
  64              		.global	Btns_Write
  65              		.code	16
  66              		.thumb_func
  67              		.type	Btns_Write, %function
  68              	Btns_Write:
  69              	.LFB1:
  78:.\Generated_Source\PSoC4/Btns.c **** #endif
  79:.\Generated_Source\PSoC4/Btns.c **** 
  80:.\Generated_Source\PSoC4/Btns.c **** 
  81:.\Generated_Source\PSoC4/Btns.c **** /*******************************************************************************
  82:.\Generated_Source\PSoC4/Btns.c **** * Function Name: Btns_Write
  83:.\Generated_Source\PSoC4/Btns.c **** ****************************************************************************//**
  84:.\Generated_Source\PSoC4/Btns.c **** *
  85:.\Generated_Source\PSoC4/Btns.c **** * \brief Writes the value to the physical port (data output register), masking
  86:.\Generated_Source\PSoC4/Btns.c **** *  and shifting the bits appropriately. 
  87:.\Generated_Source\PSoC4/Btns.c **** *
  88:.\Generated_Source\PSoC4/Btns.c **** * The data output register controls the signal applied to the physical pin in 
  89:.\Generated_Source\PSoC4/Btns.c **** * conjunction with the drive mode parameter. This function avoids changing 
  90:.\Generated_Source\PSoC4/Btns.c **** * other bits in the port by using the appropriate method (read-modify-write or
  91:.\Generated_Source\PSoC4/Btns.c **** * bit banding).
  92:.\Generated_Source\PSoC4/Btns.c **** *
  93:.\Generated_Source\PSoC4/Btns.c **** * <b>Note</b> This function should not be used on a hardware digital output pin 
  94:.\Generated_Source\PSoC4/Btns.c **** * as it is driven by the hardware signal attached to it.
  95:.\Generated_Source\PSoC4/Btns.c **** *
  96:.\Generated_Source\PSoC4/Btns.c **** * \param value
  97:.\Generated_Source\PSoC4/Btns.c **** *  Value to write to the component instance.
  98:.\Generated_Source\PSoC4/Btns.c **** *
  99:.\Generated_Source\PSoC4/Btns.c **** * \return 
 100:.\Generated_Source\PSoC4/Btns.c **** *  None 
 101:.\Generated_Source\PSoC4/Btns.c **** *
 102:.\Generated_Source\PSoC4/Btns.c **** * \sideeffect
ARM GAS  C:\Users\Svilen\AppData\Local\Temp\ccRCa2h9.s 			page 4


 103:.\Generated_Source\PSoC4/Btns.c **** *  If you use read-modify-write operations that are not atomic; the Interrupt 
 104:.\Generated_Source\PSoC4/Btns.c **** *  Service Routines (ISR) can cause corruption of this function. An ISR that 
 105:.\Generated_Source\PSoC4/Btns.c **** *  interrupts this function and performs writes to the Pins component data 
 106:.\Generated_Source\PSoC4/Btns.c **** *  register can cause corrupted port data. To avoid this issue, you should 
 107:.\Generated_Source\PSoC4/Btns.c **** *  either use the Per-Pin APIs (primary method) or disable interrupts around 
 108:.\Generated_Source\PSoC4/Btns.c **** *  this function.
 109:.\Generated_Source\PSoC4/Btns.c **** *
 110:.\Generated_Source\PSoC4/Btns.c **** * \funcusage
 111:.\Generated_Source\PSoC4/Btns.c **** *  \snippet Btns_SUT.c usage_Btns_Write
 112:.\Generated_Source\PSoC4/Btns.c **** *******************************************************************************/
 113:.\Generated_Source\PSoC4/Btns.c **** void Btns_Write(uint8 value)
 114:.\Generated_Source\PSoC4/Btns.c **** {
  70              		.loc 1 114 0
  71              		.cfi_startproc
  72              	.LVL2:
  73 0000 031C     		mov	r3, r0
 115:.\Generated_Source\PSoC4/Btns.c ****     uint8 drVal = (uint8)(Btns_DR & (uint8)(~Btns_MASK));
  74              		.loc 1 115 0
  75 0002 0449     		ldr	r1, .L5
  76 0004 0868     		ldr	r0, [r1]
  77              	.LVL3:
  78 0006 F822     		mov	r2, #248
  79 0008 0240     		and	r2, r0
  80              	.LVL4:
 116:.\Generated_Source\PSoC4/Btns.c ****     drVal = (drVal | ((uint8)(value << Btns_SHIFT) & Btns_MASK));
  81              		.loc 1 116 0
  82 000a 0720     		mov	r0, #7
  83 000c 1840     		and	r0, r3
  84 000e 1043     		orr	r0, r2
  85              	.LVL5:
 117:.\Generated_Source\PSoC4/Btns.c ****     Btns_DR = (uint32)drVal;
  86              		.loc 1 117 0
  87 0010 0860     		str	r0, [r1]
 118:.\Generated_Source\PSoC4/Btns.c **** }
  88              		.loc 1 118 0
  89              		@ sp needed
  90 0012 7047     		bx	lr
  91              	.L6:
  92              		.align	2
  93              	.L5:
  94 0014 00010440 		.word	1074004224
  95              		.cfi_endproc
  96              	.LFE1:
  97              		.size	Btns_Write, .-Btns_Write
  98              		.section	.text.Btns_Read,"ax",%progbits
  99              		.align	2
 100              		.global	Btns_Read
 101              		.code	16
 102              		.thumb_func
 103              		.type	Btns_Read, %function
 104              	Btns_Read:
 105              	.LFB2:
 119:.\Generated_Source\PSoC4/Btns.c **** 
 120:.\Generated_Source\PSoC4/Btns.c **** 
 121:.\Generated_Source\PSoC4/Btns.c **** /*******************************************************************************
 122:.\Generated_Source\PSoC4/Btns.c **** * Function Name: Btns_Read
 123:.\Generated_Source\PSoC4/Btns.c **** ****************************************************************************//**
ARM GAS  C:\Users\Svilen\AppData\Local\Temp\ccRCa2h9.s 			page 5


 124:.\Generated_Source\PSoC4/Btns.c **** *
 125:.\Generated_Source\PSoC4/Btns.c **** * \brief Reads the associated physical port (pin status register) and masks 
 126:.\Generated_Source\PSoC4/Btns.c **** *  the required bits according to the width and bit position of the component
 127:.\Generated_Source\PSoC4/Btns.c **** *  instance. 
 128:.\Generated_Source\PSoC4/Btns.c **** *
 129:.\Generated_Source\PSoC4/Btns.c **** * The pin's status register returns the current logic level present on the 
 130:.\Generated_Source\PSoC4/Btns.c **** * physical pin.
 131:.\Generated_Source\PSoC4/Btns.c **** *
 132:.\Generated_Source\PSoC4/Btns.c **** * \return 
 133:.\Generated_Source\PSoC4/Btns.c **** *  The current value for the pins in the component as a right justified number.
 134:.\Generated_Source\PSoC4/Btns.c **** *
 135:.\Generated_Source\PSoC4/Btns.c **** * \funcusage
 136:.\Generated_Source\PSoC4/Btns.c **** *  \snippet Btns_SUT.c usage_Btns_Read  
 137:.\Generated_Source\PSoC4/Btns.c **** *******************************************************************************/
 138:.\Generated_Source\PSoC4/Btns.c **** uint8 Btns_Read(void)
 139:.\Generated_Source\PSoC4/Btns.c **** {
 106              		.loc 1 139 0
 107              		.cfi_startproc
 140:.\Generated_Source\PSoC4/Btns.c ****     return (uint8)((Btns_PS & Btns_MASK) >> Btns_SHIFT);
 108              		.loc 1 140 0
 109 0000 024B     		ldr	r3, .L8
 110 0002 1868     		ldr	r0, [r3]
 111 0004 0723     		mov	r3, #7
 112 0006 1840     		and	r0, r3
 141:.\Generated_Source\PSoC4/Btns.c **** }
 113              		.loc 1 141 0
 114              		@ sp needed
 115 0008 7047     		bx	lr
 116              	.L9:
 117 000a C046     		.align	2
 118              	.L8:
 119 000c 04010440 		.word	1074004228
 120              		.cfi_endproc
 121              	.LFE2:
 122              		.size	Btns_Read, .-Btns_Read
 123              		.section	.text.Btns_ReadDataReg,"ax",%progbits
 124              		.align	2
 125              		.global	Btns_ReadDataReg
 126              		.code	16
 127              		.thumb_func
 128              		.type	Btns_ReadDataReg, %function
 129              	Btns_ReadDataReg:
 130              	.LFB3:
 142:.\Generated_Source\PSoC4/Btns.c **** 
 143:.\Generated_Source\PSoC4/Btns.c **** 
 144:.\Generated_Source\PSoC4/Btns.c **** /*******************************************************************************
 145:.\Generated_Source\PSoC4/Btns.c **** * Function Name: Btns_ReadDataReg
 146:.\Generated_Source\PSoC4/Btns.c **** ****************************************************************************//**
 147:.\Generated_Source\PSoC4/Btns.c **** *
 148:.\Generated_Source\PSoC4/Btns.c **** * \brief Reads the associated physical port's data output register and masks 
 149:.\Generated_Source\PSoC4/Btns.c **** *  the correct bits according to the width and bit position of the component 
 150:.\Generated_Source\PSoC4/Btns.c **** *  instance. 
 151:.\Generated_Source\PSoC4/Btns.c **** *
 152:.\Generated_Source\PSoC4/Btns.c **** * The data output register controls the signal applied to the physical pin in 
 153:.\Generated_Source\PSoC4/Btns.c **** * conjunction with the drive mode parameter. This is not the same as the 
 154:.\Generated_Source\PSoC4/Btns.c **** * preferred Btns_Read() API because the 
 155:.\Generated_Source\PSoC4/Btns.c **** * Btns_ReadDataReg() reads the data register instead of the status 
ARM GAS  C:\Users\Svilen\AppData\Local\Temp\ccRCa2h9.s 			page 6


 156:.\Generated_Source\PSoC4/Btns.c **** * register. For output pins this is a useful function to determine the value 
 157:.\Generated_Source\PSoC4/Btns.c **** * just written to the pin.
 158:.\Generated_Source\PSoC4/Btns.c **** *
 159:.\Generated_Source\PSoC4/Btns.c **** * \return 
 160:.\Generated_Source\PSoC4/Btns.c **** *  The current value of the data register masked and shifted into a right 
 161:.\Generated_Source\PSoC4/Btns.c **** *  justified number for the component instance.
 162:.\Generated_Source\PSoC4/Btns.c **** *
 163:.\Generated_Source\PSoC4/Btns.c **** * \funcusage
 164:.\Generated_Source\PSoC4/Btns.c **** *  \snippet Btns_SUT.c usage_Btns_ReadDataReg 
 165:.\Generated_Source\PSoC4/Btns.c **** *******************************************************************************/
 166:.\Generated_Source\PSoC4/Btns.c **** uint8 Btns_ReadDataReg(void)
 167:.\Generated_Source\PSoC4/Btns.c **** {
 131              		.loc 1 167 0
 132              		.cfi_startproc
 168:.\Generated_Source\PSoC4/Btns.c ****     return (uint8)((Btns_DR & Btns_MASK) >> Btns_SHIFT);
 133              		.loc 1 168 0
 134 0000 024B     		ldr	r3, .L11
 135 0002 1868     		ldr	r0, [r3]
 136 0004 0723     		mov	r3, #7
 137 0006 1840     		and	r0, r3
 169:.\Generated_Source\PSoC4/Btns.c **** }
 138              		.loc 1 169 0
 139              		@ sp needed
 140 0008 7047     		bx	lr
 141              	.L12:
 142 000a C046     		.align	2
 143              	.L11:
 144 000c 00010440 		.word	1074004224
 145              		.cfi_endproc
 146              	.LFE3:
 147              		.size	Btns_ReadDataReg, .-Btns_ReadDataReg
 148              		.section	.text.Btns_SetInterruptMode,"ax",%progbits
 149              		.align	2
 150              		.global	Btns_SetInterruptMode
 151              		.code	16
 152              		.thumb_func
 153              		.type	Btns_SetInterruptMode, %function
 154              	Btns_SetInterruptMode:
 155              	.LFB4:
 170:.\Generated_Source\PSoC4/Btns.c **** 
 171:.\Generated_Source\PSoC4/Btns.c **** 
 172:.\Generated_Source\PSoC4/Btns.c **** /*******************************************************************************
 173:.\Generated_Source\PSoC4/Btns.c **** * Function Name: Btns_SetInterruptMode
 174:.\Generated_Source\PSoC4/Btns.c **** ****************************************************************************//**
 175:.\Generated_Source\PSoC4/Btns.c **** *
 176:.\Generated_Source\PSoC4/Btns.c **** * \brief Configures the interrupt mode for each of the Pins component's
 177:.\Generated_Source\PSoC4/Btns.c **** *  pins. Alternatively you may set the interrupt mode for all the pins
 178:.\Generated_Source\PSoC4/Btns.c **** *  specified in the Pins component.
 179:.\Generated_Source\PSoC4/Btns.c **** *
 180:.\Generated_Source\PSoC4/Btns.c **** *  <b>Note</b> The interrupt is port-wide and therefore any enabled pin
 181:.\Generated_Source\PSoC4/Btns.c **** *  interrupt may trigger it.
 182:.\Generated_Source\PSoC4/Btns.c **** *
 183:.\Generated_Source\PSoC4/Btns.c **** * \param position
 184:.\Generated_Source\PSoC4/Btns.c **** *  The pin position as listed in the Pins component. You may OR these to be 
 185:.\Generated_Source\PSoC4/Btns.c **** *  able to configure the interrupt mode of multiple pins within a Pins 
 186:.\Generated_Source\PSoC4/Btns.c **** *  component. Or you may use Btns_INTR_ALL to configure the
 187:.\Generated_Source\PSoC4/Btns.c **** *  interrupt mode of all the pins in the Pins component.       
ARM GAS  C:\Users\Svilen\AppData\Local\Temp\ccRCa2h9.s 			page 7


 188:.\Generated_Source\PSoC4/Btns.c **** *  - Btns_0_INTR       (First pin in the list)
 189:.\Generated_Source\PSoC4/Btns.c **** *  - Btns_1_INTR       (Second pin in the list)
 190:.\Generated_Source\PSoC4/Btns.c **** *  - ...
 191:.\Generated_Source\PSoC4/Btns.c **** *  - Btns_INTR_ALL     (All pins in Pins component)
 192:.\Generated_Source\PSoC4/Btns.c **** *
 193:.\Generated_Source\PSoC4/Btns.c **** * \param mode
 194:.\Generated_Source\PSoC4/Btns.c **** *  Interrupt mode for the selected pins. Valid options are documented in
 195:.\Generated_Source\PSoC4/Btns.c **** *  \ref intrMode.
 196:.\Generated_Source\PSoC4/Btns.c **** *
 197:.\Generated_Source\PSoC4/Btns.c **** * \return 
 198:.\Generated_Source\PSoC4/Btns.c **** *  None
 199:.\Generated_Source\PSoC4/Btns.c **** *  
 200:.\Generated_Source\PSoC4/Btns.c **** * \sideeffect
 201:.\Generated_Source\PSoC4/Btns.c **** *  It is recommended that the interrupt be disabled before calling this 
 202:.\Generated_Source\PSoC4/Btns.c **** *  function to avoid unintended interrupt requests. Note that the interrupt
 203:.\Generated_Source\PSoC4/Btns.c **** *  type is port wide, and therefore will trigger for any enabled pin on the 
 204:.\Generated_Source\PSoC4/Btns.c **** *  port.
 205:.\Generated_Source\PSoC4/Btns.c **** *
 206:.\Generated_Source\PSoC4/Btns.c **** * \funcusage
 207:.\Generated_Source\PSoC4/Btns.c **** *  \snippet Btns_SUT.c usage_Btns_SetInterruptMode
 208:.\Generated_Source\PSoC4/Btns.c **** *******************************************************************************/
 209:.\Generated_Source\PSoC4/Btns.c **** void Btns_SetInterruptMode(uint16 position, uint16 mode)
 210:.\Generated_Source\PSoC4/Btns.c **** {
 156              		.loc 1 210 0
 157              		.cfi_startproc
 158              	.LVL6:
 211:.\Generated_Source\PSoC4/Btns.c ****     uint32 intrCfg;
 212:.\Generated_Source\PSoC4/Btns.c ****     
 213:.\Generated_Source\PSoC4/Btns.c ****     intrCfg =  Btns_INTCFG & (uint32)(~(uint32)position);
 159              		.loc 1 213 0
 160 0000 034A     		ldr	r2, .L14
 161 0002 1368     		ldr	r3, [r2]
 162 0004 8343     		bic	r3, r0
 163              	.LVL7:
 214:.\Generated_Source\PSoC4/Btns.c ****     Btns_INTCFG = intrCfg | ((uint32)position & (uint32)mode);
 164              		.loc 1 214 0
 165 0006 0140     		and	r1, r0
 166              	.LVL8:
 167 0008 1943     		orr	r1, r3
 168 000a 1160     		str	r1, [r2]
 215:.\Generated_Source\PSoC4/Btns.c **** }
 169              		.loc 1 215 0
 170              		@ sp needed
 171 000c 7047     		bx	lr
 172              	.L15:
 173 000e C046     		.align	2
 174              	.L14:
 175 0010 0C010440 		.word	1074004236
 176              		.cfi_endproc
 177              	.LFE4:
 178              		.size	Btns_SetInterruptMode, .-Btns_SetInterruptMode
 179              		.section	.text.Btns_ClearInterrupt,"ax",%progbits
 180              		.align	2
 181              		.global	Btns_ClearInterrupt
 182              		.code	16
 183              		.thumb_func
 184              		.type	Btns_ClearInterrupt, %function
ARM GAS  C:\Users\Svilen\AppData\Local\Temp\ccRCa2h9.s 			page 8


 185              	Btns_ClearInterrupt:
 186              	.LFB5:
 216:.\Generated_Source\PSoC4/Btns.c **** 
 217:.\Generated_Source\PSoC4/Btns.c **** 
 218:.\Generated_Source\PSoC4/Btns.c **** /*******************************************************************************
 219:.\Generated_Source\PSoC4/Btns.c **** * Function Name: Btns_ClearInterrupt
 220:.\Generated_Source\PSoC4/Btns.c **** ****************************************************************************//**
 221:.\Generated_Source\PSoC4/Btns.c **** *
 222:.\Generated_Source\PSoC4/Btns.c **** * \brief Clears any active interrupts attached with the component and returns 
 223:.\Generated_Source\PSoC4/Btns.c **** *  the value of the interrupt status register allowing determination of which
 224:.\Generated_Source\PSoC4/Btns.c **** *  pins generated an interrupt event.
 225:.\Generated_Source\PSoC4/Btns.c **** *
 226:.\Generated_Source\PSoC4/Btns.c **** * \return 
 227:.\Generated_Source\PSoC4/Btns.c **** *  The right-shifted current value of the interrupt status register. Each pin 
 228:.\Generated_Source\PSoC4/Btns.c **** *  has one bit set if it generated an interrupt event. For example, bit 0 is 
 229:.\Generated_Source\PSoC4/Btns.c **** *  for pin 0 and bit 1 is for pin 1 of the Pins component.
 230:.\Generated_Source\PSoC4/Btns.c **** *  
 231:.\Generated_Source\PSoC4/Btns.c **** * \sideeffect
 232:.\Generated_Source\PSoC4/Btns.c **** *  Clears all bits of the physical port's interrupt status register, not just
 233:.\Generated_Source\PSoC4/Btns.c **** *  those associated with the Pins component.
 234:.\Generated_Source\PSoC4/Btns.c **** *
 235:.\Generated_Source\PSoC4/Btns.c **** * \funcusage
 236:.\Generated_Source\PSoC4/Btns.c **** *  \snippet Btns_SUT.c usage_Btns_ClearInterrupt
 237:.\Generated_Source\PSoC4/Btns.c **** *******************************************************************************/
 238:.\Generated_Source\PSoC4/Btns.c **** uint8 Btns_ClearInterrupt(void)
 239:.\Generated_Source\PSoC4/Btns.c **** {
 187              		.loc 1 239 0
 188              		.cfi_startproc
 240:.\Generated_Source\PSoC4/Btns.c **** 	uint8 maskedStatus = (uint8)(Btns_INTSTAT & Btns_MASK);
 189              		.loc 1 240 0
 190 0000 024A     		ldr	r2, .L17
 191 0002 1068     		ldr	r0, [r2]
 192 0004 0723     		mov	r3, #7
 193 0006 1840     		and	r0, r3
 194              	.LVL9:
 241:.\Generated_Source\PSoC4/Btns.c **** 	Btns_INTSTAT = maskedStatus;
 195              		.loc 1 241 0
 196 0008 1060     		str	r0, [r2]
 242:.\Generated_Source\PSoC4/Btns.c ****     return maskedStatus >> Btns_SHIFT;
 243:.\Generated_Source\PSoC4/Btns.c **** }
 197              		.loc 1 243 0
 198              		@ sp needed
 199 000a 7047     		bx	lr
 200              	.L18:
 201              		.align	2
 202              	.L17:
 203 000c 10010440 		.word	1074004240
 204              		.cfi_endproc
 205              	.LFE5:
 206              		.size	Btns_ClearInterrupt, .-Btns_ClearInterrupt
 207              		.text
 208              	.Letext0:
 209              		.file 2 ".\\Generated_Source\\PSoC4\\cytypes.h"
 210              		.section	.debug_info,"",%progbits
 211              	.Ldebug_info0:
 212 0000 97010000 		.4byte	0x197
 213 0004 0400     		.2byte	0x4
ARM GAS  C:\Users\Svilen\AppData\Local\Temp\ccRCa2h9.s 			page 9


 214 0006 00000000 		.4byte	.Ldebug_abbrev0
 215 000a 04       		.byte	0x4
 216 000b 01       		.uleb128 0x1
 217 000c 4C010000 		.4byte	.LASF28
 218 0010 01       		.byte	0x1
 219 0011 0C010000 		.4byte	.LASF29
 220 0015 72000000 		.4byte	.LASF30
 221 0019 00000000 		.4byte	.Ldebug_ranges0+0
 222 001d 00000000 		.4byte	0
 223 0021 00000000 		.4byte	.Ldebug_line0
 224 0025 02       		.uleb128 0x2
 225 0026 01       		.byte	0x1
 226 0027 06       		.byte	0x6
 227 0028 0F020000 		.4byte	.LASF0
 228 002c 02       		.uleb128 0x2
 229 002d 01       		.byte	0x1
 230 002e 08       		.byte	0x8
 231 002f 32000000 		.4byte	.LASF1
 232 0033 02       		.uleb128 0x2
 233 0034 02       		.byte	0x2
 234 0035 05       		.byte	0x5
 235 0036 DA010000 		.4byte	.LASF2
 236 003a 02       		.uleb128 0x2
 237 003b 02       		.byte	0x2
 238 003c 07       		.byte	0x7
 239 003d 58000000 		.4byte	.LASF3
 240 0041 02       		.uleb128 0x2
 241 0042 04       		.byte	0x4
 242 0043 05       		.byte	0x5
 243 0044 F2010000 		.4byte	.LASF4
 244 0048 02       		.uleb128 0x2
 245 0049 04       		.byte	0x4
 246 004a 07       		.byte	0x7
 247 004b 46000000 		.4byte	.LASF5
 248 004f 02       		.uleb128 0x2
 249 0050 08       		.byte	0x8
 250 0051 05       		.byte	0x5
 251 0052 2C010000 		.4byte	.LASF6
 252 0056 02       		.uleb128 0x2
 253 0057 08       		.byte	0x8
 254 0058 07       		.byte	0x7
 255 0059 E5000000 		.4byte	.LASF7
 256 005d 03       		.uleb128 0x3
 257 005e 04       		.byte	0x4
 258 005f 05       		.byte	0x5
 259 0060 696E7400 		.ascii	"int\000"
 260 0064 02       		.uleb128 0x2
 261 0065 04       		.byte	0x4
 262 0066 07       		.byte	0x7
 263 0067 C7000000 		.4byte	.LASF8
 264 006b 04       		.uleb128 0x4
 265 006c EC010000 		.4byte	.LASF9
 266 0070 02       		.byte	0x2
 267 0071 9801     		.2byte	0x198
 268 0073 2C000000 		.4byte	0x2c
 269 0077 04       		.uleb128 0x4
 270 0078 9E000000 		.4byte	.LASF10
ARM GAS  C:\Users\Svilen\AppData\Local\Temp\ccRCa2h9.s 			page 10


 271 007c 02       		.byte	0x2
 272 007d 9901     		.2byte	0x199
 273 007f 3A000000 		.4byte	0x3a
 274 0083 04       		.uleb128 0x4
 275 0084 AE000000 		.4byte	.LASF11
 276 0088 02       		.byte	0x2
 277 0089 9A01     		.2byte	0x19a
 278 008b 48000000 		.4byte	0x48
 279 008f 02       		.uleb128 0x2
 280 0090 04       		.byte	0x4
 281 0091 04       		.byte	0x4
 282 0092 16000000 		.4byte	.LASF12
 283 0096 02       		.uleb128 0x2
 284 0097 08       		.byte	0x8
 285 0098 04       		.byte	0x4
 286 0099 6B000000 		.4byte	.LASF13
 287 009d 02       		.uleb128 0x2
 288 009e 01       		.byte	0x1
 289 009f 08       		.byte	0x8
 290 00a0 47010000 		.4byte	.LASF14
 291 00a4 04       		.uleb128 0x4
 292 00a5 00000000 		.4byte	.LASF15
 293 00a9 02       		.byte	0x2
 294 00aa 4402     		.2byte	0x244
 295 00ac B0000000 		.4byte	0xb0
 296 00b0 05       		.uleb128 0x5
 297 00b1 83000000 		.4byte	0x83
 298 00b5 06       		.uleb128 0x6
 299 00b6 B5000000 		.4byte	.LASF16
 300 00ba 01       		.byte	0x1
 301 00bb 48       		.byte	0x48
 302 00bc 00000000 		.4byte	.LFB0
 303 00c0 30000000 		.4byte	.LFE0-.LFB0
 304 00c4 01       		.uleb128 0x1
 305 00c5 9C       		.byte	0x9c
 306 00c6 DA000000 		.4byte	0xda
 307 00ca 07       		.uleb128 0x7
 308 00cb FC000000 		.4byte	.LASF18
 309 00cf 01       		.byte	0x1
 310 00d0 48       		.byte	0x48
 311 00d1 6B000000 		.4byte	0x6b
 312 00d5 00000000 		.4byte	.LLST0
 313 00d9 00       		.byte	0
 314 00da 06       		.uleb128 0x6
 315 00db 01010000 		.4byte	.LASF17
 316 00df 01       		.byte	0x1
 317 00e0 71       		.byte	0x71
 318 00e1 00000000 		.4byte	.LFB1
 319 00e5 18000000 		.4byte	.LFE1-.LFB1
 320 00e9 01       		.uleb128 0x1
 321 00ea 9C       		.byte	0x9c
 322 00eb 0E010000 		.4byte	0x10e
 323 00ef 07       		.uleb128 0x7
 324 00f0 10000000 		.4byte	.LASF19
 325 00f4 01       		.byte	0x1
 326 00f5 71       		.byte	0x71
 327 00f6 6B000000 		.4byte	0x6b
ARM GAS  C:\Users\Svilen\AppData\Local\Temp\ccRCa2h9.s 			page 11


 328 00fa 21000000 		.4byte	.LLST1
 329 00fe 08       		.uleb128 0x8
 330 00ff 40000000 		.4byte	.LASF24
 331 0103 01       		.byte	0x1
 332 0104 73       		.byte	0x73
 333 0105 6B000000 		.4byte	0x6b
 334 0109 42000000 		.4byte	.LLST2
 335 010d 00       		.byte	0
 336 010e 09       		.uleb128 0x9
 337 010f 06000000 		.4byte	.LASF20
 338 0113 01       		.byte	0x1
 339 0114 8A       		.byte	0x8a
 340 0115 6B000000 		.4byte	0x6b
 341 0119 00000000 		.4byte	.LFB2
 342 011d 10000000 		.4byte	.LFE2-.LFB2
 343 0121 01       		.uleb128 0x1
 344 0122 9C       		.byte	0x9c
 345 0123 09       		.uleb128 0x9
 346 0124 D4000000 		.4byte	.LASF21
 347 0128 01       		.byte	0x1
 348 0129 A6       		.byte	0xa6
 349 012a 6B000000 		.4byte	0x6b
 350 012e 00000000 		.4byte	.LFB3
 351 0132 10000000 		.4byte	.LFE3-.LFB3
 352 0136 01       		.uleb128 0x1
 353 0137 9C       		.byte	0x9c
 354 0138 06       		.uleb128 0x6
 355 0139 1C000000 		.4byte	.LASF22
 356 013d 01       		.byte	0x1
 357 013e D1       		.byte	0xd1
 358 013f 00000000 		.4byte	.LFB4
 359 0143 14000000 		.4byte	.LFE4-.LFB4
 360 0147 01       		.uleb128 0x1
 361 0148 9C       		.byte	0x9c
 362 0149 77010000 		.4byte	0x177
 363 014d 0A       		.uleb128 0xa
 364 014e A5000000 		.4byte	.LASF23
 365 0152 01       		.byte	0x1
 366 0153 D1       		.byte	0xd1
 367 0154 77000000 		.4byte	0x77
 368 0158 01       		.uleb128 0x1
 369 0159 50       		.byte	0x50
 370 015a 07       		.uleb128 0x7
 371 015b FC000000 		.4byte	.LASF18
 372 015f 01       		.byte	0x1
 373 0160 D1       		.byte	0xd1
 374 0161 77000000 		.4byte	0x77
 375 0165 60000000 		.4byte	.LLST3
 376 0169 0B       		.uleb128 0xb
 377 016a E4010000 		.4byte	.LASF25
 378 016e 01       		.byte	0x1
 379 016f D3       		.byte	0xd3
 380 0170 83000000 		.4byte	0x83
 381 0174 01       		.uleb128 0x1
 382 0175 53       		.byte	0x53
 383 0176 00       		.byte	0
 384 0177 0C       		.uleb128 0xc
ARM GAS  C:\Users\Svilen\AppData\Local\Temp\ccRCa2h9.s 			page 12


 385 0178 FB010000 		.4byte	.LASF26
 386 017c 01       		.byte	0x1
 387 017d EE       		.byte	0xee
 388 017e 6B000000 		.4byte	0x6b
 389 0182 00000000 		.4byte	.LFB5
 390 0186 10000000 		.4byte	.LFE5-.LFB5
 391 018a 01       		.uleb128 0x1
 392 018b 9C       		.byte	0x9c
 393 018c 0B       		.uleb128 0xb
 394 018d 3A010000 		.4byte	.LASF27
 395 0191 01       		.byte	0x1
 396 0192 F0       		.byte	0xf0
 397 0193 6B000000 		.4byte	0x6b
 398 0197 01       		.uleb128 0x1
 399 0198 50       		.byte	0x50
 400 0199 00       		.byte	0
 401 019a 00       		.byte	0
 402              		.section	.debug_abbrev,"",%progbits
 403              	.Ldebug_abbrev0:
 404 0000 01       		.uleb128 0x1
 405 0001 11       		.uleb128 0x11
 406 0002 01       		.byte	0x1
 407 0003 25       		.uleb128 0x25
 408 0004 0E       		.uleb128 0xe
 409 0005 13       		.uleb128 0x13
 410 0006 0B       		.uleb128 0xb
 411 0007 03       		.uleb128 0x3
 412 0008 0E       		.uleb128 0xe
 413 0009 1B       		.uleb128 0x1b
 414 000a 0E       		.uleb128 0xe
 415 000b 55       		.uleb128 0x55
 416 000c 17       		.uleb128 0x17
 417 000d 11       		.uleb128 0x11
 418 000e 01       		.uleb128 0x1
 419 000f 10       		.uleb128 0x10
 420 0010 17       		.uleb128 0x17
 421 0011 00       		.byte	0
 422 0012 00       		.byte	0
 423 0013 02       		.uleb128 0x2
 424 0014 24       		.uleb128 0x24
 425 0015 00       		.byte	0
 426 0016 0B       		.uleb128 0xb
 427 0017 0B       		.uleb128 0xb
 428 0018 3E       		.uleb128 0x3e
 429 0019 0B       		.uleb128 0xb
 430 001a 03       		.uleb128 0x3
 431 001b 0E       		.uleb128 0xe
 432 001c 00       		.byte	0
 433 001d 00       		.byte	0
 434 001e 03       		.uleb128 0x3
 435 001f 24       		.uleb128 0x24
 436 0020 00       		.byte	0
 437 0021 0B       		.uleb128 0xb
 438 0022 0B       		.uleb128 0xb
 439 0023 3E       		.uleb128 0x3e
 440 0024 0B       		.uleb128 0xb
 441 0025 03       		.uleb128 0x3
ARM GAS  C:\Users\Svilen\AppData\Local\Temp\ccRCa2h9.s 			page 13


 442 0026 08       		.uleb128 0x8
 443 0027 00       		.byte	0
 444 0028 00       		.byte	0
 445 0029 04       		.uleb128 0x4
 446 002a 16       		.uleb128 0x16
 447 002b 00       		.byte	0
 448 002c 03       		.uleb128 0x3
 449 002d 0E       		.uleb128 0xe
 450 002e 3A       		.uleb128 0x3a
 451 002f 0B       		.uleb128 0xb
 452 0030 3B       		.uleb128 0x3b
 453 0031 05       		.uleb128 0x5
 454 0032 49       		.uleb128 0x49
 455 0033 13       		.uleb128 0x13
 456 0034 00       		.byte	0
 457 0035 00       		.byte	0
 458 0036 05       		.uleb128 0x5
 459 0037 35       		.uleb128 0x35
 460 0038 00       		.byte	0
 461 0039 49       		.uleb128 0x49
 462 003a 13       		.uleb128 0x13
 463 003b 00       		.byte	0
 464 003c 00       		.byte	0
 465 003d 06       		.uleb128 0x6
 466 003e 2E       		.uleb128 0x2e
 467 003f 01       		.byte	0x1
 468 0040 3F       		.uleb128 0x3f
 469 0041 19       		.uleb128 0x19
 470 0042 03       		.uleb128 0x3
 471 0043 0E       		.uleb128 0xe
 472 0044 3A       		.uleb128 0x3a
 473 0045 0B       		.uleb128 0xb
 474 0046 3B       		.uleb128 0x3b
 475 0047 0B       		.uleb128 0xb
 476 0048 27       		.uleb128 0x27
 477 0049 19       		.uleb128 0x19
 478 004a 11       		.uleb128 0x11
 479 004b 01       		.uleb128 0x1
 480 004c 12       		.uleb128 0x12
 481 004d 06       		.uleb128 0x6
 482 004e 40       		.uleb128 0x40
 483 004f 18       		.uleb128 0x18
 484 0050 9742     		.uleb128 0x2117
 485 0052 19       		.uleb128 0x19
 486 0053 01       		.uleb128 0x1
 487 0054 13       		.uleb128 0x13
 488 0055 00       		.byte	0
 489 0056 00       		.byte	0
 490 0057 07       		.uleb128 0x7
 491 0058 05       		.uleb128 0x5
 492 0059 00       		.byte	0
 493 005a 03       		.uleb128 0x3
 494 005b 0E       		.uleb128 0xe
 495 005c 3A       		.uleb128 0x3a
 496 005d 0B       		.uleb128 0xb
 497 005e 3B       		.uleb128 0x3b
 498 005f 0B       		.uleb128 0xb
ARM GAS  C:\Users\Svilen\AppData\Local\Temp\ccRCa2h9.s 			page 14


 499 0060 49       		.uleb128 0x49
 500 0061 13       		.uleb128 0x13
 501 0062 02       		.uleb128 0x2
 502 0063 17       		.uleb128 0x17
 503 0064 00       		.byte	0
 504 0065 00       		.byte	0
 505 0066 08       		.uleb128 0x8
 506 0067 34       		.uleb128 0x34
 507 0068 00       		.byte	0
 508 0069 03       		.uleb128 0x3
 509 006a 0E       		.uleb128 0xe
 510 006b 3A       		.uleb128 0x3a
 511 006c 0B       		.uleb128 0xb
 512 006d 3B       		.uleb128 0x3b
 513 006e 0B       		.uleb128 0xb
 514 006f 49       		.uleb128 0x49
 515 0070 13       		.uleb128 0x13
 516 0071 02       		.uleb128 0x2
 517 0072 17       		.uleb128 0x17
 518 0073 00       		.byte	0
 519 0074 00       		.byte	0
 520 0075 09       		.uleb128 0x9
 521 0076 2E       		.uleb128 0x2e
 522 0077 00       		.byte	0
 523 0078 3F       		.uleb128 0x3f
 524 0079 19       		.uleb128 0x19
 525 007a 03       		.uleb128 0x3
 526 007b 0E       		.uleb128 0xe
 527 007c 3A       		.uleb128 0x3a
 528 007d 0B       		.uleb128 0xb
 529 007e 3B       		.uleb128 0x3b
 530 007f 0B       		.uleb128 0xb
 531 0080 27       		.uleb128 0x27
 532 0081 19       		.uleb128 0x19
 533 0082 49       		.uleb128 0x49
 534 0083 13       		.uleb128 0x13
 535 0084 11       		.uleb128 0x11
 536 0085 01       		.uleb128 0x1
 537 0086 12       		.uleb128 0x12
 538 0087 06       		.uleb128 0x6
 539 0088 40       		.uleb128 0x40
 540 0089 18       		.uleb128 0x18
 541 008a 9742     		.uleb128 0x2117
 542 008c 19       		.uleb128 0x19
 543 008d 00       		.byte	0
 544 008e 00       		.byte	0
 545 008f 0A       		.uleb128 0xa
 546 0090 05       		.uleb128 0x5
 547 0091 00       		.byte	0
 548 0092 03       		.uleb128 0x3
 549 0093 0E       		.uleb128 0xe
 550 0094 3A       		.uleb128 0x3a
 551 0095 0B       		.uleb128 0xb
 552 0096 3B       		.uleb128 0x3b
 553 0097 0B       		.uleb128 0xb
 554 0098 49       		.uleb128 0x49
 555 0099 13       		.uleb128 0x13
ARM GAS  C:\Users\Svilen\AppData\Local\Temp\ccRCa2h9.s 			page 15


 556 009a 02       		.uleb128 0x2
 557 009b 18       		.uleb128 0x18
 558 009c 00       		.byte	0
 559 009d 00       		.byte	0
 560 009e 0B       		.uleb128 0xb
 561 009f 34       		.uleb128 0x34
 562 00a0 00       		.byte	0
 563 00a1 03       		.uleb128 0x3
 564 00a2 0E       		.uleb128 0xe
 565 00a3 3A       		.uleb128 0x3a
 566 00a4 0B       		.uleb128 0xb
 567 00a5 3B       		.uleb128 0x3b
 568 00a6 0B       		.uleb128 0xb
 569 00a7 49       		.uleb128 0x49
 570 00a8 13       		.uleb128 0x13
 571 00a9 02       		.uleb128 0x2
 572 00aa 18       		.uleb128 0x18
 573 00ab 00       		.byte	0
 574 00ac 00       		.byte	0
 575 00ad 0C       		.uleb128 0xc
 576 00ae 2E       		.uleb128 0x2e
 577 00af 01       		.byte	0x1
 578 00b0 3F       		.uleb128 0x3f
 579 00b1 19       		.uleb128 0x19
 580 00b2 03       		.uleb128 0x3
 581 00b3 0E       		.uleb128 0xe
 582 00b4 3A       		.uleb128 0x3a
 583 00b5 0B       		.uleb128 0xb
 584 00b6 3B       		.uleb128 0x3b
 585 00b7 0B       		.uleb128 0xb
 586 00b8 27       		.uleb128 0x27
 587 00b9 19       		.uleb128 0x19
 588 00ba 49       		.uleb128 0x49
 589 00bb 13       		.uleb128 0x13
 590 00bc 11       		.uleb128 0x11
 591 00bd 01       		.uleb128 0x1
 592 00be 12       		.uleb128 0x12
 593 00bf 06       		.uleb128 0x6
 594 00c0 40       		.uleb128 0x40
 595 00c1 18       		.uleb128 0x18
 596 00c2 9742     		.uleb128 0x2117
 597 00c4 19       		.uleb128 0x19
 598 00c5 00       		.byte	0
 599 00c6 00       		.byte	0
 600 00c7 00       		.byte	0
 601              		.section	.debug_loc,"",%progbits
 602              	.Ldebug_loc0:
 603              	.LLST0:
 604 0000 00000000 		.4byte	.LVL0
 605 0004 20000000 		.4byte	.LVL1
 606 0008 0100     		.2byte	0x1
 607 000a 50       		.byte	0x50
 608 000b 20000000 		.4byte	.LVL1
 609 000f 30000000 		.4byte	.LFE0
 610 0013 0400     		.2byte	0x4
 611 0015 F3       		.byte	0xf3
 612 0016 01       		.uleb128 0x1
ARM GAS  C:\Users\Svilen\AppData\Local\Temp\ccRCa2h9.s 			page 16


 613 0017 50       		.byte	0x50
 614 0018 9F       		.byte	0x9f
 615 0019 00000000 		.4byte	0
 616 001d 00000000 		.4byte	0
 617              	.LLST1:
 618 0021 00000000 		.4byte	.LVL2
 619 0025 06000000 		.4byte	.LVL3
 620 0029 0100     		.2byte	0x1
 621 002b 50       		.byte	0x50
 622 002c 06000000 		.4byte	.LVL3
 623 0030 18000000 		.4byte	.LFE1
 624 0034 0400     		.2byte	0x4
 625 0036 F3       		.byte	0xf3
 626 0037 01       		.uleb128 0x1
 627 0038 50       		.byte	0x50
 628 0039 9F       		.byte	0x9f
 629 003a 00000000 		.4byte	0
 630 003e 00000000 		.4byte	0
 631              	.LLST2:
 632 0042 0A000000 		.4byte	.LVL4
 633 0046 10000000 		.4byte	.LVL5
 634 004a 0100     		.2byte	0x1
 635 004c 52       		.byte	0x52
 636 004d 10000000 		.4byte	.LVL5
 637 0051 18000000 		.4byte	.LFE1
 638 0055 0100     		.2byte	0x1
 639 0057 50       		.byte	0x50
 640 0058 00000000 		.4byte	0
 641 005c 00000000 		.4byte	0
 642              	.LLST3:
 643 0060 00000000 		.4byte	.LVL6
 644 0064 08000000 		.4byte	.LVL8
 645 0068 0100     		.2byte	0x1
 646 006a 51       		.byte	0x51
 647 006b 08000000 		.4byte	.LVL8
 648 006f 14000000 		.4byte	.LFE4
 649 0073 0400     		.2byte	0x4
 650 0075 F3       		.byte	0xf3
 651 0076 01       		.uleb128 0x1
 652 0077 51       		.byte	0x51
 653 0078 9F       		.byte	0x9f
 654 0079 00000000 		.4byte	0
 655 007d 00000000 		.4byte	0
 656              		.section	.debug_aranges,"",%progbits
 657 0000 44000000 		.4byte	0x44
 658 0004 0200     		.2byte	0x2
 659 0006 00000000 		.4byte	.Ldebug_info0
 660 000a 04       		.byte	0x4
 661 000b 00       		.byte	0
 662 000c 0000     		.2byte	0
 663 000e 0000     		.2byte	0
 664 0010 00000000 		.4byte	.LFB0
 665 0014 30000000 		.4byte	.LFE0-.LFB0
 666 0018 00000000 		.4byte	.LFB1
 667 001c 18000000 		.4byte	.LFE1-.LFB1
 668 0020 00000000 		.4byte	.LFB2
 669 0024 10000000 		.4byte	.LFE2-.LFB2
ARM GAS  C:\Users\Svilen\AppData\Local\Temp\ccRCa2h9.s 			page 17


 670 0028 00000000 		.4byte	.LFB3
 671 002c 10000000 		.4byte	.LFE3-.LFB3
 672 0030 00000000 		.4byte	.LFB4
 673 0034 14000000 		.4byte	.LFE4-.LFB4
 674 0038 00000000 		.4byte	.LFB5
 675 003c 10000000 		.4byte	.LFE5-.LFB5
 676 0040 00000000 		.4byte	0
 677 0044 00000000 		.4byte	0
 678              		.section	.debug_ranges,"",%progbits
 679              	.Ldebug_ranges0:
 680 0000 00000000 		.4byte	.LFB0
 681 0004 30000000 		.4byte	.LFE0
 682 0008 00000000 		.4byte	.LFB1
 683 000c 18000000 		.4byte	.LFE1
 684 0010 00000000 		.4byte	.LFB2
 685 0014 10000000 		.4byte	.LFE2
 686 0018 00000000 		.4byte	.LFB3
 687 001c 10000000 		.4byte	.LFE3
 688 0020 00000000 		.4byte	.LFB4
 689 0024 14000000 		.4byte	.LFE4
 690 0028 00000000 		.4byte	.LFB5
 691 002c 10000000 		.4byte	.LFE5
 692 0030 00000000 		.4byte	0
 693 0034 00000000 		.4byte	0
 694              		.section	.debug_line,"",%progbits
 695              	.Ldebug_line0:
 696 0000 BB000000 		.section	.debug_str,"MS",%progbits,1
 696      02004300 
 696      00000201 
 696      FB0E0D00 
 696      01010101 
 697              	.LASF15:
 698 0000 72656733 		.ascii	"reg32\000"
 698      3200
 699              	.LASF20:
 700 0006 42746E73 		.ascii	"Btns_Read\000"
 700      5F526561 
 700      6400
 701              	.LASF19:
 702 0010 76616C75 		.ascii	"value\000"
 702      6500
 703              	.LASF12:
 704 0016 666C6F61 		.ascii	"float\000"
 704      7400
 705              	.LASF22:
 706 001c 42746E73 		.ascii	"Btns_SetInterruptMode\000"
 706      5F536574 
 706      496E7465 
 706      72727570 
 706      744D6F64 
 707              	.LASF1:
 708 0032 756E7369 		.ascii	"unsigned char\000"
 708      676E6564 
 708      20636861 
 708      7200
 709              	.LASF24:
 710 0040 64725661 		.ascii	"drVal\000"
ARM GAS  C:\Users\Svilen\AppData\Local\Temp\ccRCa2h9.s 			page 18


 710      6C00
 711              	.LASF5:
 712 0046 6C6F6E67 		.ascii	"long unsigned int\000"
 712      20756E73 
 712      69676E65 
 712      6420696E 
 712      7400
 713              	.LASF3:
 714 0058 73686F72 		.ascii	"short unsigned int\000"
 714      7420756E 
 714      7369676E 
 714      65642069 
 714      6E7400
 715              	.LASF13:
 716 006b 646F7562 		.ascii	"double\000"
 716      6C6500
 717              	.LASF30:
 718 0072 433A5C77 		.ascii	"C:\\work\\PSoC4\\Desalinator\\Desalinator.cydsn\000"
 718      6F726B5C 
 718      50536F43 
 718      345C4465 
 718      73616C69 
 719              	.LASF10:
 720 009e 75696E74 		.ascii	"uint16\000"
 720      313600
 721              	.LASF23:
 722 00a5 706F7369 		.ascii	"position\000"
 722      74696F6E 
 722      00
 723              	.LASF11:
 724 00ae 75696E74 		.ascii	"uint32\000"
 724      333200
 725              	.LASF16:
 726 00b5 42746E73 		.ascii	"Btns_SetDriveMode\000"
 726      5F536574 
 726      44726976 
 726      654D6F64 
 726      6500
 727              	.LASF8:
 728 00c7 756E7369 		.ascii	"unsigned int\000"
 728      676E6564 
 728      20696E74 
 728      00
 729              	.LASF21:
 730 00d4 42746E73 		.ascii	"Btns_ReadDataReg\000"
 730      5F526561 
 730      64446174 
 730      61526567 
 730      00
 731              	.LASF7:
 732 00e5 6C6F6E67 		.ascii	"long long unsigned int\000"
 732      206C6F6E 
 732      6720756E 
 732      7369676E 
 732      65642069 
 733              	.LASF18:
 734 00fc 6D6F6465 		.ascii	"mode\000"
ARM GAS  C:\Users\Svilen\AppData\Local\Temp\ccRCa2h9.s 			page 19


 734      00
 735              	.LASF17:
 736 0101 42746E73 		.ascii	"Btns_Write\000"
 736      5F577269 
 736      746500
 737              	.LASF29:
 738 010c 2E5C4765 		.ascii	".\\Generated_Source\\PSoC4\\Btns.c\000"
 738      6E657261 
 738      7465645F 
 738      536F7572 
 738      63655C50 
 739              	.LASF6:
 740 012c 6C6F6E67 		.ascii	"long long int\000"
 740      206C6F6E 
 740      6720696E 
 740      7400
 741              	.LASF27:
 742 013a 6D61736B 		.ascii	"maskedStatus\000"
 742      65645374 
 742      61747573 
 742      00
 743              	.LASF14:
 744 0147 63686172 		.ascii	"char\000"
 744      00
 745              	.LASF28:
 746 014c 474E5520 		.ascii	"GNU C 4.9.3 20150303 (release) [ARM/embedded-4_9-br"
 746      4320342E 
 746      392E3320 
 746      32303135 
 746      30333033 
 747 017f 616E6368 		.ascii	"anch revision 221220] -mcpu=cortex-m0 -mthumb -g -O"
 747      20726576 
 747      6973696F 
 747      6E203232 
 747      31323230 
 748 01b2 67202D66 		.ascii	"g -ffunction-sections -ffat-lto-objects\000"
 748      66756E63 
 748      74696F6E 
 748      2D736563 
 748      74696F6E 
 749              	.LASF2:
 750 01da 73686F72 		.ascii	"short int\000"
 750      7420696E 
 750      7400
 751              	.LASF25:
 752 01e4 696E7472 		.ascii	"intrCfg\000"
 752      43666700 
 753              	.LASF9:
 754 01ec 75696E74 		.ascii	"uint8\000"
 754      3800
 755              	.LASF4:
 756 01f2 6C6F6E67 		.ascii	"long int\000"
 756      20696E74 
 756      00
 757              	.LASF26:
 758 01fb 42746E73 		.ascii	"Btns_ClearInterrupt\000"
 758      5F436C65 
ARM GAS  C:\Users\Svilen\AppData\Local\Temp\ccRCa2h9.s 			page 20


 758      6172496E 
 758      74657272 
 758      75707400 
 759              	.LASF0:
 760 020f 7369676E 		.ascii	"signed char\000"
 760      65642063 
 760      68617200 
 761              		.ident	"GCC: (GNU Tools for ARM Embedded Processors) 4.9.3 20150303 (release) [ARM/embedded-4_9-br
