--------------- Clean Started: 03/28/2017 22:45:00 Project: Desalinator, Configuration: ARM GCC 4.9-2015-q1-update Debug ---------------
Deleting file ".\CortexM0\ARM_GCC_493\Debug\main.o"
Deleting file ".\CortexM0\ARM_GCC_493\Debug\cyfitter_cfg.o"
Deleting file ".\CortexM0\ARM_GCC_493\Debug\cymetadata.o"
Deleting file ".\CortexM0\ARM_GCC_493\Debug\Cm0Start.o"
Deleting file ".\CortexM0\ARM_GCC_493\Debug\CyBootAsmGnu.o"
Deleting file ".\CortexM0\ARM_GCC_493\Debug\CyFlash.o"
Deleting file ".\CortexM0\ARM_GCC_493\Debug\CyLib.o"
Deleting file ".\CortexM0\ARM_GCC_493\Debug\cyPm.o"
Deleting file ".\CortexM0\ARM_GCC_493\Debug\cyutils.o"
Deleting file ".\CortexM0\ARM_GCC_493\Debug\CyLFClk.o"
Deleting file ".\CortexM0\ARM_GCC_493\Debug\IDAC.o"
Deleting file ".\CortexM0\ARM_GCC_493\Debug\IDAC_PM.o"
Deleting file ".\CortexM0\ARM_GCC_493\Debug\LCD.o"
Deleting file ".\CortexM0\ARM_GCC_493\Debug\LCD_PM.o"
Deleting file ".\CortexM0\ARM_GCC_493\Debug\AMux.o"
Deleting file ".\CortexM0\ARM_GCC_493\Debug\ADC.o"
Deleting file ".\CortexM0\ARM_GCC_493\Debug\ADC_PM.o"
Deleting file ".\CortexM0\ARM_GCC_493\Debug\ADC_INT.o"
Deleting file ".\CortexM0\ARM_GCC_493\Debug\LCD_LCDPort.o"
Deleting file ".\CortexM0\ARM_GCC_493\Debug\LCD_LCDPort_PM.o"
Deleting file ".\CortexM0\ARM_GCC_493\Debug\ADC_IRQ.o"
Deleting file ".\CortexM0\ARM_GCC_493\Debug\ADC_intClock.o"
Deleting file ".\CortexM0\ARM_GCC_493\Debug\Pin_thermo.o"
Deleting file ".\CortexM0\ARM_GCC_493\Debug\Pin_thermo_PM.o"
Deleting file ".\CortexM0\ARM_GCC_493\Debug\Pin_salinity.o"
Deleting file ".\CortexM0\ARM_GCC_493\Debug\Pin_salinity_PM.o"
Deleting file ".\CortexM0\ARM_GCC_493\Debug\Pin_out_LP.o"
Deleting file ".\CortexM0\ARM_GCC_493\Debug\Pin_out_LP_PM.o"
Deleting file ".\CortexM0\ARM_GCC_493\Debug\Pin_out_HP.o"
Deleting file ".\CortexM0\ARM_GCC_493\Debug\Pin_out_HP_PM.o"
Deleting file ".\CortexM0\ARM_GCC_493\Debug\Pin_out_V1.o"
Deleting file ".\CortexM0\ARM_GCC_493\Debug\Pin_out_V1_PM.o"
Deleting file ".\CortexM0\ARM_GCC_493\Debug\Pin_out_V2.o"
Deleting file ".\CortexM0\ARM_GCC_493\Debug\Pin_out_V2_PM.o"
Deleting file ".\CortexM0\ARM_GCC_493\Debug\Pin_out_START.o"
Deleting file ".\CortexM0\ARM_GCC_493\Debug\Pin_out_START_PM.o"
Deleting file ".\CortexM0\ARM_GCC_493\Debug\Pin_out_STOP.o"
Deleting file ".\CortexM0\ARM_GCC_493\Debug\Pin_out_STOP_PM.o"
Deleting file ".\CortexM0\ARM_GCC_493\Debug\Pin_out_FLUSH.o"
Deleting file ".\CortexM0\ARM_GCC_493\Debug\Pin_out_FLUSH_PM.o"
Deleting file ".\CortexM0\ARM_GCC_493\Debug\Pin_out_ABN.o"
Deleting file ".\CortexM0\ARM_GCC_493\Debug\Pin_out_ABN_PM.o"
Deleting file ".\CortexM0\ARM_GCC_493\Debug\Btns.o"
Deleting file ".\CortexM0\ARM_GCC_493\Debug\Btns_PM.o"
Deleting file ".\CortexM0\ARM_GCC_493\Debug\isr_BTNS.o"
Deleting file ".\CortexM0\ARM_GCC_493\Debug\Thermistor.o"
Deleting file ".\CortexM0\ARM_GCC_493\Debug\Pin_hprs.o"
Deleting file ".\CortexM0\ARM_GCC_493\Debug\Pin_hprs_PM.o"
Deleting file ".\CortexM0\ARM_GCC_493\Debug\Pin_ref.o"
Deleting file ".\CortexM0\ARM_GCC_493\Debug\Pin_ref_PM.o"
Deleting file ".\CortexM0\ARM_GCC_493\Debug\Desalinator.hex"
Deleting file ".\CortexM0\ARM_GCC_493\Debug\Desalinator.elf"
Deleting file ".\CortexM0\ARM_GCC_493\Debug\Desalinator.map"
Deleting file ".\Desalinator.cycdx"
Deleting file ".\Desalinator.svd"
Deleting file ".\Desalinator.rpt"
Deleting file ".\Desalinator_timing.html"
Deleting file ".\CortexM0\ARM_GCC_493\Debug\.deps\C_FILE.P"
Deleting file ".\CortexM0\ARM_GCC_493\Debug\.deps\ARM_C_FILE.P"
Deleting file ".\CortexM0\ARM_GCC_493\Debug\.deps\GNU_ARM_ASM_FILE.P"
--------------- Clean Succeeded: 03/28/2017 22:45:00 ---------------
