ARM GAS  C:\Users\Svilen\AppData\Local\Temp\cc0VjJ9y.s 			page 1


   1              		.cpu cortex-m0
   2              		.fpu softvfp
   3              		.eabi_attribute 20, 1
   4              		.eabi_attribute 21, 1
   5              		.eabi_attribute 23, 3
   6              		.eabi_attribute 24, 1
   7              		.eabi_attribute 25, 1
   8              		.eabi_attribute 26, 1
   9              		.eabi_attribute 30, 1
  10              		.eabi_attribute 34, 0
  11              		.eabi_attribute 18, 4
  12              		.code	16
  13              		.file	"IDAC_1.c"
  14              		.text
  15              	.Ltext0:
  16              		.cfi_sections	.debug_frame
  17              		.section	.text.IDAC_1_Init,"ax",%progbits
  18              		.align	2
  19              		.global	IDAC_1_Init
  20              		.code	16
  21              		.thumb_func
  22              		.type	IDAC_1_Init, %function
  23              	IDAC_1_Init:
  24              	.LFB0:
  25              		.file 1 ".\\Generated_Source\\PSoC4\\IDAC_1.c"
   1:.\Generated_Source\PSoC4/IDAC_1.c **** /*******************************************************************************
   2:.\Generated_Source\PSoC4/IDAC_1.c **** * File Name: IDAC_1.c
   3:.\Generated_Source\PSoC4/IDAC_1.c **** * Version 1.10
   4:.\Generated_Source\PSoC4/IDAC_1.c **** *
   5:.\Generated_Source\PSoC4/IDAC_1.c **** * Description:
   6:.\Generated_Source\PSoC4/IDAC_1.c **** *  This file provides the source code of APIs for the IDAC_P4 component.
   7:.\Generated_Source\PSoC4/IDAC_1.c **** *
   8:.\Generated_Source\PSoC4/IDAC_1.c **** *******************************************************************************
   9:.\Generated_Source\PSoC4/IDAC_1.c **** * Copyright 2013-2015, Cypress Semiconductor Corporation.  All rights reserved.
  10:.\Generated_Source\PSoC4/IDAC_1.c **** * You may use this file only in accordance with the license, terms, conditions,
  11:.\Generated_Source\PSoC4/IDAC_1.c **** * disclaimers, and limitations in the end user license agreement accompanying
  12:.\Generated_Source\PSoC4/IDAC_1.c **** * the software package with which this file was provided.
  13:.\Generated_Source\PSoC4/IDAC_1.c **** *******************************************************************************/
  14:.\Generated_Source\PSoC4/IDAC_1.c **** 
  15:.\Generated_Source\PSoC4/IDAC_1.c **** #include "IDAC_1.h"
  16:.\Generated_Source\PSoC4/IDAC_1.c **** 
  17:.\Generated_Source\PSoC4/IDAC_1.c **** uint32 IDAC_1_initVar = 0u;
  18:.\Generated_Source\PSoC4/IDAC_1.c **** 
  19:.\Generated_Source\PSoC4/IDAC_1.c **** 
  20:.\Generated_Source\PSoC4/IDAC_1.c **** /*******************************************************************************
  21:.\Generated_Source\PSoC4/IDAC_1.c **** * Function Name: IDAC_1_Init
  22:.\Generated_Source\PSoC4/IDAC_1.c **** ********************************************************************************
  23:.\Generated_Source\PSoC4/IDAC_1.c **** *
  24:.\Generated_Source\PSoC4/IDAC_1.c **** * Summary:
  25:.\Generated_Source\PSoC4/IDAC_1.c **** *  Initializes IDAC registers with initial values provided from customizer.
  26:.\Generated_Source\PSoC4/IDAC_1.c **** *
  27:.\Generated_Source\PSoC4/IDAC_1.c **** * Parameters:
  28:.\Generated_Source\PSoC4/IDAC_1.c **** *  None
  29:.\Generated_Source\PSoC4/IDAC_1.c **** *
  30:.\Generated_Source\PSoC4/IDAC_1.c **** * Return:
  31:.\Generated_Source\PSoC4/IDAC_1.c **** *  None
  32:.\Generated_Source\PSoC4/IDAC_1.c **** *
ARM GAS  C:\Users\Svilen\AppData\Local\Temp\cc0VjJ9y.s 			page 2


  33:.\Generated_Source\PSoC4/IDAC_1.c **** * Global variables:
  34:.\Generated_Source\PSoC4/IDAC_1.c **** *  None
  35:.\Generated_Source\PSoC4/IDAC_1.c **** *
  36:.\Generated_Source\PSoC4/IDAC_1.c **** *******************************************************************************/
  37:.\Generated_Source\PSoC4/IDAC_1.c **** void IDAC_1_Init(void)
  38:.\Generated_Source\PSoC4/IDAC_1.c **** {
  26              		.loc 1 38 0
  27              		.cfi_startproc
  28 0000 10B5     		push	{r4, lr}
  29              		.cfi_def_cfa_offset 8
  30              		.cfi_offset 4, -8
  31              		.cfi_offset 14, -4
  39:.\Generated_Source\PSoC4/IDAC_1.c ****     uint32 regVal;
  40:.\Generated_Source\PSoC4/IDAC_1.c ****     uint8 enableInterrupts;
  41:.\Generated_Source\PSoC4/IDAC_1.c **** 
  42:.\Generated_Source\PSoC4/IDAC_1.c ****     /* Set initial configuration */
  43:.\Generated_Source\PSoC4/IDAC_1.c ****     enableInterrupts = CyEnterCriticalSection();
  32              		.loc 1 43 0
  33 0002 FFF7FEFF 		bl	CyEnterCriticalSection
  34              	.LVL0:
  44:.\Generated_Source\PSoC4/IDAC_1.c ****     
  45:.\Generated_Source\PSoC4/IDAC_1.c ****     #if(IDAC_1_MODE_SOURCE == IDAC_1_IDAC_POLARITY)
  46:.\Generated_Source\PSoC4/IDAC_1.c ****         regVal  = IDAC_1_CSD_TRIM1_REG & ~(IDAC_1_CSD_IDAC_TRIM1_MASK);
  35              		.loc 1 46 0
  36 0006 0E49     		ldr	r1, .L2
  37 0008 0B68     		ldr	r3, [r1]
  38 000a 0F22     		mov	r2, #15
  39 000c 9343     		bic	r3, r2
  40 000e 1A1C     		mov	r2, r3
  41              	.LVL1:
  47:.\Generated_Source\PSoC4/IDAC_1.c ****         regVal |=  (IDAC_1_SFLASH_TRIM1_REG & IDAC_1_CSD_IDAC_TRIM1_MASK);
  42              		.loc 1 47 0
  43 0010 0C4B     		ldr	r3, .L2+4
  44 0012 1C78     		ldrb	r4, [r3]
  45 0014 0F23     		mov	r3, #15
  46 0016 2340     		and	r3, r4
  47 0018 1343     		orr	r3, r2
  48              	.LVL2:
  48:.\Generated_Source\PSoC4/IDAC_1.c ****         IDAC_1_CSD_TRIM1_REG = regVal;
  49              		.loc 1 48 0
  50 001a 0B60     		str	r3, [r1]
  49:.\Generated_Source\PSoC4/IDAC_1.c ****     #else
  50:.\Generated_Source\PSoC4/IDAC_1.c ****         regVal  = IDAC_1_CSD_TRIM2_REG & ~(IDAC_1_CSD_IDAC_TRIM2_MASK);
  51:.\Generated_Source\PSoC4/IDAC_1.c ****         regVal |=  (IDAC_1_SFLASH_TRIM2_REG & IDAC_1_CSD_IDAC_TRIM2_MASK);
  52:.\Generated_Source\PSoC4/IDAC_1.c ****         IDAC_1_CSD_TRIM2_REG = regVal;
  53:.\Generated_Source\PSoC4/IDAC_1.c ****     #endif /* (IDAC_1_MODE_SOURCE == IDAC_1_IDAC_POLARITY) */
  54:.\Generated_Source\PSoC4/IDAC_1.c **** 
  55:.\Generated_Source\PSoC4/IDAC_1.c ****     /* clear previous values */
  56:.\Generated_Source\PSoC4/IDAC_1.c ****     IDAC_1_IDAC_CONTROL_REG &= ((uint32)~((uint32)IDAC_1_IDAC_VALUE_MASK <<
  51              		.loc 1 56 0
  52 001c 0A4A     		ldr	r2, .L2+8
  53 001e 1368     		ldr	r3, [r2]
  54              	.LVL3:
  55 0020 1360     		str	r3, [r2]
  56              	.LVL4:
  57:.\Generated_Source\PSoC4/IDAC_1.c ****         IDAC_1_IDAC_VALUE_POSITION)) | ((uint32)~((uint32)IDAC_1_IDAC_MODE_MASK <<
  58:.\Generated_Source\PSoC4/IDAC_1.c ****         IDAC_1_IDAC_MODE_POSITION))  | ((uint32)~((uint32)IDAC_1_IDAC_RANGE_MASK  <<
ARM GAS  C:\Users\Svilen\AppData\Local\Temp\cc0VjJ9y.s 			page 3


  59:.\Generated_Source\PSoC4/IDAC_1.c ****         IDAC_1_IDAC_RANGE_POSITION));
  60:.\Generated_Source\PSoC4/IDAC_1.c **** 
  61:.\Generated_Source\PSoC4/IDAC_1.c ****     IDAC_1_IDAC_POLARITY_CONTROL_REG &= (~(uint32)((uint32)IDAC_1_IDAC_POLARITY_MASK <<
  57              		.loc 1 61 0
  58 0022 0A4B     		ldr	r3, .L2+12
  59 0024 1C68     		ldr	r4, [r3]
  60 0026 0A49     		ldr	r1, .L2+16
  61 0028 2140     		and	r1, r4
  62 002a 1960     		str	r1, [r3]
  62:.\Generated_Source\PSoC4/IDAC_1.c ****         IDAC_1_IDAC_POLARITY_POSITION));
  63:.\Generated_Source\PSoC4/IDAC_1.c **** 
  64:.\Generated_Source\PSoC4/IDAC_1.c ****     /* set new configuration */
  65:.\Generated_Source\PSoC4/IDAC_1.c ****     IDAC_1_IDAC_CONTROL_REG |= (((uint32)IDAC_1_IDAC_INIT_VALUE <<
  63              		.loc 1 65 0
  64 002c 1468     		ldr	r4, [r2]
  65 002e 7821     		mov	r1, #120
  66 0030 2143     		orr	r1, r4
  67 0032 1160     		str	r1, [r2]
  66:.\Generated_Source\PSoC4/IDAC_1.c ****         IDAC_1_IDAC_VALUE_POSITION) | ((uint32)IDAC_1_IDAC_RANGE <<
  67:.\Generated_Source\PSoC4/IDAC_1.c ****         IDAC_1_IDAC_RANGE_POSITION));
  68:.\Generated_Source\PSoC4/IDAC_1.c **** 
  69:.\Generated_Source\PSoC4/IDAC_1.c ****     IDAC_1_IDAC_POLARITY_CONTROL_REG |= ((uint32)IDAC_1_IDAC_POLARITY <<
  68              		.loc 1 69 0
  69 0034 1A68     		ldr	r2, [r3]
  70 0036 1A60     		str	r2, [r3]
  70:.\Generated_Source\PSoC4/IDAC_1.c ****                                                            IDAC_1_IDAC_POLARITY_POSITION);
  71:.\Generated_Source\PSoC4/IDAC_1.c **** 
  72:.\Generated_Source\PSoC4/IDAC_1.c ****     CyExitCriticalSection(enableInterrupts);
  71              		.loc 1 72 0
  72 0038 FFF7FEFF 		bl	CyExitCriticalSection
  73              	.LVL5:
  73:.\Generated_Source\PSoC4/IDAC_1.c **** 
  74:.\Generated_Source\PSoC4/IDAC_1.c **** }
  74              		.loc 1 74 0
  75              		@ sp needed
  76 003c 10BD     		pop	{r4, pc}
  77              	.L3:
  78 003e C046     		.align	2
  79              	.L2:
  80 0040 00FF0840 		.word	1074331392
  81 0044 60F1FF0F 		.word	268431712
  82 0048 08000840 		.word	1074266120
  83 004c 04000840 		.word	1074266116
  84 0050 FFFFFEFF 		.word	-65537
  85              		.cfi_endproc
  86              	.LFE0:
  87              		.size	IDAC_1_Init, .-IDAC_1_Init
  88              		.section	.text.IDAC_1_Enable,"ax",%progbits
  89              		.align	2
  90              		.global	IDAC_1_Enable
  91              		.code	16
  92              		.thumb_func
  93              		.type	IDAC_1_Enable, %function
  94              	IDAC_1_Enable:
  95              	.LFB1:
  75:.\Generated_Source\PSoC4/IDAC_1.c **** 
  76:.\Generated_Source\PSoC4/IDAC_1.c **** 
ARM GAS  C:\Users\Svilen\AppData\Local\Temp\cc0VjJ9y.s 			page 4


  77:.\Generated_Source\PSoC4/IDAC_1.c **** /*******************************************************************************
  78:.\Generated_Source\PSoC4/IDAC_1.c **** * Function Name: IDAC_1_Enable
  79:.\Generated_Source\PSoC4/IDAC_1.c **** ********************************************************************************
  80:.\Generated_Source\PSoC4/IDAC_1.c **** *
  81:.\Generated_Source\PSoC4/IDAC_1.c **** * Summary:
  82:.\Generated_Source\PSoC4/IDAC_1.c **** *  Enables IDAC operations.
  83:.\Generated_Source\PSoC4/IDAC_1.c **** *
  84:.\Generated_Source\PSoC4/IDAC_1.c **** * Parameters:
  85:.\Generated_Source\PSoC4/IDAC_1.c **** *  None
  86:.\Generated_Source\PSoC4/IDAC_1.c **** *
  87:.\Generated_Source\PSoC4/IDAC_1.c **** * Return:
  88:.\Generated_Source\PSoC4/IDAC_1.c **** *  None
  89:.\Generated_Source\PSoC4/IDAC_1.c **** *
  90:.\Generated_Source\PSoC4/IDAC_1.c **** * Global variables:
  91:.\Generated_Source\PSoC4/IDAC_1.c **** *  None
  92:.\Generated_Source\PSoC4/IDAC_1.c **** *
  93:.\Generated_Source\PSoC4/IDAC_1.c **** *******************************************************************************/
  94:.\Generated_Source\PSoC4/IDAC_1.c **** void IDAC_1_Enable(void)
  95:.\Generated_Source\PSoC4/IDAC_1.c **** {
  96              		.loc 1 95 0
  97              		.cfi_startproc
  98 0000 08B5     		push	{r3, lr}
  99              		.cfi_def_cfa_offset 8
 100              		.cfi_offset 3, -8
 101              		.cfi_offset 14, -4
  96:.\Generated_Source\PSoC4/IDAC_1.c ****     uint8 enableInterrupts;
  97:.\Generated_Source\PSoC4/IDAC_1.c **** 
  98:.\Generated_Source\PSoC4/IDAC_1.c ****     enableInterrupts = CyEnterCriticalSection();
 102              		.loc 1 98 0
 103 0002 FFF7FEFF 		bl	CyEnterCriticalSection
 104              	.LVL6:
  99:.\Generated_Source\PSoC4/IDAC_1.c **** 
 100:.\Generated_Source\PSoC4/IDAC_1.c ****     /* Enable the IDAC */
 101:.\Generated_Source\PSoC4/IDAC_1.c ****     IDAC_1_IDAC_CONTROL_REG |= ((uint32)IDAC_1_IDAC_EN_MODE <<
 105              		.loc 1 101 0
 106 0006 074A     		ldr	r2, .L5
 107 0008 1368     		ldr	r3, [r2]
 108 000a C021     		mov	r1, #192
 109 000c 8900     		lsl	r1, r1, #2
 110 000e 0B43     		orr	r3, r1
 111 0010 1360     		str	r3, [r2]
 102:.\Generated_Source\PSoC4/IDAC_1.c ****                                                   IDAC_1_IDAC_MODE_POSITION);
 103:.\Generated_Source\PSoC4/IDAC_1.c ****     IDAC_1_IDAC_POLARITY_CONTROL_REG |= ((uint32)IDAC_1_IDAC_CSD_EN <<
 112              		.loc 1 103 0
 113 0012 054A     		ldr	r2, .L5+4
 114 0014 1368     		ldr	r3, [r2]
 115 0016 8021     		mov	r1, #128
 116 0018 0906     		lsl	r1, r1, #24
 117 001a 0B43     		orr	r3, r1
 118 001c 1360     		str	r3, [r2]
 104:.\Generated_Source\PSoC4/IDAC_1.c ****                                                            IDAC_1_IDAC_CSD_EN_POSITION);
 105:.\Generated_Source\PSoC4/IDAC_1.c ****     CyExitCriticalSection(enableInterrupts);
 119              		.loc 1 105 0
 120 001e FFF7FEFF 		bl	CyExitCriticalSection
 121              	.LVL7:
 106:.\Generated_Source\PSoC4/IDAC_1.c **** 
 107:.\Generated_Source\PSoC4/IDAC_1.c **** }
ARM GAS  C:\Users\Svilen\AppData\Local\Temp\cc0VjJ9y.s 			page 5


 122              		.loc 1 107 0
 123              		@ sp needed
 124 0022 08BD     		pop	{r3, pc}
 125              	.L6:
 126              		.align	2
 127              	.L5:
 128 0024 08000840 		.word	1074266120
 129 0028 04000840 		.word	1074266116
 130              		.cfi_endproc
 131              	.LFE1:
 132              		.size	IDAC_1_Enable, .-IDAC_1_Enable
 133              		.section	.text.IDAC_1_Start,"ax",%progbits
 134              		.align	2
 135              		.global	IDAC_1_Start
 136              		.code	16
 137              		.thumb_func
 138              		.type	IDAC_1_Start, %function
 139              	IDAC_1_Start:
 140              	.LFB2:
 108:.\Generated_Source\PSoC4/IDAC_1.c **** 
 109:.\Generated_Source\PSoC4/IDAC_1.c **** 
 110:.\Generated_Source\PSoC4/IDAC_1.c **** /*******************************************************************************
 111:.\Generated_Source\PSoC4/IDAC_1.c **** * Function Name: IDAC_1_Start
 112:.\Generated_Source\PSoC4/IDAC_1.c **** ********************************************************************************
 113:.\Generated_Source\PSoC4/IDAC_1.c **** *
 114:.\Generated_Source\PSoC4/IDAC_1.c **** * Summary:
 115:.\Generated_Source\PSoC4/IDAC_1.c **** *  Starts the IDAC hardware.
 116:.\Generated_Source\PSoC4/IDAC_1.c **** *
 117:.\Generated_Source\PSoC4/IDAC_1.c **** * Parameters:
 118:.\Generated_Source\PSoC4/IDAC_1.c **** *  None
 119:.\Generated_Source\PSoC4/IDAC_1.c **** *
 120:.\Generated_Source\PSoC4/IDAC_1.c **** * Return:
 121:.\Generated_Source\PSoC4/IDAC_1.c **** *  None
 122:.\Generated_Source\PSoC4/IDAC_1.c **** *
 123:.\Generated_Source\PSoC4/IDAC_1.c **** * Global variables:
 124:.\Generated_Source\PSoC4/IDAC_1.c **** *  IDAC_1_initVar
 125:.\Generated_Source\PSoC4/IDAC_1.c **** *
 126:.\Generated_Source\PSoC4/IDAC_1.c **** *******************************************************************************/
 127:.\Generated_Source\PSoC4/IDAC_1.c **** void IDAC_1_Start(void)
 128:.\Generated_Source\PSoC4/IDAC_1.c **** {
 141              		.loc 1 128 0
 142              		.cfi_startproc
 143 0000 08B5     		push	{r3, lr}
 144              		.cfi_def_cfa_offset 8
 145              		.cfi_offset 3, -8
 146              		.cfi_offset 14, -4
 129:.\Generated_Source\PSoC4/IDAC_1.c ****     if(0u == IDAC_1_initVar)
 147              		.loc 1 129 0
 148 0002 064B     		ldr	r3, .L9
 149 0004 1B68     		ldr	r3, [r3]
 150 0006 002B     		cmp	r3, #0
 151 0008 04D1     		bne	.L8
 130:.\Generated_Source\PSoC4/IDAC_1.c ****     {
 131:.\Generated_Source\PSoC4/IDAC_1.c ****         IDAC_1_Init();
 152              		.loc 1 131 0
 153 000a FFF7FEFF 		bl	IDAC_1_Init
 154              	.LVL8:
ARM GAS  C:\Users\Svilen\AppData\Local\Temp\cc0VjJ9y.s 			page 6


 132:.\Generated_Source\PSoC4/IDAC_1.c ****         IDAC_1_initVar = 1u;
 155              		.loc 1 132 0
 156 000e 0122     		mov	r2, #1
 157 0010 024B     		ldr	r3, .L9
 158 0012 1A60     		str	r2, [r3]
 159              	.L8:
 133:.\Generated_Source\PSoC4/IDAC_1.c ****     }
 134:.\Generated_Source\PSoC4/IDAC_1.c **** 
 135:.\Generated_Source\PSoC4/IDAC_1.c ****     IDAC_1_Enable();
 160              		.loc 1 135 0
 161 0014 FFF7FEFF 		bl	IDAC_1_Enable
 162              	.LVL9:
 136:.\Generated_Source\PSoC4/IDAC_1.c **** 
 137:.\Generated_Source\PSoC4/IDAC_1.c **** }
 163              		.loc 1 137 0
 164              		@ sp needed
 165 0018 08BD     		pop	{r3, pc}
 166              	.L10:
 167 001a C046     		.align	2
 168              	.L9:
 169 001c 00000000 		.word	.LANCHOR0
 170              		.cfi_endproc
 171              	.LFE2:
 172              		.size	IDAC_1_Start, .-IDAC_1_Start
 173              		.section	.text.IDAC_1_Stop,"ax",%progbits
 174              		.align	2
 175              		.global	IDAC_1_Stop
 176              		.code	16
 177              		.thumb_func
 178              		.type	IDAC_1_Stop, %function
 179              	IDAC_1_Stop:
 180              	.LFB3:
 138:.\Generated_Source\PSoC4/IDAC_1.c **** 
 139:.\Generated_Source\PSoC4/IDAC_1.c **** 
 140:.\Generated_Source\PSoC4/IDAC_1.c **** /*******************************************************************************
 141:.\Generated_Source\PSoC4/IDAC_1.c **** * Function Name: IDAC_1_Stop
 142:.\Generated_Source\PSoC4/IDAC_1.c **** ********************************************************************************
 143:.\Generated_Source\PSoC4/IDAC_1.c **** *
 144:.\Generated_Source\PSoC4/IDAC_1.c **** * Summary:
 145:.\Generated_Source\PSoC4/IDAC_1.c **** *  Stops the IDAC hardware.
 146:.\Generated_Source\PSoC4/IDAC_1.c **** *
 147:.\Generated_Source\PSoC4/IDAC_1.c **** * Parameters:
 148:.\Generated_Source\PSoC4/IDAC_1.c **** *  None
 149:.\Generated_Source\PSoC4/IDAC_1.c **** *
 150:.\Generated_Source\PSoC4/IDAC_1.c **** * Return:
 151:.\Generated_Source\PSoC4/IDAC_1.c **** *  None
 152:.\Generated_Source\PSoC4/IDAC_1.c **** *
 153:.\Generated_Source\PSoC4/IDAC_1.c **** * Global variables:
 154:.\Generated_Source\PSoC4/IDAC_1.c **** *  None
 155:.\Generated_Source\PSoC4/IDAC_1.c **** *
 156:.\Generated_Source\PSoC4/IDAC_1.c **** *******************************************************************************/
 157:.\Generated_Source\PSoC4/IDAC_1.c **** void IDAC_1_Stop(void)
 158:.\Generated_Source\PSoC4/IDAC_1.c **** {
 181              		.loc 1 158 0
 182              		.cfi_startproc
 183 0000 08B5     		push	{r3, lr}
 184              		.cfi_def_cfa_offset 8
ARM GAS  C:\Users\Svilen\AppData\Local\Temp\cc0VjJ9y.s 			page 7


 185              		.cfi_offset 3, -8
 186              		.cfi_offset 14, -4
 159:.\Generated_Source\PSoC4/IDAC_1.c ****     uint8 enableInterrupts;
 160:.\Generated_Source\PSoC4/IDAC_1.c **** 
 161:.\Generated_Source\PSoC4/IDAC_1.c ****     enableInterrupts = CyEnterCriticalSection();
 187              		.loc 1 161 0
 188 0002 FFF7FEFF 		bl	CyEnterCriticalSection
 189              	.LVL10:
 162:.\Generated_Source\PSoC4/IDAC_1.c **** 
 163:.\Generated_Source\PSoC4/IDAC_1.c ****     /* Disable the IDAC */
 164:.\Generated_Source\PSoC4/IDAC_1.c ****     IDAC_1_IDAC_CONTROL_REG &= ((uint32)~((uint32)IDAC_1_IDAC_MODE_MASK <<
 190              		.loc 1 164 0
 191 0006 044A     		ldr	r2, .L12
 192 0008 1168     		ldr	r1, [r2]
 193 000a 044B     		ldr	r3, .L12+4
 194 000c 0B40     		and	r3, r1
 195 000e 1360     		str	r3, [r2]
 165:.\Generated_Source\PSoC4/IDAC_1.c ****         IDAC_1_IDAC_MODE_POSITION));
 166:.\Generated_Source\PSoC4/IDAC_1.c ****     CyExitCriticalSection(enableInterrupts);
 196              		.loc 1 166 0
 197 0010 FFF7FEFF 		bl	CyExitCriticalSection
 198              	.LVL11:
 167:.\Generated_Source\PSoC4/IDAC_1.c **** }
 199              		.loc 1 167 0
 200              		@ sp needed
 201 0014 08BD     		pop	{r3, pc}
 202              	.L13:
 203 0016 C046     		.align	2
 204              	.L12:
 205 0018 08000840 		.word	1074266120
 206 001c FFFCFFFF 		.word	-769
 207              		.cfi_endproc
 208              	.LFE3:
 209              		.size	IDAC_1_Stop, .-IDAC_1_Stop
 210              		.section	.text.IDAC_1_SetValue,"ax",%progbits
 211              		.align	2
 212              		.global	IDAC_1_SetValue
 213              		.code	16
 214              		.thumb_func
 215              		.type	IDAC_1_SetValue, %function
 216              	IDAC_1_SetValue:
 217              	.LFB4:
 168:.\Generated_Source\PSoC4/IDAC_1.c **** 
 169:.\Generated_Source\PSoC4/IDAC_1.c **** 
 170:.\Generated_Source\PSoC4/IDAC_1.c **** /*******************************************************************************
 171:.\Generated_Source\PSoC4/IDAC_1.c **** * Function Name: IDAC_1_SetValue
 172:.\Generated_Source\PSoC4/IDAC_1.c **** ********************************************************************************
 173:.\Generated_Source\PSoC4/IDAC_1.c **** *
 174:.\Generated_Source\PSoC4/IDAC_1.c **** * Summary:
 175:.\Generated_Source\PSoC4/IDAC_1.c **** *  Sets the IDAC value.
 176:.\Generated_Source\PSoC4/IDAC_1.c **** *
 177:.\Generated_Source\PSoC4/IDAC_1.c **** * Parameters:
 178:.\Generated_Source\PSoC4/IDAC_1.c **** *  uint32 value
 179:.\Generated_Source\PSoC4/IDAC_1.c **** *
 180:.\Generated_Source\PSoC4/IDAC_1.c **** * Return:
 181:.\Generated_Source\PSoC4/IDAC_1.c **** *  None
 182:.\Generated_Source\PSoC4/IDAC_1.c **** *
ARM GAS  C:\Users\Svilen\AppData\Local\Temp\cc0VjJ9y.s 			page 8


 183:.\Generated_Source\PSoC4/IDAC_1.c **** * Global variables:
 184:.\Generated_Source\PSoC4/IDAC_1.c **** *  None
 185:.\Generated_Source\PSoC4/IDAC_1.c **** *
 186:.\Generated_Source\PSoC4/IDAC_1.c **** *******************************************************************************/
 187:.\Generated_Source\PSoC4/IDAC_1.c **** void IDAC_1_SetValue(uint32 value)
 188:.\Generated_Source\PSoC4/IDAC_1.c **** {
 218              		.loc 1 188 0
 219              		.cfi_startproc
 220              	.LVL12:
 221 0000 10B5     		push	{r4, lr}
 222              		.cfi_def_cfa_offset 8
 223              		.cfi_offset 4, -8
 224              		.cfi_offset 14, -4
 225 0002 041C     		mov	r4, r0
 189:.\Generated_Source\PSoC4/IDAC_1.c ****     uint8 enableInterrupts;
 190:.\Generated_Source\PSoC4/IDAC_1.c ****     uint32 newRegisterValue;
 191:.\Generated_Source\PSoC4/IDAC_1.c **** 
 192:.\Generated_Source\PSoC4/IDAC_1.c ****     enableInterrupts = CyEnterCriticalSection();
 226              		.loc 1 192 0
 227 0004 FFF7FEFF 		bl	CyEnterCriticalSection
 228              	.LVL13:
 193:.\Generated_Source\PSoC4/IDAC_1.c **** 
 194:.\Generated_Source\PSoC4/IDAC_1.c ****     #if(IDAC_1_IDAC_VALUE_POSITION != 0u)
 195:.\Generated_Source\PSoC4/IDAC_1.c ****         newRegisterValue = ((IDAC_1_IDAC_CONTROL_REG & (~(uint32)((uint32)IDAC_1_IDAC_VALUE_MASK <<
 196:.\Generated_Source\PSoC4/IDAC_1.c ****         IDAC_1_IDAC_VALUE_POSITION))) | (value << IDAC_1_IDAC_VALUE_POSITION));
 197:.\Generated_Source\PSoC4/IDAC_1.c ****     #else
 198:.\Generated_Source\PSoC4/IDAC_1.c ****         newRegisterValue = ((IDAC_1_IDAC_CONTROL_REG & (~(uint32)IDAC_1_IDAC_VALUE_MASK)) | value);
 229              		.loc 1 198 0
 230 0008 044A     		ldr	r2, .L15
 231 000a 1368     		ldr	r3, [r2]
 232 000c FF21     		mov	r1, #255
 233 000e 8B43     		bic	r3, r1
 234 0010 1C43     		orr	r4, r3
 235              	.LVL14:
 199:.\Generated_Source\PSoC4/IDAC_1.c ****     #endif /* IDAC_1_IDAC_VALUE_POSITION != 0u */
 200:.\Generated_Source\PSoC4/IDAC_1.c **** 
 201:.\Generated_Source\PSoC4/IDAC_1.c ****     IDAC_1_IDAC_CONTROL_REG = newRegisterValue;
 236              		.loc 1 201 0
 237 0012 1460     		str	r4, [r2]
 202:.\Generated_Source\PSoC4/IDAC_1.c **** 
 203:.\Generated_Source\PSoC4/IDAC_1.c ****     CyExitCriticalSection(enableInterrupts);
 238              		.loc 1 203 0
 239 0014 FFF7FEFF 		bl	CyExitCriticalSection
 240              	.LVL15:
 204:.\Generated_Source\PSoC4/IDAC_1.c **** }
 241              		.loc 1 204 0
 242              		@ sp needed
 243              	.LVL16:
 244 0018 10BD     		pop	{r4, pc}
 245              	.L16:
 246 001a C046     		.align	2
 247              	.L15:
 248 001c 08000840 		.word	1074266120
 249              		.cfi_endproc
 250              	.LFE4:
 251              		.size	IDAC_1_SetValue, .-IDAC_1_SetValue
 252              		.global	IDAC_1_initVar
ARM GAS  C:\Users\Svilen\AppData\Local\Temp\cc0VjJ9y.s 			page 9


 253              		.bss
 254              		.align	2
 255              		.set	.LANCHOR0,. + 0
 256              		.type	IDAC_1_initVar, %object
 257              		.size	IDAC_1_initVar, 4
 258              	IDAC_1_initVar:
 259 0000 00000000 		.space	4
 260              		.text
 261              	.Letext0:
 262              		.file 2 ".\\Generated_Source\\PSoC4\\cytypes.h"
 263              		.file 3 ".\\Generated_Source\\PSoC4\\CyLib.h"
 264              		.section	.debug_info,"",%progbits
 265              	.Ldebug_info0:
 266 0000 18020000 		.4byte	0x218
 267 0004 0400     		.2byte	0x4
 268 0006 00000000 		.4byte	.Ldebug_abbrev0
 269 000a 04       		.byte	0x4
 270 000b 01       		.uleb128 0x1
 271 000c 55010000 		.4byte	.LASF25
 272 0010 01       		.byte	0x1
 273 0011 FE010000 		.4byte	.LASF26
 274 0015 BE000000 		.4byte	.LASF27
 275 0019 00000000 		.4byte	.Ldebug_ranges0+0
 276 001d 00000000 		.4byte	0
 277 0021 00000000 		.4byte	.Ldebug_line0
 278 0025 02       		.uleb128 0x2
 279 0026 01       		.byte	0x1
 280 0027 06       		.byte	0x6
 281 0028 29020000 		.4byte	.LASF0
 282 002c 02       		.uleb128 0x2
 283 002d 01       		.byte	0x1
 284 002e 08       		.byte	0x8
 285 002f 74000000 		.4byte	.LASF1
 286 0033 02       		.uleb128 0x2
 287 0034 02       		.byte	0x2
 288 0035 05       		.byte	0x5
 289 0036 E3010000 		.4byte	.LASF2
 290 003a 02       		.uleb128 0x2
 291 003b 02       		.byte	0x2
 292 003c 07       		.byte	0x7
 293 003d 1C000000 		.4byte	.LASF3
 294 0041 02       		.uleb128 0x2
 295 0042 04       		.byte	0x4
 296 0043 05       		.byte	0x5
 297 0044 20020000 		.4byte	.LASF4
 298 0048 02       		.uleb128 0x2
 299 0049 04       		.byte	0x4
 300 004a 07       		.byte	0x7
 301 004b 87000000 		.4byte	.LASF5
 302 004f 02       		.uleb128 0x2
 303 0050 08       		.byte	0x8
 304 0051 05       		.byte	0x5
 305 0052 42010000 		.4byte	.LASF6
 306 0056 02       		.uleb128 0x2
 307 0057 08       		.byte	0x8
 308 0058 07       		.byte	0x7
 309 0059 4E000000 		.4byte	.LASF7
ARM GAS  C:\Users\Svilen\AppData\Local\Temp\cc0VjJ9y.s 			page 10


 310 005d 03       		.uleb128 0x3
 311 005e 04       		.byte	0x4
 312 005f 05       		.byte	0x5
 313 0060 696E7400 		.ascii	"int\000"
 314 0064 02       		.uleb128 0x2
 315 0065 04       		.byte	0x4
 316 0066 07       		.byte	0x7
 317 0067 2F000000 		.4byte	.LASF8
 318 006b 04       		.uleb128 0x4
 319 006c 99000000 		.4byte	.LASF9
 320 0070 02       		.byte	0x2
 321 0071 9801     		.2byte	0x198
 322 0073 2C000000 		.4byte	0x2c
 323 0077 04       		.uleb128 0x4
 324 0078 EA000000 		.4byte	.LASF10
 325 007c 02       		.byte	0x2
 326 007d 9A01     		.2byte	0x19a
 327 007f 48000000 		.4byte	0x48
 328 0083 02       		.uleb128 0x2
 329 0084 04       		.byte	0x4
 330 0085 04       		.byte	0x4
 331 0086 48000000 		.4byte	.LASF11
 332 008a 02       		.uleb128 0x2
 333 008b 08       		.byte	0x8
 334 008c 04       		.byte	0x4
 335 008d B0000000 		.4byte	.LASF12
 336 0091 02       		.uleb128 0x2
 337 0092 01       		.byte	0x1
 338 0093 08       		.byte	0x8
 339 0094 50010000 		.4byte	.LASF13
 340 0098 04       		.uleb128 0x4
 341 0099 82000000 		.4byte	.LASF14
 342 009d 02       		.byte	0x2
 343 009e 4202     		.2byte	0x242
 344 00a0 A4000000 		.4byte	0xa4
 345 00a4 05       		.uleb128 0x5
 346 00a5 6B000000 		.4byte	0x6b
 347 00a9 04       		.uleb128 0x4
 348 00aa 00000000 		.4byte	.LASF15
 349 00ae 02       		.byte	0x2
 350 00af 4402     		.2byte	0x244
 351 00b1 B5000000 		.4byte	0xb5
 352 00b5 05       		.uleb128 0x5
 353 00b6 77000000 		.4byte	0x77
 354 00ba 02       		.uleb128 0x2
 355 00bb 04       		.byte	0x4
 356 00bc 07       		.byte	0x7
 357 00bd 39010000 		.4byte	.LASF16
 358 00c1 06       		.uleb128 0x6
 359 00c2 35020000 		.4byte	.LASF19
 360 00c6 01       		.byte	0x1
 361 00c7 25       		.byte	0x25
 362 00c8 00000000 		.4byte	.LFB0
 363 00cc 54000000 		.4byte	.LFE0-.LFB0
 364 00d0 01       		.uleb128 0x1
 365 00d1 9C       		.byte	0x9c
 366 00d2 07010000 		.4byte	0x107
ARM GAS  C:\Users\Svilen\AppData\Local\Temp\cc0VjJ9y.s 			page 11


 367 00d6 07       		.uleb128 0x7
 368 00d7 B7000000 		.4byte	.LASF17
 369 00db 01       		.byte	0x1
 370 00dc 27       		.byte	0x27
 371 00dd 77000000 		.4byte	0x77
 372 00e1 00000000 		.4byte	.LLST0
 373 00e5 07       		.uleb128 0x7
 374 00e6 9F000000 		.4byte	.LASF18
 375 00ea 01       		.byte	0x1
 376 00eb 28       		.byte	0x28
 377 00ec 6B000000 		.4byte	0x6b
 378 00f0 2A000000 		.4byte	.LLST1
 379 00f4 08       		.uleb128 0x8
 380 00f5 06000000 		.4byte	.LVL0
 381 00f9 03020000 		.4byte	0x203
 382 00fd 08       		.uleb128 0x8
 383 00fe 3C000000 		.4byte	.LVL5
 384 0102 0E020000 		.4byte	0x20e
 385 0106 00       		.byte	0
 386 0107 06       		.uleb128 0x6
 387 0108 2B010000 		.4byte	.LASF20
 388 010c 01       		.byte	0x1
 389 010d 5E       		.byte	0x5e
 390 010e 00000000 		.4byte	.LFB1
 391 0112 2C000000 		.4byte	.LFE1-.LFB1
 392 0116 01       		.uleb128 0x1
 393 0117 9C       		.byte	0x9c
 394 0118 3E010000 		.4byte	0x13e
 395 011c 07       		.uleb128 0x7
 396 011d 9F000000 		.4byte	.LASF18
 397 0121 01       		.byte	0x1
 398 0122 60       		.byte	0x60
 399 0123 6B000000 		.4byte	0x6b
 400 0127 3D000000 		.4byte	.LLST2
 401 012b 08       		.uleb128 0x8
 402 012c 06000000 		.4byte	.LVL6
 403 0130 03020000 		.4byte	0x203
 404 0134 08       		.uleb128 0x8
 405 0135 22000000 		.4byte	.LVL7
 406 0139 0E020000 		.4byte	0x20e
 407 013d 00       		.byte	0
 408 013e 06       		.uleb128 0x6
 409 013f 08010000 		.4byte	.LASF21
 410 0143 01       		.byte	0x1
 411 0144 7F       		.byte	0x7f
 412 0145 00000000 		.4byte	.LFB2
 413 0149 20000000 		.4byte	.LFE2-.LFB2
 414 014d 01       		.uleb128 0x1
 415 014e 9C       		.byte	0x9c
 416 014f 66010000 		.4byte	0x166
 417 0153 08       		.uleb128 0x8
 418 0154 0E000000 		.4byte	.LVL8
 419 0158 C1000000 		.4byte	0xc1
 420 015c 08       		.uleb128 0x8
 421 015d 18000000 		.4byte	.LVL9
 422 0161 07010000 		.4byte	0x107
 423 0165 00       		.byte	0
ARM GAS  C:\Users\Svilen\AppData\Local\Temp\cc0VjJ9y.s 			page 12


 424 0166 06       		.uleb128 0x6
 425 0167 3C000000 		.4byte	.LASF22
 426 016b 01       		.byte	0x1
 427 016c 9D       		.byte	0x9d
 428 016d 00000000 		.4byte	.LFB3
 429 0171 20000000 		.4byte	.LFE3-.LFB3
 430 0175 01       		.uleb128 0x1
 431 0176 9C       		.byte	0x9c
 432 0177 9D010000 		.4byte	0x19d
 433 017b 07       		.uleb128 0x7
 434 017c 9F000000 		.4byte	.LASF18
 435 0180 01       		.byte	0x1
 436 0181 9F       		.byte	0x9f
 437 0182 6B000000 		.4byte	0x6b
 438 0186 50000000 		.4byte	.LLST3
 439 018a 08       		.uleb128 0x8
 440 018b 06000000 		.4byte	.LVL10
 441 018f 03020000 		.4byte	0x203
 442 0193 08       		.uleb128 0x8
 443 0194 14000000 		.4byte	.LVL11
 444 0198 0E020000 		.4byte	0x20e
 445 019c 00       		.byte	0
 446 019d 06       		.uleb128 0x6
 447 019e 06000000 		.4byte	.LASF23
 448 01a2 01       		.byte	0x1
 449 01a3 BB       		.byte	0xbb
 450 01a4 00000000 		.4byte	.LFB4
 451 01a8 20000000 		.4byte	.LFE4-.LFB4
 452 01ac 01       		.uleb128 0x1
 453 01ad 9C       		.byte	0x9c
 454 01ae F2010000 		.4byte	0x1f2
 455 01b2 09       		.uleb128 0x9
 456 01b3 16000000 		.4byte	.LASF28
 457 01b7 01       		.byte	0x1
 458 01b8 BB       		.byte	0xbb
 459 01b9 77000000 		.4byte	0x77
 460 01bd 63000000 		.4byte	.LLST4
 461 01c1 07       		.uleb128 0x7
 462 01c2 9F000000 		.4byte	.LASF18
 463 01c6 01       		.byte	0x1
 464 01c7 BD       		.byte	0xbd
 465 01c8 6B000000 		.4byte	0x6b
 466 01cc 8F000000 		.4byte	.LLST5
 467 01d0 07       		.uleb128 0x7
 468 01d1 ED010000 		.4byte	.LASF24
 469 01d5 01       		.byte	0x1
 470 01d6 BE       		.byte	0xbe
 471 01d7 77000000 		.4byte	0x77
 472 01db A2000000 		.4byte	.LLST6
 473 01df 08       		.uleb128 0x8
 474 01e0 08000000 		.4byte	.LVL13
 475 01e4 03020000 		.4byte	0x203
 476 01e8 08       		.uleb128 0x8
 477 01e9 18000000 		.4byte	.LVL15
 478 01ed 0E020000 		.4byte	0x20e
 479 01f1 00       		.byte	0
 480 01f2 0A       		.uleb128 0xa
ARM GAS  C:\Users\Svilen\AppData\Local\Temp\cc0VjJ9y.s 			page 13


 481 01f3 65000000 		.4byte	.LASF29
 482 01f7 01       		.byte	0x1
 483 01f8 11       		.byte	0x11
 484 01f9 77000000 		.4byte	0x77
 485 01fd 05       		.uleb128 0x5
 486 01fe 03       		.byte	0x3
 487 01ff 00000000 		.4byte	IDAC_1_initVar
 488 0203 0B       		.uleb128 0xb
 489 0204 F1000000 		.4byte	.LASF30
 490 0208 03       		.byte	0x3
 491 0209 E3       		.byte	0xe3
 492 020a 6B000000 		.4byte	0x6b
 493 020e 0C       		.uleb128 0xc
 494 020f 15010000 		.4byte	.LASF31
 495 0213 03       		.byte	0x3
 496 0214 E4       		.byte	0xe4
 497 0215 0D       		.uleb128 0xd
 498 0216 6B000000 		.4byte	0x6b
 499 021a 00       		.byte	0
 500 021b 00       		.byte	0
 501              		.section	.debug_abbrev,"",%progbits
 502              	.Ldebug_abbrev0:
 503 0000 01       		.uleb128 0x1
 504 0001 11       		.uleb128 0x11
 505 0002 01       		.byte	0x1
 506 0003 25       		.uleb128 0x25
 507 0004 0E       		.uleb128 0xe
 508 0005 13       		.uleb128 0x13
 509 0006 0B       		.uleb128 0xb
 510 0007 03       		.uleb128 0x3
 511 0008 0E       		.uleb128 0xe
 512 0009 1B       		.uleb128 0x1b
 513 000a 0E       		.uleb128 0xe
 514 000b 55       		.uleb128 0x55
 515 000c 17       		.uleb128 0x17
 516 000d 11       		.uleb128 0x11
 517 000e 01       		.uleb128 0x1
 518 000f 10       		.uleb128 0x10
 519 0010 17       		.uleb128 0x17
 520 0011 00       		.byte	0
 521 0012 00       		.byte	0
 522 0013 02       		.uleb128 0x2
 523 0014 24       		.uleb128 0x24
 524 0015 00       		.byte	0
 525 0016 0B       		.uleb128 0xb
 526 0017 0B       		.uleb128 0xb
 527 0018 3E       		.uleb128 0x3e
 528 0019 0B       		.uleb128 0xb
 529 001a 03       		.uleb128 0x3
 530 001b 0E       		.uleb128 0xe
 531 001c 00       		.byte	0
 532 001d 00       		.byte	0
 533 001e 03       		.uleb128 0x3
 534 001f 24       		.uleb128 0x24
 535 0020 00       		.byte	0
 536 0021 0B       		.uleb128 0xb
 537 0022 0B       		.uleb128 0xb
ARM GAS  C:\Users\Svilen\AppData\Local\Temp\cc0VjJ9y.s 			page 14


 538 0023 3E       		.uleb128 0x3e
 539 0024 0B       		.uleb128 0xb
 540 0025 03       		.uleb128 0x3
 541 0026 08       		.uleb128 0x8
 542 0027 00       		.byte	0
 543 0028 00       		.byte	0
 544 0029 04       		.uleb128 0x4
 545 002a 16       		.uleb128 0x16
 546 002b 00       		.byte	0
 547 002c 03       		.uleb128 0x3
 548 002d 0E       		.uleb128 0xe
 549 002e 3A       		.uleb128 0x3a
 550 002f 0B       		.uleb128 0xb
 551 0030 3B       		.uleb128 0x3b
 552 0031 05       		.uleb128 0x5
 553 0032 49       		.uleb128 0x49
 554 0033 13       		.uleb128 0x13
 555 0034 00       		.byte	0
 556 0035 00       		.byte	0
 557 0036 05       		.uleb128 0x5
 558 0037 35       		.uleb128 0x35
 559 0038 00       		.byte	0
 560 0039 49       		.uleb128 0x49
 561 003a 13       		.uleb128 0x13
 562 003b 00       		.byte	0
 563 003c 00       		.byte	0
 564 003d 06       		.uleb128 0x6
 565 003e 2E       		.uleb128 0x2e
 566 003f 01       		.byte	0x1
 567 0040 3F       		.uleb128 0x3f
 568 0041 19       		.uleb128 0x19
 569 0042 03       		.uleb128 0x3
 570 0043 0E       		.uleb128 0xe
 571 0044 3A       		.uleb128 0x3a
 572 0045 0B       		.uleb128 0xb
 573 0046 3B       		.uleb128 0x3b
 574 0047 0B       		.uleb128 0xb
 575 0048 27       		.uleb128 0x27
 576 0049 19       		.uleb128 0x19
 577 004a 11       		.uleb128 0x11
 578 004b 01       		.uleb128 0x1
 579 004c 12       		.uleb128 0x12
 580 004d 06       		.uleb128 0x6
 581 004e 40       		.uleb128 0x40
 582 004f 18       		.uleb128 0x18
 583 0050 9742     		.uleb128 0x2117
 584 0052 19       		.uleb128 0x19
 585 0053 01       		.uleb128 0x1
 586 0054 13       		.uleb128 0x13
 587 0055 00       		.byte	0
 588 0056 00       		.byte	0
 589 0057 07       		.uleb128 0x7
 590 0058 34       		.uleb128 0x34
 591 0059 00       		.byte	0
 592 005a 03       		.uleb128 0x3
 593 005b 0E       		.uleb128 0xe
 594 005c 3A       		.uleb128 0x3a
ARM GAS  C:\Users\Svilen\AppData\Local\Temp\cc0VjJ9y.s 			page 15


 595 005d 0B       		.uleb128 0xb
 596 005e 3B       		.uleb128 0x3b
 597 005f 0B       		.uleb128 0xb
 598 0060 49       		.uleb128 0x49
 599 0061 13       		.uleb128 0x13
 600 0062 02       		.uleb128 0x2
 601 0063 17       		.uleb128 0x17
 602 0064 00       		.byte	0
 603 0065 00       		.byte	0
 604 0066 08       		.uleb128 0x8
 605 0067 898201   		.uleb128 0x4109
 606 006a 00       		.byte	0
 607 006b 11       		.uleb128 0x11
 608 006c 01       		.uleb128 0x1
 609 006d 31       		.uleb128 0x31
 610 006e 13       		.uleb128 0x13
 611 006f 00       		.byte	0
 612 0070 00       		.byte	0
 613 0071 09       		.uleb128 0x9
 614 0072 05       		.uleb128 0x5
 615 0073 00       		.byte	0
 616 0074 03       		.uleb128 0x3
 617 0075 0E       		.uleb128 0xe
 618 0076 3A       		.uleb128 0x3a
 619 0077 0B       		.uleb128 0xb
 620 0078 3B       		.uleb128 0x3b
 621 0079 0B       		.uleb128 0xb
 622 007a 49       		.uleb128 0x49
 623 007b 13       		.uleb128 0x13
 624 007c 02       		.uleb128 0x2
 625 007d 17       		.uleb128 0x17
 626 007e 00       		.byte	0
 627 007f 00       		.byte	0
 628 0080 0A       		.uleb128 0xa
 629 0081 34       		.uleb128 0x34
 630 0082 00       		.byte	0
 631 0083 03       		.uleb128 0x3
 632 0084 0E       		.uleb128 0xe
 633 0085 3A       		.uleb128 0x3a
 634 0086 0B       		.uleb128 0xb
 635 0087 3B       		.uleb128 0x3b
 636 0088 0B       		.uleb128 0xb
 637 0089 49       		.uleb128 0x49
 638 008a 13       		.uleb128 0x13
 639 008b 3F       		.uleb128 0x3f
 640 008c 19       		.uleb128 0x19
 641 008d 02       		.uleb128 0x2
 642 008e 18       		.uleb128 0x18
 643 008f 00       		.byte	0
 644 0090 00       		.byte	0
 645 0091 0B       		.uleb128 0xb
 646 0092 2E       		.uleb128 0x2e
 647 0093 00       		.byte	0
 648 0094 3F       		.uleb128 0x3f
 649 0095 19       		.uleb128 0x19
 650 0096 03       		.uleb128 0x3
 651 0097 0E       		.uleb128 0xe
ARM GAS  C:\Users\Svilen\AppData\Local\Temp\cc0VjJ9y.s 			page 16


 652 0098 3A       		.uleb128 0x3a
 653 0099 0B       		.uleb128 0xb
 654 009a 3B       		.uleb128 0x3b
 655 009b 0B       		.uleb128 0xb
 656 009c 27       		.uleb128 0x27
 657 009d 19       		.uleb128 0x19
 658 009e 49       		.uleb128 0x49
 659 009f 13       		.uleb128 0x13
 660 00a0 3C       		.uleb128 0x3c
 661 00a1 19       		.uleb128 0x19
 662 00a2 00       		.byte	0
 663 00a3 00       		.byte	0
 664 00a4 0C       		.uleb128 0xc
 665 00a5 2E       		.uleb128 0x2e
 666 00a6 01       		.byte	0x1
 667 00a7 3F       		.uleb128 0x3f
 668 00a8 19       		.uleb128 0x19
 669 00a9 03       		.uleb128 0x3
 670 00aa 0E       		.uleb128 0xe
 671 00ab 3A       		.uleb128 0x3a
 672 00ac 0B       		.uleb128 0xb
 673 00ad 3B       		.uleb128 0x3b
 674 00ae 0B       		.uleb128 0xb
 675 00af 27       		.uleb128 0x27
 676 00b0 19       		.uleb128 0x19
 677 00b1 3C       		.uleb128 0x3c
 678 00b2 19       		.uleb128 0x19
 679 00b3 00       		.byte	0
 680 00b4 00       		.byte	0
 681 00b5 0D       		.uleb128 0xd
 682 00b6 05       		.uleb128 0x5
 683 00b7 00       		.byte	0
 684 00b8 49       		.uleb128 0x49
 685 00b9 13       		.uleb128 0x13
 686 00ba 00       		.byte	0
 687 00bb 00       		.byte	0
 688 00bc 00       		.byte	0
 689              		.section	.debug_loc,"",%progbits
 690              	.Ldebug_loc0:
 691              	.LLST0:
 692 0000 10000000 		.4byte	.LVL1
 693 0004 1A000000 		.4byte	.LVL2
 694 0008 0100     		.2byte	0x1
 695 000a 52       		.byte	0x52
 696 000b 1A000000 		.4byte	.LVL2
 697 000f 20000000 		.4byte	.LVL3
 698 0013 0100     		.2byte	0x1
 699 0015 53       		.byte	0x53
 700 0016 20000000 		.4byte	.LVL3
 701 001a 22000000 		.4byte	.LVL4
 702 001e 0200     		.2byte	0x2
 703 0020 71       		.byte	0x71
 704 0021 00       		.sleb128 0
 705 0022 00000000 		.4byte	0
 706 0026 00000000 		.4byte	0
 707              	.LLST1:
 708 002a 06000000 		.4byte	.LVL0
ARM GAS  C:\Users\Svilen\AppData\Local\Temp\cc0VjJ9y.s 			page 17


 709 002e 3B000000 		.4byte	.LVL5-1
 710 0032 0100     		.2byte	0x1
 711 0034 50       		.byte	0x50
 712 0035 00000000 		.4byte	0
 713 0039 00000000 		.4byte	0
 714              	.LLST2:
 715 003d 06000000 		.4byte	.LVL6
 716 0041 21000000 		.4byte	.LVL7-1
 717 0045 0100     		.2byte	0x1
 718 0047 50       		.byte	0x50
 719 0048 00000000 		.4byte	0
 720 004c 00000000 		.4byte	0
 721              	.LLST3:
 722 0050 06000000 		.4byte	.LVL10
 723 0054 13000000 		.4byte	.LVL11-1
 724 0058 0100     		.2byte	0x1
 725 005a 50       		.byte	0x50
 726 005b 00000000 		.4byte	0
 727 005f 00000000 		.4byte	0
 728              	.LLST4:
 729 0063 00000000 		.4byte	.LVL12
 730 0067 07000000 		.4byte	.LVL13-1
 731 006b 0100     		.2byte	0x1
 732 006d 50       		.byte	0x50
 733 006e 07000000 		.4byte	.LVL13-1
 734 0072 12000000 		.4byte	.LVL14
 735 0076 0100     		.2byte	0x1
 736 0078 54       		.byte	0x54
 737 0079 12000000 		.4byte	.LVL14
 738 007d 20000000 		.4byte	.LFE4
 739 0081 0400     		.2byte	0x4
 740 0083 F3       		.byte	0xf3
 741 0084 01       		.uleb128 0x1
 742 0085 50       		.byte	0x50
 743 0086 9F       		.byte	0x9f
 744 0087 00000000 		.4byte	0
 745 008b 00000000 		.4byte	0
 746              	.LLST5:
 747 008f 08000000 		.4byte	.LVL13
 748 0093 17000000 		.4byte	.LVL15-1
 749 0097 0100     		.2byte	0x1
 750 0099 50       		.byte	0x50
 751 009a 00000000 		.4byte	0
 752 009e 00000000 		.4byte	0
 753              	.LLST6:
 754 00a2 12000000 		.4byte	.LVL14
 755 00a6 18000000 		.4byte	.LVL16
 756 00aa 0100     		.2byte	0x1
 757 00ac 54       		.byte	0x54
 758 00ad 00000000 		.4byte	0
 759 00b1 00000000 		.4byte	0
 760              		.section	.debug_aranges,"",%progbits
 761 0000 3C000000 		.4byte	0x3c
 762 0004 0200     		.2byte	0x2
 763 0006 00000000 		.4byte	.Ldebug_info0
 764 000a 04       		.byte	0x4
 765 000b 00       		.byte	0
ARM GAS  C:\Users\Svilen\AppData\Local\Temp\cc0VjJ9y.s 			page 18


 766 000c 0000     		.2byte	0
 767 000e 0000     		.2byte	0
 768 0010 00000000 		.4byte	.LFB0
 769 0014 54000000 		.4byte	.LFE0-.LFB0
 770 0018 00000000 		.4byte	.LFB1
 771 001c 2C000000 		.4byte	.LFE1-.LFB1
 772 0020 00000000 		.4byte	.LFB2
 773 0024 20000000 		.4byte	.LFE2-.LFB2
 774 0028 00000000 		.4byte	.LFB3
 775 002c 20000000 		.4byte	.LFE3-.LFB3
 776 0030 00000000 		.4byte	.LFB4
 777 0034 20000000 		.4byte	.LFE4-.LFB4
 778 0038 00000000 		.4byte	0
 779 003c 00000000 		.4byte	0
 780              		.section	.debug_ranges,"",%progbits
 781              	.Ldebug_ranges0:
 782 0000 00000000 		.4byte	.LFB0
 783 0004 54000000 		.4byte	.LFE0
 784 0008 00000000 		.4byte	.LFB1
 785 000c 2C000000 		.4byte	.LFE1
 786 0010 00000000 		.4byte	.LFB2
 787 0014 20000000 		.4byte	.LFE2
 788 0018 00000000 		.4byte	.LFB3
 789 001c 20000000 		.4byte	.LFE3
 790 0020 00000000 		.4byte	.LFB4
 791 0024 20000000 		.4byte	.LFE4
 792 0028 00000000 		.4byte	0
 793 002c 00000000 		.4byte	0
 794              		.section	.debug_line,"",%progbits
 795              	.Ldebug_line0:
 796 0000 C2000000 		.section	.debug_str,"MS",%progbits,1
 796      02005000 
 796      00000201 
 796      FB0E0D00 
 796      01010101 
 797              	.LASF15:
 798 0000 72656733 		.ascii	"reg32\000"
 798      3200
 799              	.LASF23:
 800 0006 49444143 		.ascii	"IDAC_1_SetValue\000"
 800      5F315F53 
 800      65745661 
 800      6C756500 
 801              	.LASF28:
 802 0016 76616C75 		.ascii	"value\000"
 802      6500
 803              	.LASF3:
 804 001c 73686F72 		.ascii	"short unsigned int\000"
 804      7420756E 
 804      7369676E 
 804      65642069 
 804      6E7400
 805              	.LASF8:
 806 002f 756E7369 		.ascii	"unsigned int\000"
 806      676E6564 
 806      20696E74 
 806      00
ARM GAS  C:\Users\Svilen\AppData\Local\Temp\cc0VjJ9y.s 			page 19


 807              	.LASF22:
 808 003c 49444143 		.ascii	"IDAC_1_Stop\000"
 808      5F315F53 
 808      746F7000 
 809              	.LASF11:
 810 0048 666C6F61 		.ascii	"float\000"
 810      7400
 811              	.LASF7:
 812 004e 6C6F6E67 		.ascii	"long long unsigned int\000"
 812      206C6F6E 
 812      6720756E 
 812      7369676E 
 812      65642069 
 813              	.LASF29:
 814 0065 49444143 		.ascii	"IDAC_1_initVar\000"
 814      5F315F69 
 814      6E697456 
 814      617200
 815              	.LASF1:
 816 0074 756E7369 		.ascii	"unsigned char\000"
 816      676E6564 
 816      20636861 
 816      7200
 817              	.LASF14:
 818 0082 72656738 		.ascii	"reg8\000"
 818      00
 819              	.LASF5:
 820 0087 6C6F6E67 		.ascii	"long unsigned int\000"
 820      20756E73 
 820      69676E65 
 820      6420696E 
 820      7400
 821              	.LASF9:
 822 0099 75696E74 		.ascii	"uint8\000"
 822      3800
 823              	.LASF18:
 824 009f 656E6162 		.ascii	"enableInterrupts\000"
 824      6C65496E 
 824      74657272 
 824      75707473 
 824      00
 825              	.LASF12:
 826 00b0 646F7562 		.ascii	"double\000"
 826      6C6500
 827              	.LASF17:
 828 00b7 72656756 		.ascii	"regVal\000"
 828      616C00
 829              	.LASF27:
 830 00be 433A5C77 		.ascii	"C:\\work\\PSoC4\\Desalinator\\Desalinator.cydsn\000"
 830      6F726B5C 
 830      50536F43 
 830      345C4465 
 830      73616C69 
 831              	.LASF10:
 832 00ea 75696E74 		.ascii	"uint32\000"
 832      333200
 833              	.LASF30:
ARM GAS  C:\Users\Svilen\AppData\Local\Temp\cc0VjJ9y.s 			page 20


 834 00f1 4379456E 		.ascii	"CyEnterCriticalSection\000"
 834      74657243 
 834      72697469 
 834      63616C53 
 834      65637469 
 835              	.LASF21:
 836 0108 49444143 		.ascii	"IDAC_1_Start\000"
 836      5F315F53 
 836      74617274 
 836      00
 837              	.LASF31:
 838 0115 43794578 		.ascii	"CyExitCriticalSection\000"
 838      69744372 
 838      69746963 
 838      616C5365 
 838      6374696F 
 839              	.LASF20:
 840 012b 49444143 		.ascii	"IDAC_1_Enable\000"
 840      5F315F45 
 840      6E61626C 
 840      6500
 841              	.LASF16:
 842 0139 73697A65 		.ascii	"sizetype\000"
 842      74797065 
 842      00
 843              	.LASF6:
 844 0142 6C6F6E67 		.ascii	"long long int\000"
 844      206C6F6E 
 844      6720696E 
 844      7400
 845              	.LASF13:
 846 0150 63686172 		.ascii	"char\000"
 846      00
 847              	.LASF25:
 848 0155 474E5520 		.ascii	"GNU C 4.9.3 20150303 (release) [ARM/embedded-4_9-br"
 848      4320342E 
 848      392E3320 
 848      32303135 
 848      30333033 
 849 0188 616E6368 		.ascii	"anch revision 221220] -mcpu=cortex-m0 -mthumb -g -O"
 849      20726576 
 849      6973696F 
 849      6E203232 
 849      31323230 
 850 01bb 67202D66 		.ascii	"g -ffunction-sections -ffat-lto-objects\000"
 850      66756E63 
 850      74696F6E 
 850      2D736563 
 850      74696F6E 
 851              	.LASF2:
 852 01e3 73686F72 		.ascii	"short int\000"
 852      7420696E 
 852      7400
 853              	.LASF24:
 854 01ed 6E657752 		.ascii	"newRegisterValue\000"
 854      65676973 
 854      74657256 
ARM GAS  C:\Users\Svilen\AppData\Local\Temp\cc0VjJ9y.s 			page 21


 854      616C7565 
 854      00
 855              	.LASF26:
 856 01fe 2E5C4765 		.ascii	".\\Generated_Source\\PSoC4\\IDAC_1.c\000"
 856      6E657261 
 856      7465645F 
 856      536F7572 
 856      63655C50 
 857              	.LASF4:
 858 0220 6C6F6E67 		.ascii	"long int\000"
 858      20696E74 
 858      00
 859              	.LASF0:
 860 0229 7369676E 		.ascii	"signed char\000"
 860      65642063 
 860      68617200 
 861              	.LASF19:
 862 0235 49444143 		.ascii	"IDAC_1_Init\000"
 862      5F315F49 
 862      6E697400 
 863              		.ident	"GCC: (GNU Tools for ARM Embedded Processors) 4.9.3 20150303 (release) [ARM/embedded-4_9-br
