ARM GAS  C:\Users\Svilen\AppData\Local\Temp\ccRoUMOz.s 			page 1


   1              		.cpu cortex-m0
   2              		.fpu softvfp
   3              		.eabi_attribute 20, 1
   4              		.eabi_attribute 21, 1
   5              		.eabi_attribute 23, 3
   6              		.eabi_attribute 24, 1
   7              		.eabi_attribute 25, 1
   8              		.eabi_attribute 26, 1
   9              		.eabi_attribute 30, 1
  10              		.eabi_attribute 34, 0
  11              		.eabi_attribute 18, 4
  12              		.code	16
  13              		.file	"main.c"
  14              		.text
  15              	.Ltext0:
  16              		.cfi_sections	.debug_frame
  17              		.section	.text.BtnInputIsr,"ax",%progbits
  18              		.align	2
  19              		.global	BtnInputIsr
  20              		.code	16
  21              		.thumb_func
  22              		.type	BtnInputIsr, %function
  23              	BtnInputIsr:
  24              	.LFB34:
  25              		.file 1 ".\\main.c"
   1:.\main.c      **** /* ========================================
   2:.\main.c      ****  *
   3:.\main.c      ****  * Copyright YOUR COMPANY, THE YEAR
   4:.\main.c      ****  * All Rights Reserved
   5:.\main.c      ****  * UNPUBLISHED, LICENSED SOFTWARE.
   6:.\main.c      ****  *
   7:.\main.c      ****  * CONFIDENTIAL AND PROPRIETARY INFORMATION
   8:.\main.c      ****  * WHICH IS THE PROPERTY OF your company.
   9:.\main.c      ****  *
  10:.\main.c      ****  * ========================================
  11:.\main.c      **** */
  12:.\main.c      **** #include <project.h>
  13:.\main.c      **** #include <CyLib.h>
  14:.\main.c      **** #include <stdio.h>
  15:.\main.c      **** #include "definitions.h"
  16:.\main.c      **** 
  17:.\main.c      **** CY_ISR_PROTO(BtnInputIsr);
  18:.\main.c      **** 
  19:.\main.c      **** CY_ISR(BtnInputIsr)
  20:.\main.c      **** {
  26              		.loc 1 20 0
  27              		.cfi_startproc
  28 0000 10B5     		push	{r4, lr}
  29              		.cfi_def_cfa_offset 8
  30              		.cfi_offset 4, -8
  31              		.cfi_offset 14, -4
  21:.\main.c      ****     uint8 btns;
  22:.\main.c      ****     btns = Btns_Read();
  32              		.loc 1 22 0
  33 0002 FFF7FEFF 		bl	Btns_Read
  34              	.LVL0:
  35 0006 041C     		mov	r4, r0
ARM GAS  C:\Users\Svilen\AppData\Local\Temp\ccRoUMOz.s 			page 2


  36              	.LVL1:
  23:.\main.c      ****     LCD_Position(3,3);
  37              		.loc 1 23 0
  38 0008 0320     		mov	r0, #3
  39 000a 0321     		mov	r1, #3
  40 000c FFF7FEFF 		bl	LCD_Position
  41              	.LVL2:
  24:.\main.c      ****     LCD_PrintHexUint8(btns);        
  42              		.loc 1 24 0
  43 0010 201C     		mov	r0, r4
  44 0012 FFF7FEFF 		bl	LCD_PrintInt8
  45              	.LVL3:
  25:.\main.c      **** }
  46              		.loc 1 25 0
  47              		@ sp needed
  48              	.LVL4:
  49 0016 10BD     		pop	{r4, pc}
  50              		.cfi_endproc
  51              	.LFE34:
  52              		.size	BtnInputIsr, .-BtnInputIsr
  53              		.global	__aeabi_idiv
  54              		.section	.text.main,"ax",%progbits
  55              		.align	2
  56              		.global	main
  57              		.code	16
  58              		.thumb_func
  59              		.type	main, %function
  60              	main:
  61              	.LFB35:
  26:.\main.c      **** 
  27:.\main.c      **** 
  28:.\main.c      **** int main()
  29:.\main.c      **** {
  62              		.loc 1 29 0
  63              		.cfi_startproc
  64 0000 30B5     		push	{r4, r5, lr}
  65              		.cfi_def_cfa_offset 12
  66              		.cfi_offset 4, -12
  67              		.cfi_offset 5, -8
  68              		.cfi_offset 14, -4
  69 0002 87B0     		sub	sp, sp, #28
  70              		.cfi_def_cfa_offset 40
  30:.\main.c      ****     char str[24];
  31:.\main.c      ****     int32 uVolts, resist;
  32:.\main.c      ****     uint16 mxref, adc;
  33:.\main.c      ****     int16  temp;
  34:.\main.c      ****     
  35:.\main.c      ****         
  36:.\main.c      ****     isr_BTNS_StartEx(BtnInputIsr);
  71              		.loc 1 36 0
  72 0004 5C48     		ldr	r0, .L4
  73 0006 FFF7FEFF 		bl	isr_BTNS_StartEx
  74              	.LVL5:
  37:.\main.c      ****     CyGlobalIntEnable; /* Enable global interrupts. */
  75              		.loc 1 37 0
  76              	@ 37 ".\main.c" 1
  77 000a 62B6     		CPSIE   i
ARM GAS  C:\Users\Svilen\AppData\Local\Temp\ccRoUMOz.s 			page 3


  78              	@ 0 "" 2
  38:.\main.c      ****     
  39:.\main.c      ****     Btns_Read();
  79              		.loc 1 39 0
  80              		.code	16
  81 000c FFF7FEFF 		bl	Btns_Read
  82              	.LVL6:
  40:.\main.c      ****     IDAC_Start();
  83              		.loc 1 40 0
  84 0010 FFF7FEFF 		bl	IDAC_Start
  85              	.LVL7:
  41:.\main.c      ****     LCD_Start();
  86              		.loc 1 41 0
  87 0014 FFF7FEFF 		bl	LCD_Start
  88              	.LVL8:
  42:.\main.c      ****     ADC_Start();
  89              		.loc 1 42 0
  90 0018 FFF7FEFF 		bl	ADC_Start
  91              	.LVL9:
  43:.\main.c      ****     ADC_IRQ_Disable();
  92              		.loc 1 43 0
  93 001c FFF7FEFF 		bl	ADC_IRQ_Disable
  94              	.LVL10:
  44:.\main.c      **** 
  45:.\main.c      ****     LCD_Position(0,0);
  95              		.loc 1 45 0
  96 0020 0020     		mov	r0, #0
  97 0022 0021     		mov	r1, #0
  98 0024 FFF7FEFF 		bl	LCD_Position
  99              	.LVL11:
  46:.\main.c      ****     LCD_PrintString("STIV");
 100              		.loc 1 46 0
 101 0028 5448     		ldr	r0, .L4+4
 102 002a FFF7FEFF 		bl	LCD_PrintString
 103              	.LVL12:
  47:.\main.c      ****     LCD_Position(1,0);
 104              		.loc 1 47 0
 105 002e 0120     		mov	r0, #1
 106 0030 0021     		mov	r1, #0
 107 0032 FFF7FEFF 		bl	LCD_Position
 108              	.LVL13:
  48:.\main.c      ****     LCD_PrintString("Engineering");
 109              		.loc 1 48 0
 110 0036 5248     		ldr	r0, .L4+8
 111 0038 FFF7FEFF 		bl	LCD_PrintString
 112              	.LVL14:
  49:.\main.c      **** 
  50:.\main.c      **** 
  51:.\main.c      ****     
  52:.\main.c      ****     CyDelay(2500);
 113              		.loc 1 52 0
 114 003c 5148     		ldr	r0, .L4+12
 115 003e FFF7FEFF 		bl	CyDelay
 116              	.LVL15:
  53:.\main.c      ****     
  54:.\main.c      ****     LCD_ClearDisplay();
 117              		.loc 1 54 0
ARM GAS  C:\Users\Svilen\AppData\Local\Temp\ccRoUMOz.s 			page 4


 118 0042 0120     		mov	r0, #1
 119 0044 FFF7FEFF 		bl	LCD_WriteControl
 120              	.LVL16:
  55:.\main.c      **** 
  56:.\main.c      ****     Pin_out_LP_Write(1);
 121              		.loc 1 56 0
 122 0048 0120     		mov	r0, #1
 123 004a FFF7FEFF 		bl	Pin_out_LP_Write
 124              	.LVL17:
  57:.\main.c      ****     Pin_out_HP_Write(1);
 125              		.loc 1 57 0
 126 004e 0120     		mov	r0, #1
 127 0050 FFF7FEFF 		bl	Pin_out_HP_Write
 128              	.LVL18:
  58:.\main.c      ****     Pin_out_V1_Write(1);
 129              		.loc 1 58 0
 130 0054 0120     		mov	r0, #1
 131 0056 FFF7FEFF 		bl	Pin_out_V1_Write
 132              	.LVL19:
  59:.\main.c      ****     Pin_out_V2_Write(1);
 133              		.loc 1 59 0
 134 005a 0120     		mov	r0, #1
 135 005c FFF7FEFF 		bl	Pin_out_V2_Write
 136              	.LVL20:
  60:.\main.c      ****     Pin_out_START_Write(1);
 137              		.loc 1 60 0
 138 0060 0120     		mov	r0, #1
 139 0062 FFF7FEFF 		bl	Pin_out_START_Write
 140              	.LVL21:
  61:.\main.c      ****     Pin_out_FLUSH_Write(1);
 141              		.loc 1 61 0
 142 0066 0120     		mov	r0, #1
 143 0068 FFF7FEFF 		bl	Pin_out_FLUSH_Write
 144              	.LVL22:
  62:.\main.c      ****     Pin_out_ABN_Write(1);
 145              		.loc 1 62 0
 146 006c 0120     		mov	r0, #1
 147 006e FFF7FEFF 		bl	Pin_out_ABN_Write
 148              	.LVL23:
 149              	.L3:
  63:.\main.c      ****     
  64:.\main.c      **** 
  65:.\main.c      **** 
  66:.\main.c      **** 
  67:.\main.c      ****         
  68:.\main.c      ****     for(;;)
  69:.\main.c      ****     {
  70:.\main.c      ****         //Measure generated analog mux offset for temperature current
  71:.\main.c      ****         AMux_Select(CHN_MUX_REF);
 150              		.loc 1 71 0 discriminator 1
 151 0072 0220     		mov	r0, #2
 152 0074 FFF7FEFF 		bl	AMux_FastSelect
 153              	.LVL24:
  72:.\main.c      ****         IDAC_SetValue(DAC_VALUE_SLN);
 154              		.loc 1 72 0 discriminator 1
 155 0078 0F20     		mov	r0, #15
 156 007a FFF7FEFF 		bl	IDAC_SetValue
ARM GAS  C:\Users\Svilen\AppData\Local\Temp\ccRoUMOz.s 			page 5


 157              	.LVL25:
  73:.\main.c      ****         CyDelay(50);
 158              		.loc 1 73 0 discriminator 1
 159 007e 3220     		mov	r0, #50
 160 0080 FFF7FEFF 		bl	CyDelay
 161              	.LVL26:
  74:.\main.c      ****         ADC_StartConvert();
 162              		.loc 1 74 0 discriminator 1
 163 0084 FFF7FEFF 		bl	ADC_StartConvert
 164              	.LVL27:
  75:.\main.c      ****         ADC_IsEndConversion(ADC_WAIT_FOR_RESULT);
 165              		.loc 1 75 0 discriminator 1
 166 0088 0220     		mov	r0, #2
 167 008a FFF7FEFF 		bl	ADC_IsEndConversion
 168              	.LVL28:
  76:.\main.c      ****         mxref = ADC_GetResult16(CHN_ADC_MUX);     
 169              		.loc 1 76 0 discriminator 1
 170 008e 0020     		mov	r0, #0
 171 0090 FFF7FEFF 		bl	ADC_GetResult16
 172              	.LVL29:
 173 0094 85B2     		uxth	r5, r0
 174              	.LVL30:
  77:.\main.c      ****         
  78:.\main.c      ****         //Measure salinity
  79:.\main.c      ****         AMux_Select(CHN_MUX_SALINITY);
 175              		.loc 1 79 0 discriminator 1
 176 0096 0020     		mov	r0, #0
 177 0098 FFF7FEFF 		bl	AMux_FastSelect
 178              	.LVL31:
  80:.\main.c      ****         IDAC_SetValue(DAC_VALUE_SLN);   
 179              		.loc 1 80 0 discriminator 1
 180 009c 0F20     		mov	r0, #15
 181 009e FFF7FEFF 		bl	IDAC_SetValue
 182              	.LVL32:
  81:.\main.c      ****         CyDelay(50);
 183              		.loc 1 81 0 discriminator 1
 184 00a2 3220     		mov	r0, #50
 185 00a4 FFF7FEFF 		bl	CyDelay
 186              	.LVL33:
  82:.\main.c      ****         ADC_StartConvert();
 187              		.loc 1 82 0 discriminator 1
 188 00a8 FFF7FEFF 		bl	ADC_StartConvert
 189              	.LVL34:
  83:.\main.c      ****         ADC_IsEndConversion(ADC_WAIT_FOR_RESULT);
 190              		.loc 1 83 0 discriminator 1
 191 00ac 0220     		mov	r0, #2
 192 00ae FFF7FEFF 		bl	ADC_IsEndConversion
 193              	.LVL35:
  84:.\main.c      ****         adc = ADC_GetResult16(CHN_ADC_MUX);
 194              		.loc 1 84 0 discriminator 1
 195 00b2 0020     		mov	r0, #0
 196 00b4 FFF7FEFF 		bl	ADC_GetResult16
 197              	.LVL36:
 198 00b8 84B2     		uxth	r4, r0
 199              	.LVL37:
  85:.\main.c      ****         IDAC_SetValue(0);
 200              		.loc 1 85 0 discriminator 1
ARM GAS  C:\Users\Svilen\AppData\Local\Temp\ccRoUMOz.s 			page 6


 201 00ba 0020     		mov	r0, #0
 202 00bc FFF7FEFF 		bl	IDAC_SetValue
 203              	.LVL38:
  86:.\main.c      ****         uVolts = ADC_CountsTo_uVolts(CHN_ADC_MUX, adc - mxref);
 204              		.loc 1 86 0 discriminator 1
 205 00c0 641B     		sub	r4, r4, r5
 206              	.LVL39:
 207 00c2 21B2     		sxth	r1, r4
 208 00c4 0020     		mov	r0, #0
 209 00c6 FFF7FEFF 		bl	ADC_CountsTo_uVolts
 210              	.LVL40:
 211 00ca 031C     		mov	r3, r0
 212              	.LVL41:
  87:.\main.c      ****         
  88:.\main.c      ****         sprintf(str,"S:%d/%lduV       ", adc - mxref, uVolts);   
 213              		.loc 1 88 0 discriminator 1
 214 00cc 6846     		mov	r0, sp
 215              	.LVL42:
 216 00ce 2E49     		ldr	r1, .L4+16
 217 00d0 221C     		mov	r2, r4
 218 00d2 FFF7FEFF 		bl	sprintf
 219              	.LVL43:
  89:.\main.c      ****         LCD_Position(1,0);
 220              		.loc 1 89 0 discriminator 1
 221 00d6 0120     		mov	r0, #1
 222 00d8 0021     		mov	r1, #0
 223 00da FFF7FEFF 		bl	LCD_Position
 224              	.LVL44:
  90:.\main.c      ****         LCD_PrintString(str);
 225              		.loc 1 90 0 discriminator 1
 226 00de 6846     		mov	r0, sp
 227 00e0 FFF7FEFF 		bl	LCD_PrintString
 228              	.LVL45:
  91:.\main.c      **** 
  92:.\main.c      **** 
  93:.\main.c      ****         //Measure generated analog mux offset for temperature current
  94:.\main.c      ****         AMux_Select(CHN_MUX_REF);
 229              		.loc 1 94 0 discriminator 1
 230 00e4 0220     		mov	r0, #2
 231 00e6 FFF7FEFF 		bl	AMux_FastSelect
 232              	.LVL46:
  95:.\main.c      ****         IDAC_SetValue(DAC_VALUE_TEMP);
 233              		.loc 1 95 0 discriminator 1
 234 00ea 0F20     		mov	r0, #15
 235 00ec FFF7FEFF 		bl	IDAC_SetValue
 236              	.LVL47:
  96:.\main.c      ****         CyDelay(50);
 237              		.loc 1 96 0 discriminator 1
 238 00f0 3220     		mov	r0, #50
 239 00f2 FFF7FEFF 		bl	CyDelay
 240              	.LVL48:
  97:.\main.c      ****         ADC_StartConvert();
 241              		.loc 1 97 0 discriminator 1
 242 00f6 FFF7FEFF 		bl	ADC_StartConvert
 243              	.LVL49:
  98:.\main.c      ****         ADC_IsEndConversion(ADC_WAIT_FOR_RESULT);
 244              		.loc 1 98 0 discriminator 1
ARM GAS  C:\Users\Svilen\AppData\Local\Temp\ccRoUMOz.s 			page 7


 245 00fa 0220     		mov	r0, #2
 246 00fc FFF7FEFF 		bl	ADC_IsEndConversion
 247              	.LVL50:
  99:.\main.c      ****         mxref = ADC_GetResult16(CHN_ADC_MUX);     
 248              		.loc 1 99 0 discriminator 1
 249 0100 0020     		mov	r0, #0
 250 0102 FFF7FEFF 		bl	ADC_GetResult16
 251              	.LVL51:
 252 0106 011C     		mov	r1, r0
 253 0108 85B2     		uxth	r5, r0
 254              	.LVL52:
 100:.\main.c      ****         uVolts = ADC_CountsTo_uVolts(CHN_ADC_MUX, mxref);
 255              		.loc 1 100 0 discriminator 1
 256 010a 0020     		mov	r0, #0
 257 010c FFF7FEFF 		bl	ADC_CountsTo_uVolts
 258              	.LVL53:
 101:.\main.c      ****    
 102:.\main.c      ****         //Measure temperature
 103:.\main.c      ****         AMux_Select(CHN_MUX_TEMPERATURE);
 259              		.loc 1 103 0 discriminator 1
 260 0110 0120     		mov	r0, #1
 261 0112 FFF7FEFF 		bl	AMux_FastSelect
 262              	.LVL54:
 104:.\main.c      ****         IDAC_SetValue(DAC_VALUE_TEMP);   
 263              		.loc 1 104 0 discriminator 1
 264 0116 0F20     		mov	r0, #15
 265 0118 FFF7FEFF 		bl	IDAC_SetValue
 266              	.LVL55:
 105:.\main.c      ****         CyDelay(50);
 267              		.loc 1 105 0 discriminator 1
 268 011c 3220     		mov	r0, #50
 269 011e FFF7FEFF 		bl	CyDelay
 270              	.LVL56:
 106:.\main.c      ****         ADC_StartConvert();
 271              		.loc 1 106 0 discriminator 1
 272 0122 FFF7FEFF 		bl	ADC_StartConvert
 273              	.LVL57:
 107:.\main.c      ****         ADC_IsEndConversion(ADC_WAIT_FOR_RESULT);
 274              		.loc 1 107 0 discriminator 1
 275 0126 0220     		mov	r0, #2
 276 0128 FFF7FEFF 		bl	ADC_IsEndConversion
 277              	.LVL58:
 108:.\main.c      ****         adc = ADC_GetResult16(CHN_ADC_MUX);
 278              		.loc 1 108 0 discriminator 1
 279 012c 0020     		mov	r0, #0
 280 012e FFF7FEFF 		bl	ADC_GetResult16
 281              	.LVL59:
 282 0132 84B2     		uxth	r4, r0
 283              	.LVL60:
 109:.\main.c      ****         IDAC_SetValue(0);
 284              		.loc 1 109 0 discriminator 1
 285 0134 0020     		mov	r0, #0
 286 0136 FFF7FEFF 		bl	IDAC_SetValue
 287              	.LVL61:
 110:.\main.c      ****         uVolts = ADC_CountsTo_uVolts(CHN_ADC_MUX, adc - mxref);                
 288              		.loc 1 110 0 discriminator 1
 289 013a 611B     		sub	r1, r4, r5
ARM GAS  C:\Users\Svilen\AppData\Local\Temp\ccRoUMOz.s 			page 8


 290 013c 09B2     		sxth	r1, r1
 291 013e 0020     		mov	r0, #0
 292 0140 FFF7FEFF 		bl	ADC_CountsTo_uVolts
 293              	.LVL62:
 111:.\main.c      ****         resist = (uVolts / DAC_UA_TEMP); 
 294              		.loc 1 111 0 discriminator 1
 295 0144 2421     		mov	r1, #36
 296 0146 FFF7FEFF 		bl	__aeabi_idiv
 297              	.LVL63:
 298 014a 041C     		mov	r4, r0
 299              	.LVL64:
 112:.\main.c      ****         temp = Thermistor_GetTemperature((uint32)resist);
 300              		.loc 1 112 0 discriminator 1
 301 014c FFF7FEFF 		bl	Thermistor_GetTemperature
 302              	.LVL65:
 303 0150 051C     		mov	r5, r0
 304              	.LVL66:
 113:.\main.c      **** 
 114:.\main.c      ****         LCD_Position(0,0);
 305              		.loc 1 114 0 discriminator 1
 306 0152 0020     		mov	r0, #0
 307 0154 0021     		mov	r1, #0
 308 0156 FFF7FEFF 		bl	LCD_Position
 309              	.LVL67:
 115:.\main.c      ****         sprintf(str, "Rt=%ld T=%d  ", resist, temp);
 310              		.loc 1 115 0 discriminator 1
 311 015a 6846     		mov	r0, sp
 312 015c 0B49     		ldr	r1, .L4+20
 313 015e 221C     		mov	r2, r4
 314 0160 2B1C     		mov	r3, r5
 315 0162 FFF7FEFF 		bl	sprintf
 316              	.LVL68:
 116:.\main.c      ****         LCD_PrintString(str);
 317              		.loc 1 116 0 discriminator 1
 318 0166 6846     		mov	r0, sp
 319 0168 FFF7FEFF 		bl	LCD_PrintString
 320              	.LVL69:
 117:.\main.c      **** 
 118:.\main.c      ****         CyDelay(1000);
 321              		.loc 1 118 0 discriminator 1
 322 016c FA20     		mov	r0, #250
 323 016e 8000     		lsl	r0, r0, #2
 324 0170 FFF7FEFF 		bl	CyDelay
 325              	.LVL70:
 119:.\main.c      ****     }
 326              		.loc 1 119 0 discriminator 1
 327 0174 7DE7     		b	.L3
 328              	.L5:
 329 0176 C046     		.align	2
 330              	.L4:
 331 0178 00000000 		.word	BtnInputIsr
 332 017c 00000000 		.word	.LC1
 333 0180 08000000 		.word	.LC3
 334 0184 C4090000 		.word	2500
 335 0188 14000000 		.word	.LC5
 336 018c 28000000 		.word	.LC7
 337              		.cfi_endproc
ARM GAS  C:\Users\Svilen\AppData\Local\Temp\ccRoUMOz.s 			page 9


 338              	.LFE35:
 339              		.size	main, .-main
 340              		.section	.rodata.str1.4,"aMS",%progbits,1
 341              		.align	2
 342              	.LC1:
 343 0000 53544956 		.ascii	"STIV\000"
 343      00
 344 0005 000000   		.space	3
 345              	.LC3:
 346 0008 456E6769 		.ascii	"Engineering\000"
 346      6E656572 
 346      696E6700 
 347              	.LC5:
 348 0014 533A2564 		.ascii	"S:%d/%lduV       \000"
 348      2F256C64 
 348      75562020 
 348      20202020 
 348      2000
 349 0026 0000     		.space	2
 350              	.LC7:
 351 0028 52743D25 		.ascii	"Rt=%ld T=%d  \000"
 351      6C642054 
 351      3D256420 
 351      2000
 352 0036 0000     		.text
 353              	.Letext0:
 354              		.file 2 "Generated_Source\\PSoC4/cytypes.h"
 355              		.file 3 "Generated_Source\\PSoC4/LCD.h"
 356              		.file 4 "Generated_Source\\PSoC4/isr_BTNS.h"
 357              		.file 5 "Generated_Source\\PSoC4/IDAC.h"
 358              		.file 6 "Generated_Source\\PSoC4/ADC.h"
 359              		.file 7 "Generated_Source\\PSoC4/ADC_IRQ.h"
 360              		.file 8 "Generated_Source\\PSoC4/CyLib.h"
 361              		.file 9 "Generated_Source\\PSoC4/Pin_out_LP.h"
 362              		.file 10 "Generated_Source\\PSoC4/Pin_out_HP.h"
 363              		.file 11 "Generated_Source\\PSoC4/Pin_out_V1.h"
 364              		.file 12 "Generated_Source\\PSoC4/Pin_out_V2.h"
 365              		.file 13 "Generated_Source\\PSoC4/Pin_out_START.h"
 366              		.file 14 "Generated_Source\\PSoC4/Pin_out_FLUSH.h"
 367              		.file 15 "Generated_Source\\PSoC4/Pin_out_ABN.h"
 368              		.file 16 "Generated_Source\\PSoC4/AMux.h"
 369              		.file 17 "c:\\program files (x86)\\cypress\\psoc creator\\3.3\\psoc creator\\import\\gnu\\arm\\4.9
 370              		.file 18 "Generated_Source\\PSoC4/Thermistor.h"
 371              		.file 19 "Generated_Source\\PSoC4/Btns.h"
 372              		.section	.debug_info,"",%progbits
 373              	.Ldebug_info0:
 374 0000 9E070000 		.4byte	0x79e
 375 0004 0400     		.2byte	0x4
 376 0006 00000000 		.4byte	.Ldebug_abbrev0
 377 000a 04       		.byte	0x4
 378 000b 01       		.uleb128 0x1
 379 000c 0F020000 		.4byte	.LASF52
 380 0010 01       		.byte	0x1
 381 0011 5B010000 		.4byte	.LASF53
 382 0015 2F010000 		.4byte	.LASF54
 383 0019 00000000 		.4byte	.Ldebug_ranges0+0
 384 001d 00000000 		.4byte	0
ARM GAS  C:\Users\Svilen\AppData\Local\Temp\ccRoUMOz.s 			page 10


 385 0021 00000000 		.4byte	.Ldebug_line0
 386 0025 02       		.uleb128 0x2
 387 0026 01       		.byte	0x1
 388 0027 06       		.byte	0x6
 389 0028 0E030000 		.4byte	.LASF0
 390 002c 02       		.uleb128 0x2
 391 002d 01       		.byte	0x1
 392 002e 08       		.byte	0x8
 393 002f 9D000000 		.4byte	.LASF1
 394 0033 02       		.uleb128 0x2
 395 0034 02       		.byte	0x2
 396 0035 05       		.byte	0x5
 397 0036 AE020000 		.4byte	.LASF2
 398 003a 02       		.uleb128 0x2
 399 003b 02       		.byte	0x2
 400 003c 07       		.byte	0x7
 401 003d 40000000 		.4byte	.LASF3
 402 0041 02       		.uleb128 0x2
 403 0042 04       		.byte	0x4
 404 0043 05       		.byte	0x5
 405 0044 F3020000 		.4byte	.LASF4
 406 0048 02       		.uleb128 0x2
 407 0049 04       		.byte	0x4
 408 004a 07       		.byte	0x7
 409 004b B7000000 		.4byte	.LASF5
 410 004f 02       		.uleb128 0x2
 411 0050 08       		.byte	0x8
 412 0051 05       		.byte	0x5
 413 0052 00000000 		.4byte	.LASF6
 414 0056 02       		.uleb128 0x2
 415 0057 08       		.byte	0x8
 416 0058 07       		.byte	0x7
 417 0059 94010000 		.4byte	.LASF7
 418 005d 03       		.uleb128 0x3
 419 005e 04       		.byte	0x4
 420 005f 05       		.byte	0x5
 421 0060 696E7400 		.ascii	"int\000"
 422 0064 02       		.uleb128 0x2
 423 0065 04       		.byte	0x4
 424 0066 07       		.byte	0x7
 425 0067 87010000 		.4byte	.LASF8
 426 006b 04       		.uleb128 0x4
 427 006c DD020000 		.4byte	.LASF9
 428 0070 02       		.byte	0x2
 429 0071 9801     		.2byte	0x198
 430 0073 2C000000 		.4byte	0x2c
 431 0077 04       		.uleb128 0x4
 432 0078 74010000 		.4byte	.LASF10
 433 007c 02       		.byte	0x2
 434 007d 9901     		.2byte	0x199
 435 007f 3A000000 		.4byte	0x3a
 436 0083 04       		.uleb128 0x4
 437 0084 7B010000 		.4byte	.LASF11
 438 0088 02       		.byte	0x2
 439 0089 9A01     		.2byte	0x19a
 440 008b 48000000 		.4byte	0x48
 441 008f 04       		.uleb128 0x4
ARM GAS  C:\Users\Svilen\AppData\Local\Temp\ccRoUMOz.s 			page 11


 442 0090 B1000000 		.4byte	.LASF12
 443 0094 02       		.byte	0x2
 444 0095 9C01     		.2byte	0x19c
 445 0097 33000000 		.4byte	0x33
 446 009b 04       		.uleb128 0x4
 447 009c CE000000 		.4byte	.LASF13
 448 00a0 02       		.byte	0x2
 449 00a1 9D01     		.2byte	0x19d
 450 00a3 41000000 		.4byte	0x41
 451 00a7 02       		.uleb128 0x2
 452 00a8 04       		.byte	0x4
 453 00a9 04       		.byte	0x4
 454 00aa 8D000000 		.4byte	.LASF14
 455 00ae 02       		.uleb128 0x2
 456 00af 08       		.byte	0x8
 457 00b0 04       		.byte	0x4
 458 00b1 28010000 		.4byte	.LASF15
 459 00b5 04       		.uleb128 0x4
 460 00b6 AB000000 		.4byte	.LASF16
 461 00ba 02       		.byte	0x2
 462 00bb A901     		.2byte	0x1a9
 463 00bd C1000000 		.4byte	0xc1
 464 00c1 02       		.uleb128 0x2
 465 00c2 01       		.byte	0x1
 466 00c3 08       		.byte	0x8
 467 00c4 0A020000 		.4byte	.LASF17
 468 00c8 04       		.uleb128 0x4
 469 00c9 C3010000 		.4byte	.LASF18
 470 00cd 02       		.byte	0x2
 471 00ce 5402     		.2byte	0x254
 472 00d0 D4000000 		.4byte	0xd4
 473 00d4 05       		.uleb128 0x5
 474 00d5 04       		.byte	0x4
 475 00d6 DA000000 		.4byte	0xda
 476 00da 06       		.uleb128 0x6
 477 00db 02       		.uleb128 0x2
 478 00dc 04       		.byte	0x4
 479 00dd 07       		.byte	0x7
 480 00de D0010000 		.4byte	.LASF19
 481 00e2 05       		.uleb128 0x5
 482 00e3 04       		.byte	0x4
 483 00e4 C1000000 		.4byte	0xc1
 484 00e8 05       		.uleb128 0x5
 485 00e9 04       		.byte	0x4
 486 00ea EE000000 		.4byte	0xee
 487 00ee 07       		.uleb128 0x7
 488 00ef C1000000 		.4byte	0xc1
 489 00f3 08       		.uleb128 0x8
 490 00f4 C1000000 		.4byte	0xc1
 491 00f8 03010000 		.4byte	0x103
 492 00fc 09       		.uleb128 0x9
 493 00fd DB000000 		.4byte	0xdb
 494 0101 17       		.byte	0x17
 495 0102 00       		.byte	0
 496 0103 0A       		.uleb128 0xa
 497 0104 FE010000 		.4byte	.LASF20
 498 0108 01       		.byte	0x1
ARM GAS  C:\Users\Svilen\AppData\Local\Temp\ccRoUMOz.s 			page 12


 499 0109 13       		.byte	0x13
 500 010a 00000000 		.4byte	.LFB34
 501 010e 18000000 		.4byte	.LFE34-.LFB34
 502 0112 01       		.uleb128 0x1
 503 0113 9C       		.byte	0x9c
 504 0114 59010000 		.4byte	0x159
 505 0118 0B       		.uleb128 0xb
 506 0119 FE000000 		.4byte	.LASF22
 507 011d 01       		.byte	0x1
 508 011e 15       		.byte	0x15
 509 011f 6B000000 		.4byte	0x6b
 510 0123 00000000 		.4byte	.LLST0
 511 0127 0C       		.uleb128 0xc
 512 0128 06000000 		.4byte	.LVL0
 513 012c F4050000 		.4byte	0x5f4
 514 0130 0D       		.uleb128 0xd
 515 0131 10000000 		.4byte	.LVL2
 516 0135 FF050000 		.4byte	0x5ff
 517 0139 48010000 		.4byte	0x148
 518 013d 0E       		.uleb128 0xe
 519 013e 01       		.uleb128 0x1
 520 013f 51       		.byte	0x51
 521 0140 01       		.uleb128 0x1
 522 0141 33       		.byte	0x33
 523 0142 0E       		.uleb128 0xe
 524 0143 01       		.uleb128 0x1
 525 0144 50       		.byte	0x50
 526 0145 01       		.uleb128 0x1
 527 0146 33       		.byte	0x33
 528 0147 00       		.byte	0
 529 0148 0F       		.uleb128 0xf
 530 0149 16000000 		.4byte	.LVL3
 531 014d 15060000 		.4byte	0x615
 532 0151 0E       		.uleb128 0xe
 533 0152 01       		.uleb128 0x1
 534 0153 50       		.byte	0x50
 535 0154 02       		.uleb128 0x2
 536 0155 74       		.byte	0x74
 537 0156 00       		.sleb128 0
 538 0157 00       		.byte	0
 539 0158 00       		.byte	0
 540 0159 10       		.uleb128 0x10
 541 015a 82010000 		.4byte	.LASF21
 542 015e 01       		.byte	0x1
 543 015f 1C       		.byte	0x1c
 544 0160 5D000000 		.4byte	0x5d
 545 0164 00000000 		.4byte	.LFB35
 546 0168 90010000 		.4byte	.LFE35-.LFB35
 547 016c 01       		.uleb128 0x1
 548 016d 9C       		.byte	0x9c
 549 016e F4050000 		.4byte	0x5f4
 550 0172 11       		.uleb128 0x11
 551 0173 73747200 		.ascii	"str\000"
 552 0177 01       		.byte	0x1
 553 0178 1E       		.byte	0x1e
 554 0179 F3000000 		.4byte	0xf3
 555 017d 02       		.uleb128 0x2
ARM GAS  C:\Users\Svilen\AppData\Local\Temp\ccRoUMOz.s 			page 13


 556 017e 91       		.byte	0x91
 557 017f 58       		.sleb128 -40
 558 0180 0B       		.uleb128 0xb
 559 0181 39000000 		.4byte	.LASF23
 560 0185 01       		.byte	0x1
 561 0186 1F       		.byte	0x1f
 562 0187 9B000000 		.4byte	0x9b
 563 018b 13000000 		.4byte	.LLST1
 564 018f 0B       		.uleb128 0xb
 565 0190 53000000 		.4byte	.LASF24
 566 0194 01       		.byte	0x1
 567 0195 1F       		.byte	0x1f
 568 0196 9B000000 		.4byte	0x9b
 569 019a 3C000000 		.4byte	.LLST2
 570 019e 0B       		.uleb128 0xb
 571 019f 5A000000 		.4byte	.LASF25
 572 01a3 01       		.byte	0x1
 573 01a4 20       		.byte	0x20
 574 01a5 77000000 		.4byte	0x77
 575 01a9 5A000000 		.4byte	.LLST3
 576 01ad 12       		.uleb128 0x12
 577 01ae 61646300 		.ascii	"adc\000"
 578 01b2 01       		.byte	0x1
 579 01b3 20       		.byte	0x20
 580 01b4 77000000 		.4byte	0x77
 581 01b8 6D000000 		.4byte	.LLST4
 582 01bc 13       		.uleb128 0x13
 583 01bd C9000000 		.4byte	.LASF26
 584 01c1 01       		.byte	0x1
 585 01c2 21       		.byte	0x21
 586 01c3 8F000000 		.4byte	0x8f
 587 01c7 01       		.uleb128 0x1
 588 01c8 55       		.byte	0x55
 589 01c9 0D       		.uleb128 0xd
 590 01ca 0A000000 		.4byte	.LVL5
 591 01ce 26060000 		.4byte	0x626
 592 01d2 E0010000 		.4byte	0x1e0
 593 01d6 0E       		.uleb128 0xe
 594 01d7 01       		.uleb128 0x1
 595 01d8 50       		.byte	0x50
 596 01d9 05       		.uleb128 0x5
 597 01da 03       		.byte	0x3
 598 01db 00000000 		.4byte	BtnInputIsr
 599 01df 00       		.byte	0
 600 01e0 0C       		.uleb128 0xc
 601 01e1 10000000 		.4byte	.LVL6
 602 01e5 F4050000 		.4byte	0x5f4
 603 01e9 0C       		.uleb128 0xc
 604 01ea 14000000 		.4byte	.LVL7
 605 01ee 37060000 		.4byte	0x637
 606 01f2 0C       		.uleb128 0xc
 607 01f3 18000000 		.4byte	.LVL8
 608 01f7 3E060000 		.4byte	0x63e
 609 01fb 0C       		.uleb128 0xc
 610 01fc 1C000000 		.4byte	.LVL9
 611 0200 45060000 		.4byte	0x645
 612 0204 0C       		.uleb128 0xc
ARM GAS  C:\Users\Svilen\AppData\Local\Temp\ccRoUMOz.s 			page 14


 613 0205 20000000 		.4byte	.LVL10
 614 0209 4C060000 		.4byte	0x64c
 615 020d 0D       		.uleb128 0xd
 616 020e 28000000 		.4byte	.LVL11
 617 0212 FF050000 		.4byte	0x5ff
 618 0216 25020000 		.4byte	0x225
 619 021a 0E       		.uleb128 0xe
 620 021b 01       		.uleb128 0x1
 621 021c 51       		.byte	0x51
 622 021d 01       		.uleb128 0x1
 623 021e 30       		.byte	0x30
 624 021f 0E       		.uleb128 0xe
 625 0220 01       		.uleb128 0x1
 626 0221 50       		.byte	0x50
 627 0222 01       		.uleb128 0x1
 628 0223 30       		.byte	0x30
 629 0224 00       		.byte	0
 630 0225 0D       		.uleb128 0xd
 631 0226 2E000000 		.4byte	.LVL12
 632 022a 53060000 		.4byte	0x653
 633 022e 3C020000 		.4byte	0x23c
 634 0232 0E       		.uleb128 0xe
 635 0233 01       		.uleb128 0x1
 636 0234 50       		.byte	0x50
 637 0235 05       		.uleb128 0x5
 638 0236 03       		.byte	0x3
 639 0237 00000000 		.4byte	.LC1
 640 023b 00       		.byte	0
 641 023c 0D       		.uleb128 0xd
 642 023d 36000000 		.4byte	.LVL13
 643 0241 FF050000 		.4byte	0x5ff
 644 0245 54020000 		.4byte	0x254
 645 0249 0E       		.uleb128 0xe
 646 024a 01       		.uleb128 0x1
 647 024b 51       		.byte	0x51
 648 024c 01       		.uleb128 0x1
 649 024d 30       		.byte	0x30
 650 024e 0E       		.uleb128 0xe
 651 024f 01       		.uleb128 0x1
 652 0250 50       		.byte	0x50
 653 0251 01       		.uleb128 0x1
 654 0252 31       		.byte	0x31
 655 0253 00       		.byte	0
 656 0254 0D       		.uleb128 0xd
 657 0255 3C000000 		.4byte	.LVL14
 658 0259 53060000 		.4byte	0x653
 659 025d 6B020000 		.4byte	0x26b
 660 0261 0E       		.uleb128 0xe
 661 0262 01       		.uleb128 0x1
 662 0263 50       		.byte	0x50
 663 0264 05       		.uleb128 0x5
 664 0265 03       		.byte	0x3
 665 0266 08000000 		.4byte	.LC3
 666 026a 00       		.byte	0
 667 026b 0D       		.uleb128 0xd
 668 026c 42000000 		.4byte	.LVL15
 669 0270 6F060000 		.4byte	0x66f
ARM GAS  C:\Users\Svilen\AppData\Local\Temp\ccRoUMOz.s 			page 15


 670 0274 80020000 		.4byte	0x280
 671 0278 0E       		.uleb128 0xe
 672 0279 01       		.uleb128 0x1
 673 027a 50       		.byte	0x50
 674 027b 03       		.uleb128 0x3
 675 027c 0A       		.byte	0xa
 676 027d C409     		.2byte	0x9c4
 677 027f 00       		.byte	0
 678 0280 0D       		.uleb128 0xd
 679 0281 48000000 		.4byte	.LVL16
 680 0285 80060000 		.4byte	0x680
 681 0289 93020000 		.4byte	0x293
 682 028d 0E       		.uleb128 0xe
 683 028e 01       		.uleb128 0x1
 684 028f 50       		.byte	0x50
 685 0290 01       		.uleb128 0x1
 686 0291 31       		.byte	0x31
 687 0292 00       		.byte	0
 688 0293 0D       		.uleb128 0xd
 689 0294 4E000000 		.4byte	.LVL17
 690 0298 91060000 		.4byte	0x691
 691 029c A6020000 		.4byte	0x2a6
 692 02a0 0E       		.uleb128 0xe
 693 02a1 01       		.uleb128 0x1
 694 02a2 50       		.byte	0x50
 695 02a3 01       		.uleb128 0x1
 696 02a4 31       		.byte	0x31
 697 02a5 00       		.byte	0
 698 02a6 0D       		.uleb128 0xd
 699 02a7 54000000 		.4byte	.LVL18
 700 02ab A2060000 		.4byte	0x6a2
 701 02af B9020000 		.4byte	0x2b9
 702 02b3 0E       		.uleb128 0xe
 703 02b4 01       		.uleb128 0x1
 704 02b5 50       		.byte	0x50
 705 02b6 01       		.uleb128 0x1
 706 02b7 31       		.byte	0x31
 707 02b8 00       		.byte	0
 708 02b9 0D       		.uleb128 0xd
 709 02ba 5A000000 		.4byte	.LVL19
 710 02be B3060000 		.4byte	0x6b3
 711 02c2 CC020000 		.4byte	0x2cc
 712 02c6 0E       		.uleb128 0xe
 713 02c7 01       		.uleb128 0x1
 714 02c8 50       		.byte	0x50
 715 02c9 01       		.uleb128 0x1
 716 02ca 31       		.byte	0x31
 717 02cb 00       		.byte	0
 718 02cc 0D       		.uleb128 0xd
 719 02cd 60000000 		.4byte	.LVL20
 720 02d1 C4060000 		.4byte	0x6c4
 721 02d5 DF020000 		.4byte	0x2df
 722 02d9 0E       		.uleb128 0xe
 723 02da 01       		.uleb128 0x1
 724 02db 50       		.byte	0x50
 725 02dc 01       		.uleb128 0x1
 726 02dd 31       		.byte	0x31
ARM GAS  C:\Users\Svilen\AppData\Local\Temp\ccRoUMOz.s 			page 16


 727 02de 00       		.byte	0
 728 02df 0D       		.uleb128 0xd
 729 02e0 66000000 		.4byte	.LVL21
 730 02e4 D5060000 		.4byte	0x6d5
 731 02e8 F2020000 		.4byte	0x2f2
 732 02ec 0E       		.uleb128 0xe
 733 02ed 01       		.uleb128 0x1
 734 02ee 50       		.byte	0x50
 735 02ef 01       		.uleb128 0x1
 736 02f0 31       		.byte	0x31
 737 02f1 00       		.byte	0
 738 02f2 0D       		.uleb128 0xd
 739 02f3 6C000000 		.4byte	.LVL22
 740 02f7 E6060000 		.4byte	0x6e6
 741 02fb 05030000 		.4byte	0x305
 742 02ff 0E       		.uleb128 0xe
 743 0300 01       		.uleb128 0x1
 744 0301 50       		.byte	0x50
 745 0302 01       		.uleb128 0x1
 746 0303 31       		.byte	0x31
 747 0304 00       		.byte	0
 748 0305 0D       		.uleb128 0xd
 749 0306 72000000 		.4byte	.LVL23
 750 030a F7060000 		.4byte	0x6f7
 751 030e 18030000 		.4byte	0x318
 752 0312 0E       		.uleb128 0xe
 753 0313 01       		.uleb128 0x1
 754 0314 50       		.byte	0x50
 755 0315 01       		.uleb128 0x1
 756 0316 31       		.byte	0x31
 757 0317 00       		.byte	0
 758 0318 0D       		.uleb128 0xd
 759 0319 78000000 		.4byte	.LVL24
 760 031d 08070000 		.4byte	0x708
 761 0321 2B030000 		.4byte	0x32b
 762 0325 0E       		.uleb128 0xe
 763 0326 01       		.uleb128 0x1
 764 0327 50       		.byte	0x50
 765 0328 01       		.uleb128 0x1
 766 0329 32       		.byte	0x32
 767 032a 00       		.byte	0
 768 032b 0D       		.uleb128 0xd
 769 032c 7E000000 		.4byte	.LVL25
 770 0330 19070000 		.4byte	0x719
 771 0334 3E030000 		.4byte	0x33e
 772 0338 0E       		.uleb128 0xe
 773 0339 01       		.uleb128 0x1
 774 033a 50       		.byte	0x50
 775 033b 01       		.uleb128 0x1
 776 033c 3F       		.byte	0x3f
 777 033d 00       		.byte	0
 778 033e 0D       		.uleb128 0xd
 779 033f 84000000 		.4byte	.LVL26
 780 0343 6F060000 		.4byte	0x66f
 781 0347 52030000 		.4byte	0x352
 782 034b 0E       		.uleb128 0xe
 783 034c 01       		.uleb128 0x1
ARM GAS  C:\Users\Svilen\AppData\Local\Temp\ccRoUMOz.s 			page 17


 784 034d 50       		.byte	0x50
 785 034e 02       		.uleb128 0x2
 786 034f 08       		.byte	0x8
 787 0350 32       		.byte	0x32
 788 0351 00       		.byte	0
 789 0352 0C       		.uleb128 0xc
 790 0353 88000000 		.4byte	.LVL27
 791 0357 2A070000 		.4byte	0x72a
 792 035b 0D       		.uleb128 0xd
 793 035c 8E000000 		.4byte	.LVL28
 794 0360 31070000 		.4byte	0x731
 795 0364 6E030000 		.4byte	0x36e
 796 0368 0E       		.uleb128 0xe
 797 0369 01       		.uleb128 0x1
 798 036a 50       		.byte	0x50
 799 036b 01       		.uleb128 0x1
 800 036c 32       		.byte	0x32
 801 036d 00       		.byte	0
 802 036e 0D       		.uleb128 0xd
 803 036f 94000000 		.4byte	.LVL29
 804 0373 46070000 		.4byte	0x746
 805 0377 81030000 		.4byte	0x381
 806 037b 0E       		.uleb128 0xe
 807 037c 01       		.uleb128 0x1
 808 037d 50       		.byte	0x50
 809 037e 01       		.uleb128 0x1
 810 037f 30       		.byte	0x30
 811 0380 00       		.byte	0
 812 0381 0D       		.uleb128 0xd
 813 0382 9C000000 		.4byte	.LVL31
 814 0386 08070000 		.4byte	0x708
 815 038a 94030000 		.4byte	0x394
 816 038e 0E       		.uleb128 0xe
 817 038f 01       		.uleb128 0x1
 818 0390 50       		.byte	0x50
 819 0391 01       		.uleb128 0x1
 820 0392 30       		.byte	0x30
 821 0393 00       		.byte	0
 822 0394 0D       		.uleb128 0xd
 823 0395 A2000000 		.4byte	.LVL32
 824 0399 19070000 		.4byte	0x719
 825 039d A7030000 		.4byte	0x3a7
 826 03a1 0E       		.uleb128 0xe
 827 03a2 01       		.uleb128 0x1
 828 03a3 50       		.byte	0x50
 829 03a4 01       		.uleb128 0x1
 830 03a5 3F       		.byte	0x3f
 831 03a6 00       		.byte	0
 832 03a7 0D       		.uleb128 0xd
 833 03a8 A8000000 		.4byte	.LVL33
 834 03ac 6F060000 		.4byte	0x66f
 835 03b0 BB030000 		.4byte	0x3bb
 836 03b4 0E       		.uleb128 0xe
 837 03b5 01       		.uleb128 0x1
 838 03b6 50       		.byte	0x50
 839 03b7 02       		.uleb128 0x2
 840 03b8 08       		.byte	0x8
ARM GAS  C:\Users\Svilen\AppData\Local\Temp\ccRoUMOz.s 			page 18


 841 03b9 32       		.byte	0x32
 842 03ba 00       		.byte	0
 843 03bb 0C       		.uleb128 0xc
 844 03bc AC000000 		.4byte	.LVL34
 845 03c0 2A070000 		.4byte	0x72a
 846 03c4 0D       		.uleb128 0xd
 847 03c5 B2000000 		.4byte	.LVL35
 848 03c9 31070000 		.4byte	0x731
 849 03cd D7030000 		.4byte	0x3d7
 850 03d1 0E       		.uleb128 0xe
 851 03d2 01       		.uleb128 0x1
 852 03d3 50       		.byte	0x50
 853 03d4 01       		.uleb128 0x1
 854 03d5 32       		.byte	0x32
 855 03d6 00       		.byte	0
 856 03d7 0D       		.uleb128 0xd
 857 03d8 B8000000 		.4byte	.LVL36
 858 03dc 46070000 		.4byte	0x746
 859 03e0 EA030000 		.4byte	0x3ea
 860 03e4 0E       		.uleb128 0xe
 861 03e5 01       		.uleb128 0x1
 862 03e6 50       		.byte	0x50
 863 03e7 01       		.uleb128 0x1
 864 03e8 30       		.byte	0x30
 865 03e9 00       		.byte	0
 866 03ea 0D       		.uleb128 0xd
 867 03eb C0000000 		.4byte	.LVL38
 868 03ef 19070000 		.4byte	0x719
 869 03f3 FD030000 		.4byte	0x3fd
 870 03f7 0E       		.uleb128 0xe
 871 03f8 01       		.uleb128 0x1
 872 03f9 50       		.byte	0x50
 873 03fa 01       		.uleb128 0x1
 874 03fb 30       		.byte	0x30
 875 03fc 00       		.byte	0
 876 03fd 0D       		.uleb128 0xd
 877 03fe CA000000 		.4byte	.LVL40
 878 0402 5B070000 		.4byte	0x75b
 879 0406 16040000 		.4byte	0x416
 880 040a 0E       		.uleb128 0xe
 881 040b 01       		.uleb128 0x1
 882 040c 51       		.byte	0x51
 883 040d 02       		.uleb128 0x2
 884 040e 74       		.byte	0x74
 885 040f 00       		.sleb128 0
 886 0410 0E       		.uleb128 0xe
 887 0411 01       		.uleb128 0x1
 888 0412 50       		.byte	0x50
 889 0413 01       		.uleb128 0x1
 890 0414 30       		.byte	0x30
 891 0415 00       		.byte	0
 892 0416 0D       		.uleb128 0xd
 893 0417 D6000000 		.4byte	.LVL43
 894 041b 75070000 		.4byte	0x775
 895 041f 39040000 		.4byte	0x439
 896 0423 0E       		.uleb128 0xe
 897 0424 01       		.uleb128 0x1
ARM GAS  C:\Users\Svilen\AppData\Local\Temp\ccRoUMOz.s 			page 19


 898 0425 52       		.byte	0x52
 899 0426 02       		.uleb128 0x2
 900 0427 74       		.byte	0x74
 901 0428 00       		.sleb128 0
 902 0429 0E       		.uleb128 0xe
 903 042a 01       		.uleb128 0x1
 904 042b 51       		.byte	0x51
 905 042c 05       		.uleb128 0x5
 906 042d 03       		.byte	0x3
 907 042e 14000000 		.4byte	.LC5
 908 0432 0E       		.uleb128 0xe
 909 0433 01       		.uleb128 0x1
 910 0434 50       		.byte	0x50
 911 0435 02       		.uleb128 0x2
 912 0436 7D       		.byte	0x7d
 913 0437 00       		.sleb128 0
 914 0438 00       		.byte	0
 915 0439 0D       		.uleb128 0xd
 916 043a DE000000 		.4byte	.LVL44
 917 043e FF050000 		.4byte	0x5ff
 918 0442 51040000 		.4byte	0x451
 919 0446 0E       		.uleb128 0xe
 920 0447 01       		.uleb128 0x1
 921 0448 51       		.byte	0x51
 922 0449 01       		.uleb128 0x1
 923 044a 30       		.byte	0x30
 924 044b 0E       		.uleb128 0xe
 925 044c 01       		.uleb128 0x1
 926 044d 50       		.byte	0x50
 927 044e 01       		.uleb128 0x1
 928 044f 31       		.byte	0x31
 929 0450 00       		.byte	0
 930 0451 0D       		.uleb128 0xd
 931 0452 E4000000 		.4byte	.LVL45
 932 0456 53060000 		.4byte	0x653
 933 045a 65040000 		.4byte	0x465
 934 045e 0E       		.uleb128 0xe
 935 045f 01       		.uleb128 0x1
 936 0460 50       		.byte	0x50
 937 0461 02       		.uleb128 0x2
 938 0462 7D       		.byte	0x7d
 939 0463 00       		.sleb128 0
 940 0464 00       		.byte	0
 941 0465 0D       		.uleb128 0xd
 942 0466 EA000000 		.4byte	.LVL46
 943 046a 08070000 		.4byte	0x708
 944 046e 78040000 		.4byte	0x478
 945 0472 0E       		.uleb128 0xe
 946 0473 01       		.uleb128 0x1
 947 0474 50       		.byte	0x50
 948 0475 01       		.uleb128 0x1
 949 0476 32       		.byte	0x32
 950 0477 00       		.byte	0
 951 0478 0D       		.uleb128 0xd
 952 0479 F0000000 		.4byte	.LVL47
 953 047d 19070000 		.4byte	0x719
 954 0481 8B040000 		.4byte	0x48b
ARM GAS  C:\Users\Svilen\AppData\Local\Temp\ccRoUMOz.s 			page 20


 955 0485 0E       		.uleb128 0xe
 956 0486 01       		.uleb128 0x1
 957 0487 50       		.byte	0x50
 958 0488 01       		.uleb128 0x1
 959 0489 3F       		.byte	0x3f
 960 048a 00       		.byte	0
 961 048b 0D       		.uleb128 0xd
 962 048c F6000000 		.4byte	.LVL48
 963 0490 6F060000 		.4byte	0x66f
 964 0494 9F040000 		.4byte	0x49f
 965 0498 0E       		.uleb128 0xe
 966 0499 01       		.uleb128 0x1
 967 049a 50       		.byte	0x50
 968 049b 02       		.uleb128 0x2
 969 049c 08       		.byte	0x8
 970 049d 32       		.byte	0x32
 971 049e 00       		.byte	0
 972 049f 0C       		.uleb128 0xc
 973 04a0 FA000000 		.4byte	.LVL49
 974 04a4 2A070000 		.4byte	0x72a
 975 04a8 0D       		.uleb128 0xd
 976 04a9 00010000 		.4byte	.LVL50
 977 04ad 31070000 		.4byte	0x731
 978 04b1 BB040000 		.4byte	0x4bb
 979 04b5 0E       		.uleb128 0xe
 980 04b6 01       		.uleb128 0x1
 981 04b7 50       		.byte	0x50
 982 04b8 01       		.uleb128 0x1
 983 04b9 32       		.byte	0x32
 984 04ba 00       		.byte	0
 985 04bb 0D       		.uleb128 0xd
 986 04bc 06010000 		.4byte	.LVL51
 987 04c0 46070000 		.4byte	0x746
 988 04c4 CE040000 		.4byte	0x4ce
 989 04c8 0E       		.uleb128 0xe
 990 04c9 01       		.uleb128 0x1
 991 04ca 50       		.byte	0x50
 992 04cb 01       		.uleb128 0x1
 993 04cc 30       		.byte	0x30
 994 04cd 00       		.byte	0
 995 04ce 0D       		.uleb128 0xd
 996 04cf 10010000 		.4byte	.LVL53
 997 04d3 5B070000 		.4byte	0x75b
 998 04d7 E1040000 		.4byte	0x4e1
 999 04db 0E       		.uleb128 0xe
 1000 04dc 01       		.uleb128 0x1
 1001 04dd 50       		.byte	0x50
 1002 04de 01       		.uleb128 0x1
 1003 04df 30       		.byte	0x30
 1004 04e0 00       		.byte	0
 1005 04e1 0D       		.uleb128 0xd
 1006 04e2 16010000 		.4byte	.LVL54
 1007 04e6 08070000 		.4byte	0x708
 1008 04ea F4040000 		.4byte	0x4f4
 1009 04ee 0E       		.uleb128 0xe
 1010 04ef 01       		.uleb128 0x1
 1011 04f0 50       		.byte	0x50
ARM GAS  C:\Users\Svilen\AppData\Local\Temp\ccRoUMOz.s 			page 21


 1012 04f1 01       		.uleb128 0x1
 1013 04f2 31       		.byte	0x31
 1014 04f3 00       		.byte	0
 1015 04f4 0D       		.uleb128 0xd
 1016 04f5 1C010000 		.4byte	.LVL55
 1017 04f9 19070000 		.4byte	0x719
 1018 04fd 07050000 		.4byte	0x507
 1019 0501 0E       		.uleb128 0xe
 1020 0502 01       		.uleb128 0x1
 1021 0503 50       		.byte	0x50
 1022 0504 01       		.uleb128 0x1
 1023 0505 3F       		.byte	0x3f
 1024 0506 00       		.byte	0
 1025 0507 0D       		.uleb128 0xd
 1026 0508 22010000 		.4byte	.LVL56
 1027 050c 6F060000 		.4byte	0x66f
 1028 0510 1B050000 		.4byte	0x51b
 1029 0514 0E       		.uleb128 0xe
 1030 0515 01       		.uleb128 0x1
 1031 0516 50       		.byte	0x50
 1032 0517 02       		.uleb128 0x2
 1033 0518 08       		.byte	0x8
 1034 0519 32       		.byte	0x32
 1035 051a 00       		.byte	0
 1036 051b 0C       		.uleb128 0xc
 1037 051c 26010000 		.4byte	.LVL57
 1038 0520 2A070000 		.4byte	0x72a
 1039 0524 0D       		.uleb128 0xd
 1040 0525 2C010000 		.4byte	.LVL58
 1041 0529 31070000 		.4byte	0x731
 1042 052d 37050000 		.4byte	0x537
 1043 0531 0E       		.uleb128 0xe
 1044 0532 01       		.uleb128 0x1
 1045 0533 50       		.byte	0x50
 1046 0534 01       		.uleb128 0x1
 1047 0535 32       		.byte	0x32
 1048 0536 00       		.byte	0
 1049 0537 0D       		.uleb128 0xd
 1050 0538 32010000 		.4byte	.LVL59
 1051 053c 46070000 		.4byte	0x746
 1052 0540 4A050000 		.4byte	0x54a
 1053 0544 0E       		.uleb128 0xe
 1054 0545 01       		.uleb128 0x1
 1055 0546 50       		.byte	0x50
 1056 0547 01       		.uleb128 0x1
 1057 0548 30       		.byte	0x30
 1058 0549 00       		.byte	0
 1059 054a 0D       		.uleb128 0xd
 1060 054b 3A010000 		.4byte	.LVL61
 1061 054f 19070000 		.4byte	0x719
 1062 0553 5D050000 		.4byte	0x55d
 1063 0557 0E       		.uleb128 0xe
 1064 0558 01       		.uleb128 0x1
 1065 0559 50       		.byte	0x50
 1066 055a 01       		.uleb128 0x1
 1067 055b 30       		.byte	0x30
 1068 055c 00       		.byte	0
ARM GAS  C:\Users\Svilen\AppData\Local\Temp\ccRoUMOz.s 			page 22


 1069 055d 0D       		.uleb128 0xd
 1070 055e 44010000 		.4byte	.LVL62
 1071 0562 5B070000 		.4byte	0x75b
 1072 0566 79050000 		.4byte	0x579
 1073 056a 0E       		.uleb128 0xe
 1074 056b 01       		.uleb128 0x1
 1075 056c 51       		.byte	0x51
 1076 056d 05       		.uleb128 0x5
 1077 056e 74       		.byte	0x74
 1078 056f 00       		.sleb128 0
 1079 0570 75       		.byte	0x75
 1080 0571 00       		.sleb128 0
 1081 0572 1C       		.byte	0x1c
 1082 0573 0E       		.uleb128 0xe
 1083 0574 01       		.uleb128 0x1
 1084 0575 50       		.byte	0x50
 1085 0576 01       		.uleb128 0x1
 1086 0577 30       		.byte	0x30
 1087 0578 00       		.byte	0
 1088 0579 0D       		.uleb128 0xd
 1089 057a 50010000 		.4byte	.LVL65
 1090 057e 90070000 		.4byte	0x790
 1091 0582 8D050000 		.4byte	0x58d
 1092 0586 0E       		.uleb128 0xe
 1093 0587 01       		.uleb128 0x1
 1094 0588 50       		.byte	0x50
 1095 0589 02       		.uleb128 0x2
 1096 058a 74       		.byte	0x74
 1097 058b 00       		.sleb128 0
 1098 058c 00       		.byte	0
 1099 058d 0D       		.uleb128 0xd
 1100 058e 5A010000 		.4byte	.LVL67
 1101 0592 FF050000 		.4byte	0x5ff
 1102 0596 A5050000 		.4byte	0x5a5
 1103 059a 0E       		.uleb128 0xe
 1104 059b 01       		.uleb128 0x1
 1105 059c 51       		.byte	0x51
 1106 059d 01       		.uleb128 0x1
 1107 059e 30       		.byte	0x30
 1108 059f 0E       		.uleb128 0xe
 1109 05a0 01       		.uleb128 0x1
 1110 05a1 50       		.byte	0x50
 1111 05a2 01       		.uleb128 0x1
 1112 05a3 30       		.byte	0x30
 1113 05a4 00       		.byte	0
 1114 05a5 0D       		.uleb128 0xd
 1115 05a6 66010000 		.4byte	.LVL68
 1116 05aa 75070000 		.4byte	0x775
 1117 05ae CE050000 		.4byte	0x5ce
 1118 05b2 0E       		.uleb128 0xe
 1119 05b3 01       		.uleb128 0x1
 1120 05b4 53       		.byte	0x53
 1121 05b5 02       		.uleb128 0x2
 1122 05b6 75       		.byte	0x75
 1123 05b7 00       		.sleb128 0
 1124 05b8 0E       		.uleb128 0xe
 1125 05b9 01       		.uleb128 0x1
ARM GAS  C:\Users\Svilen\AppData\Local\Temp\ccRoUMOz.s 			page 23


 1126 05ba 52       		.byte	0x52
 1127 05bb 02       		.uleb128 0x2
 1128 05bc 74       		.byte	0x74
 1129 05bd 00       		.sleb128 0
 1130 05be 0E       		.uleb128 0xe
 1131 05bf 01       		.uleb128 0x1
 1132 05c0 51       		.byte	0x51
 1133 05c1 05       		.uleb128 0x5
 1134 05c2 03       		.byte	0x3
 1135 05c3 28000000 		.4byte	.LC7
 1136 05c7 0E       		.uleb128 0xe
 1137 05c8 01       		.uleb128 0x1
 1138 05c9 50       		.byte	0x50
 1139 05ca 02       		.uleb128 0x2
 1140 05cb 7D       		.byte	0x7d
 1141 05cc 00       		.sleb128 0
 1142 05cd 00       		.byte	0
 1143 05ce 0D       		.uleb128 0xd
 1144 05cf 6C010000 		.4byte	.LVL69
 1145 05d3 53060000 		.4byte	0x653
 1146 05d7 E2050000 		.4byte	0x5e2
 1147 05db 0E       		.uleb128 0xe
 1148 05dc 01       		.uleb128 0x1
 1149 05dd 50       		.byte	0x50
 1150 05de 02       		.uleb128 0x2
 1151 05df 7D       		.byte	0x7d
 1152 05e0 00       		.sleb128 0
 1153 05e1 00       		.byte	0
 1154 05e2 0F       		.uleb128 0xf
 1155 05e3 74010000 		.4byte	.LVL70
 1156 05e7 6F060000 		.4byte	0x66f
 1157 05eb 0E       		.uleb128 0xe
 1158 05ec 01       		.uleb128 0x1
 1159 05ed 50       		.byte	0x50
 1160 05ee 03       		.uleb128 0x3
 1161 05ef 0A       		.byte	0xa
 1162 05f0 E803     		.2byte	0x3e8
 1163 05f2 00       		.byte	0
 1164 05f3 00       		.byte	0
 1165 05f4 14       		.uleb128 0x14
 1166 05f5 2F000000 		.4byte	.LASF55
 1167 05f9 13       		.byte	0x13
 1168 05fa 32       		.byte	0x32
 1169 05fb 6B000000 		.4byte	0x6b
 1170 05ff 15       		.uleb128 0x15
 1171 0600 25030000 		.4byte	.LASF27
 1172 0604 03       		.byte	0x3
 1173 0605 3D       		.byte	0x3d
 1174 0606 15060000 		.4byte	0x615
 1175 060a 16       		.uleb128 0x16
 1176 060b 6B000000 		.4byte	0x6b
 1177 060f 16       		.uleb128 0x16
 1178 0610 6B000000 		.4byte	0x6b
 1179 0614 00       		.byte	0
 1180 0615 15       		.uleb128 0x15
 1181 0616 AB010000 		.4byte	.LASF28
 1182 061a 03       		.byte	0x3
ARM GAS  C:\Users\Svilen\AppData\Local\Temp\ccRoUMOz.s 			page 24


 1183 061b 5D       		.byte	0x5d
 1184 061c 26060000 		.4byte	0x626
 1185 0620 16       		.uleb128 0x16
 1186 0621 6B000000 		.4byte	0x6b
 1187 0625 00       		.byte	0
 1188 0626 15       		.uleb128 0x15
 1189 0627 60000000 		.4byte	.LASF29
 1190 062b 04       		.byte	0x4
 1191 062c 18       		.byte	0x18
 1192 062d 37060000 		.4byte	0x637
 1193 0631 16       		.uleb128 0x16
 1194 0632 C8000000 		.4byte	0xc8
 1195 0636 00       		.byte	0
 1196 0637 17       		.uleb128 0x17
 1197 0638 1A030000 		.4byte	.LASF30
 1198 063c 05       		.byte	0x5
 1199 063d 52       		.byte	0x52
 1200 063e 17       		.uleb128 0x17
 1201 063f 93000000 		.4byte	.LASF31
 1202 0643 03       		.byte	0x3
 1203 0644 38       		.byte	0x38
 1204 0645 17       		.uleb128 0x17
 1205 0646 B9010000 		.4byte	.LASF32
 1206 064a 06       		.byte	0x6
 1207 064b 98       		.byte	0x98
 1208 064c 17       		.uleb128 0x17
 1209 064d E3020000 		.4byte	.LASF33
 1210 0651 07       		.byte	0x7
 1211 0652 25       		.byte	0x25
 1212 0653 15       		.uleb128 0x15
 1213 0654 64010000 		.4byte	.LASF34
 1214 0658 03       		.byte	0x3
 1215 0659 3C       		.byte	0x3c
 1216 065a 64060000 		.4byte	0x664
 1217 065e 16       		.uleb128 0x16
 1218 065f 64060000 		.4byte	0x664
 1219 0663 00       		.byte	0
 1220 0664 05       		.uleb128 0x5
 1221 0665 04       		.byte	0x4
 1222 0666 6A060000 		.4byte	0x66a
 1223 066a 07       		.uleb128 0x7
 1224 066b B5000000 		.4byte	0xb5
 1225 066f 15       		.uleb128 0x15
 1226 0670 85000000 		.4byte	.LASF35
 1227 0674 08       		.byte	0x8
 1228 0675 D7       		.byte	0xd7
 1229 0676 80060000 		.4byte	0x680
 1230 067a 16       		.uleb128 0x16
 1231 067b 83000000 		.4byte	0x83
 1232 067f 00       		.byte	0
 1233 0680 15       		.uleb128 0x15
 1234 0681 1E000000 		.4byte	.LASF36
 1235 0685 03       		.byte	0x3
 1236 0686 3A       		.byte	0x3a
 1237 0687 91060000 		.4byte	0x691
 1238 068b 16       		.uleb128 0x16
 1239 068c 6B000000 		.4byte	0x6b
ARM GAS  C:\Users\Svilen\AppData\Local\Temp\ccRoUMOz.s 			page 25


 1240 0690 00       		.byte	0
 1241 0691 15       		.uleb128 0x15
 1242 0692 48030000 		.4byte	.LASF37
 1243 0696 09       		.byte	0x9
 1244 0697 33       		.byte	0x33
 1245 0698 A2060000 		.4byte	0x6a2
 1246 069c 16       		.uleb128 0x16
 1247 069d 6B000000 		.4byte	0x6b
 1248 06a1 00       		.byte	0
 1249 06a2 15       		.uleb128 0x15
 1250 06a3 9D020000 		.4byte	.LASF38
 1251 06a7 0A       		.byte	0xa
 1252 06a8 33       		.byte	0x33
 1253 06a9 B3060000 		.4byte	0x6b3
 1254 06ad 16       		.uleb128 0x16
 1255 06ae 6B000000 		.4byte	0x6b
 1256 06b2 00       		.byte	0
 1257 06b3 15       		.uleb128 0x15
 1258 06b4 17010000 		.4byte	.LASF39
 1259 06b8 0B       		.byte	0xb
 1260 06b9 33       		.byte	0x33
 1261 06ba C4060000 		.4byte	0x6c4
 1262 06be 16       		.uleb128 0x16
 1263 06bf 6B000000 		.4byte	0x6b
 1264 06c3 00       		.byte	0
 1265 06c4 15       		.uleb128 0x15
 1266 06c5 CC020000 		.4byte	.LASF40
 1267 06c9 0C       		.byte	0xc
 1268 06ca 33       		.byte	0x33
 1269 06cb D5060000 		.4byte	0x6d5
 1270 06cf 16       		.uleb128 0x16
 1271 06d0 6B000000 		.4byte	0x6b
 1272 06d4 00       		.byte	0
 1273 06d5 15       		.uleb128 0x15
 1274 06d6 71000000 		.4byte	.LASF41
 1275 06da 0D       		.byte	0xd
 1276 06db 33       		.byte	0x33
 1277 06dc E6060000 		.4byte	0x6e6
 1278 06e0 16       		.uleb128 0x16
 1279 06e1 6B000000 		.4byte	0x6b
 1280 06e5 00       		.byte	0
 1281 06e6 15       		.uleb128 0x15
 1282 06e7 B8020000 		.4byte	.LASF42
 1283 06eb 0E       		.byte	0xe
 1284 06ec 33       		.byte	0x33
 1285 06ed F7060000 		.4byte	0x6f7
 1286 06f1 16       		.uleb128 0x16
 1287 06f2 6B000000 		.4byte	0x6b
 1288 06f6 00       		.byte	0
 1289 06f7 15       		.uleb128 0x15
 1290 06f8 FC020000 		.4byte	.LASF43
 1291 06fc 0F       		.byte	0xf
 1292 06fd 33       		.byte	0x33
 1293 06fe 08070000 		.4byte	0x708
 1294 0702 16       		.uleb128 0x16
 1295 0703 6B000000 		.4byte	0x6b
 1296 0707 00       		.byte	0
ARM GAS  C:\Users\Svilen\AppData\Local\Temp\ccRoUMOz.s 			page 26


 1297 0708 15       		.uleb128 0x15
 1298 0709 0E000000 		.4byte	.LASF44
 1299 070d 10       		.byte	0x10
 1300 070e 20       		.byte	0x20
 1301 070f 19070000 		.4byte	0x719
 1302 0713 16       		.uleb128 0x16
 1303 0714 6B000000 		.4byte	0x6b
 1304 0718 00       		.byte	0
 1305 0719 15       		.uleb128 0x15
 1306 071a 3A030000 		.4byte	.LASF45
 1307 071e 05       		.byte	0x5
 1308 071f 54       		.byte	0x54
 1309 0720 2A070000 		.4byte	0x72a
 1310 0724 16       		.uleb128 0x16
 1311 0725 83000000 		.4byte	0x83
 1312 0729 00       		.byte	0
 1313 072a 17       		.uleb128 0x17
 1314 072b ED010000 		.4byte	.LASF46
 1315 072f 06       		.byte	0x6
 1316 0730 9C       		.byte	0x9c
 1317 0731 18       		.uleb128 0x18
 1318 0732 03010000 		.4byte	.LASF47
 1319 0736 06       		.byte	0x6
 1320 0737 9E       		.byte	0x9e
 1321 0738 83000000 		.4byte	0x83
 1322 073c 46070000 		.4byte	0x746
 1323 0740 16       		.uleb128 0x16
 1324 0741 83000000 		.4byte	0x83
 1325 0745 00       		.byte	0
 1326 0746 18       		.uleb128 0x18
 1327 0747 EE000000 		.4byte	.LASF48
 1328 074b 06       		.byte	0x6
 1329 074c 9F       		.byte	0x9f
 1330 074d 8F000000 		.4byte	0x8f
 1331 0751 5B070000 		.4byte	0x75b
 1332 0755 16       		.uleb128 0x16
 1333 0756 83000000 		.4byte	0x83
 1334 075a 00       		.byte	0
 1335 075b 18       		.uleb128 0x18
 1336 075c D9010000 		.4byte	.LASF49
 1337 0760 06       		.byte	0x6
 1338 0761 AC       		.byte	0xac
 1339 0762 9B000000 		.4byte	0x9b
 1340 0766 75070000 		.4byte	0x775
 1341 076a 16       		.uleb128 0x16
 1342 076b 83000000 		.4byte	0x83
 1343 076f 16       		.uleb128 0x16
 1344 0770 8F000000 		.4byte	0x8f
 1345 0774 00       		.byte	0
 1346 0775 18       		.uleb128 0x18
 1347 0776 32030000 		.4byte	.LASF50
 1348 077a 11       		.byte	0x11
 1349 077b DE       		.byte	0xde
 1350 077c 5D000000 		.4byte	0x5d
 1351 0780 90070000 		.4byte	0x790
 1352 0784 16       		.uleb128 0x16
 1353 0785 E2000000 		.4byte	0xe2
ARM GAS  C:\Users\Svilen\AppData\Local\Temp\ccRoUMOz.s 			page 27


 1354 0789 16       		.uleb128 0x16
 1355 078a E8000000 		.4byte	0xe8
 1356 078e 19       		.uleb128 0x19
 1357 078f 00       		.byte	0
 1358 0790 1A       		.uleb128 0x1a
 1359 0791 D4000000 		.4byte	.LASF51
 1360 0795 12       		.byte	0x12
 1361 0796 32       		.byte	0x32
 1362 0797 8F000000 		.4byte	0x8f
 1363 079b 16       		.uleb128 0x16
 1364 079c 83000000 		.4byte	0x83
 1365 07a0 00       		.byte	0
 1366 07a1 00       		.byte	0
 1367              		.section	.debug_abbrev,"",%progbits
 1368              	.Ldebug_abbrev0:
 1369 0000 01       		.uleb128 0x1
 1370 0001 11       		.uleb128 0x11
 1371 0002 01       		.byte	0x1
 1372 0003 25       		.uleb128 0x25
 1373 0004 0E       		.uleb128 0xe
 1374 0005 13       		.uleb128 0x13
 1375 0006 0B       		.uleb128 0xb
 1376 0007 03       		.uleb128 0x3
 1377 0008 0E       		.uleb128 0xe
 1378 0009 1B       		.uleb128 0x1b
 1379 000a 0E       		.uleb128 0xe
 1380 000b 55       		.uleb128 0x55
 1381 000c 17       		.uleb128 0x17
 1382 000d 11       		.uleb128 0x11
 1383 000e 01       		.uleb128 0x1
 1384 000f 10       		.uleb128 0x10
 1385 0010 17       		.uleb128 0x17
 1386 0011 00       		.byte	0
 1387 0012 00       		.byte	0
 1388 0013 02       		.uleb128 0x2
 1389 0014 24       		.uleb128 0x24
 1390 0015 00       		.byte	0
 1391 0016 0B       		.uleb128 0xb
 1392 0017 0B       		.uleb128 0xb
 1393 0018 3E       		.uleb128 0x3e
 1394 0019 0B       		.uleb128 0xb
 1395 001a 03       		.uleb128 0x3
 1396 001b 0E       		.uleb128 0xe
 1397 001c 00       		.byte	0
 1398 001d 00       		.byte	0
 1399 001e 03       		.uleb128 0x3
 1400 001f 24       		.uleb128 0x24
 1401 0020 00       		.byte	0
 1402 0021 0B       		.uleb128 0xb
 1403 0022 0B       		.uleb128 0xb
 1404 0023 3E       		.uleb128 0x3e
 1405 0024 0B       		.uleb128 0xb
 1406 0025 03       		.uleb128 0x3
 1407 0026 08       		.uleb128 0x8
 1408 0027 00       		.byte	0
 1409 0028 00       		.byte	0
 1410 0029 04       		.uleb128 0x4
ARM GAS  C:\Users\Svilen\AppData\Local\Temp\ccRoUMOz.s 			page 28


 1411 002a 16       		.uleb128 0x16
 1412 002b 00       		.byte	0
 1413 002c 03       		.uleb128 0x3
 1414 002d 0E       		.uleb128 0xe
 1415 002e 3A       		.uleb128 0x3a
 1416 002f 0B       		.uleb128 0xb
 1417 0030 3B       		.uleb128 0x3b
 1418 0031 05       		.uleb128 0x5
 1419 0032 49       		.uleb128 0x49
 1420 0033 13       		.uleb128 0x13
 1421 0034 00       		.byte	0
 1422 0035 00       		.byte	0
 1423 0036 05       		.uleb128 0x5
 1424 0037 0F       		.uleb128 0xf
 1425 0038 00       		.byte	0
 1426 0039 0B       		.uleb128 0xb
 1427 003a 0B       		.uleb128 0xb
 1428 003b 49       		.uleb128 0x49
 1429 003c 13       		.uleb128 0x13
 1430 003d 00       		.byte	0
 1431 003e 00       		.byte	0
 1432 003f 06       		.uleb128 0x6
 1433 0040 15       		.uleb128 0x15
 1434 0041 00       		.byte	0
 1435 0042 27       		.uleb128 0x27
 1436 0043 19       		.uleb128 0x19
 1437 0044 00       		.byte	0
 1438 0045 00       		.byte	0
 1439 0046 07       		.uleb128 0x7
 1440 0047 26       		.uleb128 0x26
 1441 0048 00       		.byte	0
 1442 0049 49       		.uleb128 0x49
 1443 004a 13       		.uleb128 0x13
 1444 004b 00       		.byte	0
 1445 004c 00       		.byte	0
 1446 004d 08       		.uleb128 0x8
 1447 004e 01       		.uleb128 0x1
 1448 004f 01       		.byte	0x1
 1449 0050 49       		.uleb128 0x49
 1450 0051 13       		.uleb128 0x13
 1451 0052 01       		.uleb128 0x1
 1452 0053 13       		.uleb128 0x13
 1453 0054 00       		.byte	0
 1454 0055 00       		.byte	0
 1455 0056 09       		.uleb128 0x9
 1456 0057 21       		.uleb128 0x21
 1457 0058 00       		.byte	0
 1458 0059 49       		.uleb128 0x49
 1459 005a 13       		.uleb128 0x13
 1460 005b 2F       		.uleb128 0x2f
 1461 005c 0B       		.uleb128 0xb
 1462 005d 00       		.byte	0
 1463 005e 00       		.byte	0
 1464 005f 0A       		.uleb128 0xa
 1465 0060 2E       		.uleb128 0x2e
 1466 0061 01       		.byte	0x1
 1467 0062 3F       		.uleb128 0x3f
ARM GAS  C:\Users\Svilen\AppData\Local\Temp\ccRoUMOz.s 			page 29


 1468 0063 19       		.uleb128 0x19
 1469 0064 03       		.uleb128 0x3
 1470 0065 0E       		.uleb128 0xe
 1471 0066 3A       		.uleb128 0x3a
 1472 0067 0B       		.uleb128 0xb
 1473 0068 3B       		.uleb128 0x3b
 1474 0069 0B       		.uleb128 0xb
 1475 006a 27       		.uleb128 0x27
 1476 006b 19       		.uleb128 0x19
 1477 006c 11       		.uleb128 0x11
 1478 006d 01       		.uleb128 0x1
 1479 006e 12       		.uleb128 0x12
 1480 006f 06       		.uleb128 0x6
 1481 0070 40       		.uleb128 0x40
 1482 0071 18       		.uleb128 0x18
 1483 0072 9742     		.uleb128 0x2117
 1484 0074 19       		.uleb128 0x19
 1485 0075 01       		.uleb128 0x1
 1486 0076 13       		.uleb128 0x13
 1487 0077 00       		.byte	0
 1488 0078 00       		.byte	0
 1489 0079 0B       		.uleb128 0xb
 1490 007a 34       		.uleb128 0x34
 1491 007b 00       		.byte	0
 1492 007c 03       		.uleb128 0x3
 1493 007d 0E       		.uleb128 0xe
 1494 007e 3A       		.uleb128 0x3a
 1495 007f 0B       		.uleb128 0xb
 1496 0080 3B       		.uleb128 0x3b
 1497 0081 0B       		.uleb128 0xb
 1498 0082 49       		.uleb128 0x49
 1499 0083 13       		.uleb128 0x13
 1500 0084 02       		.uleb128 0x2
 1501 0085 17       		.uleb128 0x17
 1502 0086 00       		.byte	0
 1503 0087 00       		.byte	0
 1504 0088 0C       		.uleb128 0xc
 1505 0089 898201   		.uleb128 0x4109
 1506 008c 00       		.byte	0
 1507 008d 11       		.uleb128 0x11
 1508 008e 01       		.uleb128 0x1
 1509 008f 31       		.uleb128 0x31
 1510 0090 13       		.uleb128 0x13
 1511 0091 00       		.byte	0
 1512 0092 00       		.byte	0
 1513 0093 0D       		.uleb128 0xd
 1514 0094 898201   		.uleb128 0x4109
 1515 0097 01       		.byte	0x1
 1516 0098 11       		.uleb128 0x11
 1517 0099 01       		.uleb128 0x1
 1518 009a 31       		.uleb128 0x31
 1519 009b 13       		.uleb128 0x13
 1520 009c 01       		.uleb128 0x1
 1521 009d 13       		.uleb128 0x13
 1522 009e 00       		.byte	0
 1523 009f 00       		.byte	0
 1524 00a0 0E       		.uleb128 0xe
ARM GAS  C:\Users\Svilen\AppData\Local\Temp\ccRoUMOz.s 			page 30


 1525 00a1 8A8201   		.uleb128 0x410a
 1526 00a4 00       		.byte	0
 1527 00a5 02       		.uleb128 0x2
 1528 00a6 18       		.uleb128 0x18
 1529 00a7 9142     		.uleb128 0x2111
 1530 00a9 18       		.uleb128 0x18
 1531 00aa 00       		.byte	0
 1532 00ab 00       		.byte	0
 1533 00ac 0F       		.uleb128 0xf
 1534 00ad 898201   		.uleb128 0x4109
 1535 00b0 01       		.byte	0x1
 1536 00b1 11       		.uleb128 0x11
 1537 00b2 01       		.uleb128 0x1
 1538 00b3 31       		.uleb128 0x31
 1539 00b4 13       		.uleb128 0x13
 1540 00b5 00       		.byte	0
 1541 00b6 00       		.byte	0
 1542 00b7 10       		.uleb128 0x10
 1543 00b8 2E       		.uleb128 0x2e
 1544 00b9 01       		.byte	0x1
 1545 00ba 3F       		.uleb128 0x3f
 1546 00bb 19       		.uleb128 0x19
 1547 00bc 03       		.uleb128 0x3
 1548 00bd 0E       		.uleb128 0xe
 1549 00be 3A       		.uleb128 0x3a
 1550 00bf 0B       		.uleb128 0xb
 1551 00c0 3B       		.uleb128 0x3b
 1552 00c1 0B       		.uleb128 0xb
 1553 00c2 49       		.uleb128 0x49
 1554 00c3 13       		.uleb128 0x13
 1555 00c4 11       		.uleb128 0x11
 1556 00c5 01       		.uleb128 0x1
 1557 00c6 12       		.uleb128 0x12
 1558 00c7 06       		.uleb128 0x6
 1559 00c8 40       		.uleb128 0x40
 1560 00c9 18       		.uleb128 0x18
 1561 00ca 9642     		.uleb128 0x2116
 1562 00cc 19       		.uleb128 0x19
 1563 00cd 01       		.uleb128 0x1
 1564 00ce 13       		.uleb128 0x13
 1565 00cf 00       		.byte	0
 1566 00d0 00       		.byte	0
 1567 00d1 11       		.uleb128 0x11
 1568 00d2 34       		.uleb128 0x34
 1569 00d3 00       		.byte	0
 1570 00d4 03       		.uleb128 0x3
 1571 00d5 08       		.uleb128 0x8
 1572 00d6 3A       		.uleb128 0x3a
 1573 00d7 0B       		.uleb128 0xb
 1574 00d8 3B       		.uleb128 0x3b
 1575 00d9 0B       		.uleb128 0xb
 1576 00da 49       		.uleb128 0x49
 1577 00db 13       		.uleb128 0x13
 1578 00dc 02       		.uleb128 0x2
 1579 00dd 18       		.uleb128 0x18
 1580 00de 00       		.byte	0
 1581 00df 00       		.byte	0
ARM GAS  C:\Users\Svilen\AppData\Local\Temp\ccRoUMOz.s 			page 31


 1582 00e0 12       		.uleb128 0x12
 1583 00e1 34       		.uleb128 0x34
 1584 00e2 00       		.byte	0
 1585 00e3 03       		.uleb128 0x3
 1586 00e4 08       		.uleb128 0x8
 1587 00e5 3A       		.uleb128 0x3a
 1588 00e6 0B       		.uleb128 0xb
 1589 00e7 3B       		.uleb128 0x3b
 1590 00e8 0B       		.uleb128 0xb
 1591 00e9 49       		.uleb128 0x49
 1592 00ea 13       		.uleb128 0x13
 1593 00eb 02       		.uleb128 0x2
 1594 00ec 17       		.uleb128 0x17
 1595 00ed 00       		.byte	0
 1596 00ee 00       		.byte	0
 1597 00ef 13       		.uleb128 0x13
 1598 00f0 34       		.uleb128 0x34
 1599 00f1 00       		.byte	0
 1600 00f2 03       		.uleb128 0x3
 1601 00f3 0E       		.uleb128 0xe
 1602 00f4 3A       		.uleb128 0x3a
 1603 00f5 0B       		.uleb128 0xb
 1604 00f6 3B       		.uleb128 0x3b
 1605 00f7 0B       		.uleb128 0xb
 1606 00f8 49       		.uleb128 0x49
 1607 00f9 13       		.uleb128 0x13
 1608 00fa 02       		.uleb128 0x2
 1609 00fb 18       		.uleb128 0x18
 1610 00fc 00       		.byte	0
 1611 00fd 00       		.byte	0
 1612 00fe 14       		.uleb128 0x14
 1613 00ff 2E       		.uleb128 0x2e
 1614 0100 00       		.byte	0
 1615 0101 3F       		.uleb128 0x3f
 1616 0102 19       		.uleb128 0x19
 1617 0103 03       		.uleb128 0x3
 1618 0104 0E       		.uleb128 0xe
 1619 0105 3A       		.uleb128 0x3a
 1620 0106 0B       		.uleb128 0xb
 1621 0107 3B       		.uleb128 0x3b
 1622 0108 0B       		.uleb128 0xb
 1623 0109 27       		.uleb128 0x27
 1624 010a 19       		.uleb128 0x19
 1625 010b 49       		.uleb128 0x49
 1626 010c 13       		.uleb128 0x13
 1627 010d 3C       		.uleb128 0x3c
 1628 010e 19       		.uleb128 0x19
 1629 010f 00       		.byte	0
 1630 0110 00       		.byte	0
 1631 0111 15       		.uleb128 0x15
 1632 0112 2E       		.uleb128 0x2e
 1633 0113 01       		.byte	0x1
 1634 0114 3F       		.uleb128 0x3f
 1635 0115 19       		.uleb128 0x19
 1636 0116 03       		.uleb128 0x3
 1637 0117 0E       		.uleb128 0xe
 1638 0118 3A       		.uleb128 0x3a
ARM GAS  C:\Users\Svilen\AppData\Local\Temp\ccRoUMOz.s 			page 32


 1639 0119 0B       		.uleb128 0xb
 1640 011a 3B       		.uleb128 0x3b
 1641 011b 0B       		.uleb128 0xb
 1642 011c 27       		.uleb128 0x27
 1643 011d 19       		.uleb128 0x19
 1644 011e 3C       		.uleb128 0x3c
 1645 011f 19       		.uleb128 0x19
 1646 0120 01       		.uleb128 0x1
 1647 0121 13       		.uleb128 0x13
 1648 0122 00       		.byte	0
 1649 0123 00       		.byte	0
 1650 0124 16       		.uleb128 0x16
 1651 0125 05       		.uleb128 0x5
 1652 0126 00       		.byte	0
 1653 0127 49       		.uleb128 0x49
 1654 0128 13       		.uleb128 0x13
 1655 0129 00       		.byte	0
 1656 012a 00       		.byte	0
 1657 012b 17       		.uleb128 0x17
 1658 012c 2E       		.uleb128 0x2e
 1659 012d 00       		.byte	0
 1660 012e 3F       		.uleb128 0x3f
 1661 012f 19       		.uleb128 0x19
 1662 0130 03       		.uleb128 0x3
 1663 0131 0E       		.uleb128 0xe
 1664 0132 3A       		.uleb128 0x3a
 1665 0133 0B       		.uleb128 0xb
 1666 0134 3B       		.uleb128 0x3b
 1667 0135 0B       		.uleb128 0xb
 1668 0136 27       		.uleb128 0x27
 1669 0137 19       		.uleb128 0x19
 1670 0138 3C       		.uleb128 0x3c
 1671 0139 19       		.uleb128 0x19
 1672 013a 00       		.byte	0
 1673 013b 00       		.byte	0
 1674 013c 18       		.uleb128 0x18
 1675 013d 2E       		.uleb128 0x2e
 1676 013e 01       		.byte	0x1
 1677 013f 3F       		.uleb128 0x3f
 1678 0140 19       		.uleb128 0x19
 1679 0141 03       		.uleb128 0x3
 1680 0142 0E       		.uleb128 0xe
 1681 0143 3A       		.uleb128 0x3a
 1682 0144 0B       		.uleb128 0xb
 1683 0145 3B       		.uleb128 0x3b
 1684 0146 0B       		.uleb128 0xb
 1685 0147 27       		.uleb128 0x27
 1686 0148 19       		.uleb128 0x19
 1687 0149 49       		.uleb128 0x49
 1688 014a 13       		.uleb128 0x13
 1689 014b 3C       		.uleb128 0x3c
 1690 014c 19       		.uleb128 0x19
 1691 014d 01       		.uleb128 0x1
 1692 014e 13       		.uleb128 0x13
 1693 014f 00       		.byte	0
 1694 0150 00       		.byte	0
 1695 0151 19       		.uleb128 0x19
ARM GAS  C:\Users\Svilen\AppData\Local\Temp\ccRoUMOz.s 			page 33


 1696 0152 18       		.uleb128 0x18
 1697 0153 00       		.byte	0
 1698 0154 00       		.byte	0
 1699 0155 00       		.byte	0
 1700 0156 1A       		.uleb128 0x1a
 1701 0157 2E       		.uleb128 0x2e
 1702 0158 01       		.byte	0x1
 1703 0159 3F       		.uleb128 0x3f
 1704 015a 19       		.uleb128 0x19
 1705 015b 03       		.uleb128 0x3
 1706 015c 0E       		.uleb128 0xe
 1707 015d 3A       		.uleb128 0x3a
 1708 015e 0B       		.uleb128 0xb
 1709 015f 3B       		.uleb128 0x3b
 1710 0160 0B       		.uleb128 0xb
 1711 0161 27       		.uleb128 0x27
 1712 0162 19       		.uleb128 0x19
 1713 0163 49       		.uleb128 0x49
 1714 0164 13       		.uleb128 0x13
 1715 0165 3C       		.uleb128 0x3c
 1716 0166 19       		.uleb128 0x19
 1717 0167 00       		.byte	0
 1718 0168 00       		.byte	0
 1719 0169 00       		.byte	0
 1720              		.section	.debug_loc,"",%progbits
 1721              	.Ldebug_loc0:
 1722              	.LLST0:
 1723 0000 08000000 		.4byte	.LVL1
 1724 0004 16000000 		.4byte	.LVL4
 1725 0008 0100     		.2byte	0x1
 1726 000a 54       		.byte	0x54
 1727 000b 00000000 		.4byte	0
 1728 000f 00000000 		.4byte	0
 1729              	.LLST1:
 1730 0013 CC000000 		.4byte	.LVL41
 1731 0017 CE000000 		.4byte	.LVL42
 1732 001b 0100     		.2byte	0x1
 1733 001d 50       		.byte	0x50
 1734 001e CE000000 		.4byte	.LVL42
 1735 0022 D5000000 		.4byte	.LVL43-1
 1736 0026 0100     		.2byte	0x1
 1737 0028 53       		.byte	0x53
 1738 0029 44010000 		.4byte	.LVL62
 1739 002d 49010000 		.4byte	.LVL63-1
 1740 0031 0100     		.2byte	0x1
 1741 0033 50       		.byte	0x50
 1742 0034 00000000 		.4byte	0
 1743 0038 00000000 		.4byte	0
 1744              	.LLST2:
 1745 003c 4C010000 		.4byte	.LVL64
 1746 0040 4F010000 		.4byte	.LVL65-1
 1747 0044 0100     		.2byte	0x1
 1748 0046 50       		.byte	0x50
 1749 0047 4F010000 		.4byte	.LVL65-1
 1750 004b 90010000 		.4byte	.LFE35
 1751 004f 0100     		.2byte	0x1
 1752 0051 54       		.byte	0x54
ARM GAS  C:\Users\Svilen\AppData\Local\Temp\ccRoUMOz.s 			page 34


 1753 0052 00000000 		.4byte	0
 1754 0056 00000000 		.4byte	0
 1755              	.LLST3:
 1756 005a 96000000 		.4byte	.LVL30
 1757 005e 52010000 		.4byte	.LVL66
 1758 0062 0100     		.2byte	0x1
 1759 0064 55       		.byte	0x55
 1760 0065 00000000 		.4byte	0
 1761 0069 00000000 		.4byte	0
 1762              	.LLST4:
 1763 006d BA000000 		.4byte	.LVL37
 1764 0071 C2000000 		.4byte	.LVL39
 1765 0075 0100     		.2byte	0x1
 1766 0077 54       		.byte	0x54
 1767 0078 34010000 		.4byte	.LVL60
 1768 007c 4C010000 		.4byte	.LVL64
 1769 0080 0100     		.2byte	0x1
 1770 0082 54       		.byte	0x54
 1771 0083 00000000 		.4byte	0
 1772 0087 00000000 		.4byte	0
 1773              		.section	.debug_aranges,"",%progbits
 1774 0000 24000000 		.4byte	0x24
 1775 0004 0200     		.2byte	0x2
 1776 0006 00000000 		.4byte	.Ldebug_info0
 1777 000a 04       		.byte	0x4
 1778 000b 00       		.byte	0
 1779 000c 0000     		.2byte	0
 1780 000e 0000     		.2byte	0
 1781 0010 00000000 		.4byte	.LFB34
 1782 0014 18000000 		.4byte	.LFE34-.LFB34
 1783 0018 00000000 		.4byte	.LFB35
 1784 001c 90010000 		.4byte	.LFE35-.LFB35
 1785 0020 00000000 		.4byte	0
 1786 0024 00000000 		.4byte	0
 1787              		.section	.debug_ranges,"",%progbits
 1788              	.Ldebug_ranges0:
 1789 0000 00000000 		.4byte	.LFB34
 1790 0004 18000000 		.4byte	.LFE34
 1791 0008 00000000 		.4byte	.LFB35
 1792 000c 90010000 		.4byte	.LFE35
 1793 0010 00000000 		.4byte	0
 1794 0014 00000000 		.4byte	0
 1795              		.section	.debug_line,"",%progbits
 1796              	.Ldebug_line0:
 1797 0000 94020000 		.section	.debug_str,"MS",%progbits,1
 1797      02009301 
 1797      00000201 
 1797      FB0E0D00 
 1797      01010101 
 1798              	.LASF6:
 1799 0000 6C6F6E67 		.ascii	"long long int\000"
 1799      206C6F6E 
 1799      6720696E 
 1799      7400
 1800              	.LASF44:
 1801 000e 414D7578 		.ascii	"AMux_FastSelect\000"
 1801      5F466173 
ARM GAS  C:\Users\Svilen\AppData\Local\Temp\ccRoUMOz.s 			page 35


 1801      7453656C 
 1801      65637400 
 1802              	.LASF36:
 1803 001e 4C43445F 		.ascii	"LCD_WriteControl\000"
 1803      57726974 
 1803      65436F6E 
 1803      74726F6C 
 1803      00
 1804              	.LASF55:
 1805 002f 42746E73 		.ascii	"Btns_Read\000"
 1805      5F526561 
 1805      6400
 1806              	.LASF23:
 1807 0039 75566F6C 		.ascii	"uVolts\000"
 1807      747300
 1808              	.LASF3:
 1809 0040 73686F72 		.ascii	"short unsigned int\000"
 1809      7420756E 
 1809      7369676E 
 1809      65642069 
 1809      6E7400
 1810              	.LASF24:
 1811 0053 72657369 		.ascii	"resist\000"
 1811      737400
 1812              	.LASF25:
 1813 005a 6D787265 		.ascii	"mxref\000"
 1813      6600
 1814              	.LASF29:
 1815 0060 6973725F 		.ascii	"isr_BTNS_StartEx\000"
 1815      42544E53 
 1815      5F537461 
 1815      72744578 
 1815      00
 1816              	.LASF41:
 1817 0071 50696E5F 		.ascii	"Pin_out_START_Write\000"
 1817      6F75745F 
 1817      53544152 
 1817      545F5772 
 1817      69746500 
 1818              	.LASF35:
 1819 0085 43794465 		.ascii	"CyDelay\000"
 1819      6C617900 
 1820              	.LASF14:
 1821 008d 666C6F61 		.ascii	"float\000"
 1821      7400
 1822              	.LASF31:
 1823 0093 4C43445F 		.ascii	"LCD_Start\000"
 1823      53746172 
 1823      7400
 1824              	.LASF1:
 1825 009d 756E7369 		.ascii	"unsigned char\000"
 1825      676E6564 
 1825      20636861 
 1825      7200
 1826              	.LASF16:
 1827 00ab 63686172 		.ascii	"char8\000"
 1827      3800
ARM GAS  C:\Users\Svilen\AppData\Local\Temp\ccRoUMOz.s 			page 36


 1828              	.LASF12:
 1829 00b1 696E7431 		.ascii	"int16\000"
 1829      3600
 1830              	.LASF5:
 1831 00b7 6C6F6E67 		.ascii	"long unsigned int\000"
 1831      20756E73 
 1831      69676E65 
 1831      6420696E 
 1831      7400
 1832              	.LASF26:
 1833 00c9 74656D70 		.ascii	"temp\000"
 1833      00
 1834              	.LASF13:
 1835 00ce 696E7433 		.ascii	"int32\000"
 1835      3200
 1836              	.LASF51:
 1837 00d4 54686572 		.ascii	"Thermistor_GetTemperature\000"
 1837      6D697374 
 1837      6F725F47 
 1837      65745465 
 1837      6D706572 
 1838              	.LASF48:
 1839 00ee 4144435F 		.ascii	"ADC_GetResult16\000"
 1839      47657452 
 1839      6573756C 
 1839      74313600 
 1840              	.LASF22:
 1841 00fe 62746E73 		.ascii	"btns\000"
 1841      00
 1842              	.LASF47:
 1843 0103 4144435F 		.ascii	"ADC_IsEndConversion\000"
 1843      4973456E 
 1843      64436F6E 
 1843      76657273 
 1843      696F6E00 
 1844              	.LASF39:
 1845 0117 50696E5F 		.ascii	"Pin_out_V1_Write\000"
 1845      6F75745F 
 1845      56315F57 
 1845      72697465 
 1845      00
 1846              	.LASF15:
 1847 0128 646F7562 		.ascii	"double\000"
 1847      6C6500
 1848              	.LASF54:
 1849 012f 433A5C77 		.ascii	"C:\\work\\PSoC4\\Desalinator\\Desalinator.cydsn\000"
 1849      6F726B5C 
 1849      50536F43 
 1849      345C4465 
 1849      73616C69 
 1850              	.LASF53:
 1851 015b 2E5C6D61 		.ascii	".\\main.c\000"
 1851      696E2E63 
 1851      00
 1852              	.LASF34:
 1853 0164 4C43445F 		.ascii	"LCD_PrintString\000"
 1853      5072696E 
ARM GAS  C:\Users\Svilen\AppData\Local\Temp\ccRoUMOz.s 			page 37


 1853      74537472 
 1853      696E6700 
 1854              	.LASF10:
 1855 0174 75696E74 		.ascii	"uint16\000"
 1855      313600
 1856              	.LASF11:
 1857 017b 75696E74 		.ascii	"uint32\000"
 1857      333200
 1858              	.LASF21:
 1859 0182 6D61696E 		.ascii	"main\000"
 1859      00
 1860              	.LASF8:
 1861 0187 756E7369 		.ascii	"unsigned int\000"
 1861      676E6564 
 1861      20696E74 
 1861      00
 1862              	.LASF7:
 1863 0194 6C6F6E67 		.ascii	"long long unsigned int\000"
 1863      206C6F6E 
 1863      6720756E 
 1863      7369676E 
 1863      65642069 
 1864              	.LASF28:
 1865 01ab 4C43445F 		.ascii	"LCD_PrintInt8\000"
 1865      5072696E 
 1865      74496E74 
 1865      3800
 1866              	.LASF32:
 1867 01b9 4144435F 		.ascii	"ADC_Start\000"
 1867      53746172 
 1867      7400
 1868              	.LASF18:
 1869 01c3 63796973 		.ascii	"cyisraddress\000"
 1869      72616464 
 1869      72657373 
 1869      00
 1870              	.LASF19:
 1871 01d0 73697A65 		.ascii	"sizetype\000"
 1871      74797065 
 1871      00
 1872              	.LASF49:
 1873 01d9 4144435F 		.ascii	"ADC_CountsTo_uVolts\000"
 1873      436F756E 
 1873      7473546F 
 1873      5F75566F 
 1873      6C747300 
 1874              	.LASF46:
 1875 01ed 4144435F 		.ascii	"ADC_StartConvert\000"
 1875      53746172 
 1875      74436F6E 
 1875      76657274 
 1875      00
 1876              	.LASF20:
 1877 01fe 42746E49 		.ascii	"BtnInputIsr\000"
 1877      6E707574 
 1877      49737200 
 1878              	.LASF17:
ARM GAS  C:\Users\Svilen\AppData\Local\Temp\ccRoUMOz.s 			page 38


 1879 020a 63686172 		.ascii	"char\000"
 1879      00
 1880              	.LASF52:
 1881 020f 474E5520 		.ascii	"GNU C 4.9.3 20150303 (release) [ARM/embedded-4_9-br"
 1881      4320342E 
 1881      392E3320 
 1881      32303135 
 1881      30333033 
 1882 0242 616E6368 		.ascii	"anch revision 221220] -mcpu=cortex-m0 -mthumb -g -O"
 1882      20726576 
 1882      6973696F 
 1882      6E203232 
 1882      31323230 
 1883 0275 67202D66 		.ascii	"g -ffunction-sections -ffat-lto-objects\000"
 1883      66756E63 
 1883      74696F6E 
 1883      2D736563 
 1883      74696F6E 
 1884              	.LASF38:
 1885 029d 50696E5F 		.ascii	"Pin_out_HP_Write\000"
 1885      6F75745F 
 1885      48505F57 
 1885      72697465 
 1885      00
 1886              	.LASF2:
 1887 02ae 73686F72 		.ascii	"short int\000"
 1887      7420696E 
 1887      7400
 1888              	.LASF42:
 1889 02b8 50696E5F 		.ascii	"Pin_out_FLUSH_Write\000"
 1889      6F75745F 
 1889      464C5553 
 1889      485F5772 
 1889      69746500 
 1890              	.LASF40:
 1891 02cc 50696E5F 		.ascii	"Pin_out_V2_Write\000"
 1891      6F75745F 
 1891      56325F57 
 1891      72697465 
 1891      00
 1892              	.LASF9:
 1893 02dd 75696E74 		.ascii	"uint8\000"
 1893      3800
 1894              	.LASF33:
 1895 02e3 4144435F 		.ascii	"ADC_IRQ_Disable\000"
 1895      4952515F 
 1895      44697361 
 1895      626C6500 
 1896              	.LASF4:
 1897 02f3 6C6F6E67 		.ascii	"long int\000"
 1897      20696E74 
 1897      00
 1898              	.LASF43:
 1899 02fc 50696E5F 		.ascii	"Pin_out_ABN_Write\000"
 1899      6F75745F 
 1899      41424E5F 
 1899      57726974 
ARM GAS  C:\Users\Svilen\AppData\Local\Temp\ccRoUMOz.s 			page 39


 1899      6500
 1900              	.LASF0:
 1901 030e 7369676E 		.ascii	"signed char\000"
 1901      65642063 
 1901      68617200 
 1902              	.LASF30:
 1903 031a 49444143 		.ascii	"IDAC_Start\000"
 1903      5F537461 
 1903      727400
 1904              	.LASF27:
 1905 0325 4C43445F 		.ascii	"LCD_Position\000"
 1905      506F7369 
 1905      74696F6E 
 1905      00
 1906              	.LASF50:
 1907 0332 73707269 		.ascii	"sprintf\000"
 1907      6E746600 
 1908              	.LASF45:
 1909 033a 49444143 		.ascii	"IDAC_SetValue\000"
 1909      5F536574 
 1909      56616C75 
 1909      6500
 1910              	.LASF37:
 1911 0348 50696E5F 		.ascii	"Pin_out_LP_Write\000"
 1911      6F75745F 
 1911      4C505F57 
 1911      72697465 
 1911      00
 1912              		.ident	"GCC: (GNU Tools for ARM Embedded Processors) 4.9.3 20150303 (release) [ARM/embedded-4_9-br
